{"/Users/jaspreetsworkstation/MVP/src/background/burner-email-service.ts": {"path":"/Users/jaspreetsworkstation/MVP/src/background/burner-email-service.ts","statementMap":{"0":{"start":{"line":9,"column":42},"end":{"line":9,"column":null}},"1":{"start":{"line":10,"column":32},"end":{"line":10,"column":null}},"2":{"start":{"line":11,"column":36},"end":{"line":11,"column":null}},"3":{"start":{"line":14,"column":39},"end":{"line":14,"column":null}},"4":{"start":{"line":15,"column":32},"end":{"line":15,"column":null}},"5":{"start":{"line":16,"column":46},"end":{"line":16,"column":null}},"6":{"start":{"line":17,"column":47},"end":{"line":17,"column":null}},"7":{"start":{"line":18,"column":38},"end":{"line":18,"column":null}},"8":{"start":{"line":19,"column":38},"end":{"line":19,"column":null}},"9":{"start":{"line":22,"column":4},"end":{"line":22,"column":null}},"10":{"start":{"line":23,"column":4},"end":{"line":23,"column":null}},"11":{"start":{"line":27,"column":4},"end":{"line":27,"column":null}},"12":{"start":{"line":28,"column":4},"end":{"line":31,"column":null}},"13":{"start":{"line":35,"column":19},"end":{"line":35,"column":null}},"14":{"start":{"line":37,"column":4},"end":{"line":39,"column":null}},"15":{"start":{"line":38,"column":6},"end":{"line":38,"column":null}},"16":{"start":{"line":41,"column":18},"end":{"line":41,"column":null}},"17":{"start":{"line":42,"column":4},"end":{"line":42,"column":null}},"18":{"start":{"line":43,"column":4},"end":{"line":43,"column":null}},"19":{"start":{"line":47,"column":4},"end":{"line":49,"column":null}},"20":{"start":{"line":48,"column":6},"end":{"line":48,"column":null}},"21":{"start":{"line":50,"column":19},"end":{"line":50,"column":null}},"22":{"start":{"line":51,"column":4},"end":{"line":54,"column":null}},"23":{"start":{"line":52,"column":6},"end":{"line":52,"column":null}},"24":{"start":{"line":53,"column":6},"end":{"line":53,"column":null}},"25":{"start":{"line":55,"column":4},"end":{"line":55,"column":null}},"26":{"start":{"line":59,"column":20},"end":{"line":59,"column":null}},"27":{"start":{"line":60,"column":16},"end":{"line":66,"column":null}},"28":{"start":{"line":67,"column":22},"end":{"line":67,"column":null}},"29":{"start":{"line":68,"column":18},"end":{"line":68,"column":null}},"30":{"start":{"line":69,"column":17},"end":{"line":69,"column":null}},"31":{"start":{"line":70,"column":4},"end":{"line":70,"column":null}},"32":{"start":{"line":70,"column":24},"end":{"line":70,"column":57}},"33":{"start":{"line":71,"column":4},"end":{"line":71,"column":null}},"34":{"start":{"line":75,"column":4},"end":{"line":77,"column":null}},"35":{"start":{"line":76,"column":6},"end":{"line":76,"column":null}},"36":{"start":{"line":78,"column":4},"end":{"line":80,"column":null}},"37":{"start":{"line":79,"column":6},"end":{"line":79,"column":null}},"38":{"start":{"line":82,"column":22},"end":{"line":82,"column":null}},"39":{"start":{"line":83,"column":19},"end":{"line":83,"column":null}},"40":{"start":{"line":84,"column":22},"end":{"line":86,"column":null}},"41":{"start":{"line":88,"column":21},"end":{"line":99,"column":null}},"42":{"start":{"line":101,"column":4},"end":{"line":104,"column":null}},"43":{"start":{"line":102,"column":19},"end":{"line":102,"column":null}},"44":{"start":{"line":103,"column":6},"end":{"line":103,"column":null}},"45":{"start":{"line":106,"column":17},"end":{"line":106,"column":null}},"46":{"start":{"line":108,"column":4},"end":{"line":111,"column":null}},"47":{"start":{"line":109,"column":6},"end":{"line":109,"column":null}},"48":{"start":{"line":110,"column":6},"end":{"line":110,"column":null}},"49":{"start":{"line":113,"column":4},"end":{"line":115,"column":null}},"50":{"start":{"line":114,"column":6},"end":{"line":114,"column":null}},"51":{"start":{"line":117,"column":22},"end":{"line":117,"column":null}},"52":{"start":{"line":118,"column":4},"end":{"line":118,"column":null}},"53":{"start":{"line":119,"column":4},"end":{"line":119,"column":null}},"54":{"start":{"line":120,"column":4},"end":{"line":120,"column":null}},"55":{"start":{"line":124,"column":19},"end":{"line":124,"column":null}},"56":{"start":{"line":125,"column":4},"end":{"line":127,"column":null}},"57":{"start":{"line":126,"column":6},"end":{"line":126,"column":null}},"58":{"start":{"line":128,"column":4},"end":{"line":128,"column":null}},"59":{"start":{"line":132,"column":18},"end":{"line":132,"column":null}},"60":{"start":{"line":133,"column":17},"end":{"line":133,"column":null}},"61":{"start":{"line":134,"column":20},"end":{"line":134,"column":null}},"62":{"start":{"line":135,"column":4},"end":{"line":135,"column":null}},"63":{"start":{"line":136,"column":4},"end":{"line":136,"column":null}},"64":{"start":{"line":137,"column":34},"end":{"line":140,"column":null}},"65":{"start":{"line":141,"column":21},"end":{"line":141,"column":null}},"66":{"start":{"line":142,"column":4},"end":{"line":145,"column":null}},"67":{"start":{"line":143,"column":6},"end":{"line":143,"column":null}},"68":{"start":{"line":144,"column":6},"end":{"line":144,"column":null}},"69":{"start":{"line":146,"column":4},"end":{"line":146,"column":null}},"70":{"start":{"line":150,"column":4},"end":{"line":150,"column":null}},"71":{"start":{"line":151,"column":4},"end":{"line":252,"column":null}},"72":{"start":{"line":152,"column":24},"end":{"line":152,"column":null}},"73":{"start":{"line":153,"column":6},"end":{"line":153,"column":null}},"74":{"start":{"line":154,"column":6},"end":{"line":157,"column":null}},"75":{"start":{"line":155,"column":8},"end":{"line":155,"column":null}},"76":{"start":{"line":156,"column":8},"end":{"line":156,"column":null}},"77":{"start":{"line":160,"column":24},"end":{"line":160,"column":null}},"78":{"start":{"line":161,"column":6},"end":{"line":161,"column":null}},"79":{"start":{"line":162,"column":6},"end":{"line":165,"column":null}},"80":{"start":{"line":163,"column":8},"end":{"line":163,"column":null}},"81":{"start":{"line":164,"column":8},"end":{"line":164,"column":null}},"82":{"start":{"line":169,"column":12},"end":{"line":169,"column":null}},"83":{"start":{"line":170,"column":6},"end":{"line":173,"column":null}},"84":{"start":{"line":171,"column":8},"end":{"line":171,"column":null}},"85":{"start":{"line":172,"column":8},"end":{"line":172,"column":null}},"86":{"start":{"line":174,"column":33},"end":{"line":174,"column":null}},"87":{"start":{"line":176,"column":6},"end":{"line":178,"column":null}},"88":{"start":{"line":177,"column":8},"end":{"line":177,"column":null}},"89":{"start":{"line":183,"column":21},"end":{"line":183,"column":null}},"90":{"start":{"line":184,"column":6},"end":{"line":187,"column":null}},"91":{"start":{"line":185,"column":8},"end":{"line":185,"column":null}},"92":{"start":{"line":186,"column":8},"end":{"line":186,"column":null}},"93":{"start":{"line":189,"column":26},"end":{"line":195,"column":null}},"94":{"start":{"line":197,"column":22},"end":{"line":197,"column":null}},"95":{"start":{"line":198,"column":23},"end":{"line":204,"column":null}},"96":{"start":{"line":198,"column":70},"end":{"line":204,"column":8}},"97":{"start":{"line":206,"column":6},"end":{"line":206,"column":null}},"98":{"start":{"line":208,"column":27},"end":{"line":208,"column":null}},"99":{"start":{"line":211,"column":6},"end":{"line":216,"column":null}},"100":{"start":{"line":212,"column":8},"end":{"line":212,"column":null}},"101":{"start":{"line":214,"column":8},"end":{"line":214,"column":null}},"102":{"start":{"line":215,"column":8},"end":{"line":215,"column":null}},"103":{"start":{"line":218,"column":6},"end":{"line":225,"column":null}},"104":{"start":{"line":220,"column":25},"end":{"line":222,"column":null}},"105":{"start":{"line":223,"column":8},"end":{"line":223,"column":null}},"106":{"start":{"line":224,"column":8},"end":{"line":224,"column":null}},"107":{"start":{"line":227,"column":6},"end":{"line":234,"column":null}},"108":{"start":{"line":229,"column":25},"end":{"line":231,"column":null}},"109":{"start":{"line":232,"column":8},"end":{"line":232,"column":null}},"110":{"start":{"line":233,"column":8},"end":{"line":233,"column":null}},"111":{"start":{"line":236,"column":6},"end":{"line":239,"column":null}},"112":{"start":{"line":237,"column":8},"end":{"line":237,"column":null}},"113":{"start":{"line":238,"column":8},"end":{"line":238,"column":null}},"114":{"start":{"line":241,"column":6},"end":{"line":241,"column":null}},"115":{"start":{"line":244,"column":6},"end":{"line":244,"column":null}},"116":{"start":{"line":245,"column":6},"end":{"line":245,"column":null}},"117":{"start":{"line":247,"column":6},"end":{"line":247,"column":null}},"118":{"start":{"line":249,"column":12},"end":{"line":249,"column":null}},"119":{"start":{"line":250,"column":6},"end":{"line":250,"column":null}},"120":{"start":{"line":251,"column":6},"end":{"line":251,"column":null}},"121":{"start":{"line":256,"column":4},"end":{"line":291,"column":null}},"122":{"start":{"line":258,"column":6},"end":{"line":261,"column":null}},"123":{"start":{"line":259,"column":8},"end":{"line":259,"column":null}},"124":{"start":{"line":260,"column":8},"end":{"line":260,"column":null}},"125":{"start":{"line":263,"column":6},"end":{"line":265,"column":null}},"126":{"start":{"line":264,"column":8},"end":{"line":264,"column":null}},"127":{"start":{"line":267,"column":23},"end":{"line":272,"column":null}},"128":{"start":{"line":269,"column":15},"end":{"line":271,"column":null}},"129":{"start":{"line":274,"column":19},"end":{"line":274,"column":null}},"130":{"start":{"line":276,"column":6},"end":{"line":278,"column":null}},"131":{"start":{"line":277,"column":8},"end":{"line":277,"column":null}},"132":{"start":{"line":280,"column":21},"end":{"line":280,"column":null}},"133":{"start":{"line":283,"column":6},"end":{"line":283,"column":null}},"134":{"start":{"line":284,"column":6},"end":{"line":284,"column":null}},"135":{"start":{"line":285,"column":6},"end":{"line":285,"column":null}},"136":{"start":{"line":287,"column":6},"end":{"line":287,"column":null}},"137":{"start":{"line":289,"column":6},"end":{"line":289,"column":null}},"138":{"start":{"line":290,"column":6},"end":{"line":290,"column":null}},"139":{"start":{"line":295,"column":4},"end":{"line":321,"column":null}},"140":{"start":{"line":296,"column":6},"end":{"line":298,"column":null}},"141":{"start":{"line":297,"column":8},"end":{"line":297,"column":null}},"142":{"start":{"line":300,"column":23},"end":{"line":305,"column":null}},"143":{"start":{"line":302,"column":15},"end":{"line":304,"column":null}},"144":{"start":{"line":307,"column":19},"end":{"line":307,"column":null}},"145":{"start":{"line":309,"column":6},"end":{"line":311,"column":null}},"146":{"start":{"line":310,"column":8},"end":{"line":310,"column":null}},"147":{"start":{"line":313,"column":6},"end":{"line":313,"column":null}},"148":{"start":{"line":316,"column":6},"end":{"line":316,"column":null}},"149":{"start":{"line":317,"column":6},"end":{"line":317,"column":null}},"150":{"start":{"line":319,"column":6},"end":{"line":319,"column":null}},"151":{"start":{"line":320,"column":6},"end":{"line":320,"column":null}},"152":{"start":{"line":325,"column":4},"end":{"line":331,"column":null}},"153":{"start":{"line":326,"column":6},"end":{"line":326,"column":null}},"154":{"start":{"line":327,"column":6},"end":{"line":327,"column":null}},"155":{"start":{"line":329,"column":6},"end":{"line":329,"column":null}},"156":{"start":{"line":330,"column":6},"end":{"line":330,"column":null}},"157":{"start":{"line":335,"column":34},"end":{"line":335,"column":null}}},"fnMap":{"0":{"name":"(anonymous_0)","decl":{"start":{"line":21,"column":2},"end":{"line":21,"column":16}},"loc":{"start":{"line":21,"column":16},"end":{"line":24,"column":null}},"line":21},"1":{"name":"(anonymous_1)","decl":{"start":{"line":26,"column":8},"end":{"line":26,"column":36}},"loc":{"start":{"line":26,"column":36},"end":{"line":32,"column":null}},"line":26},"2":{"name":"(anonymous_2)","decl":{"start":{"line":34,"column":16},"end":{"line":34,"column":61}},"loc":{"start":{"line":34,"column":61},"end":{"line":44,"column":null}},"line":34},"3":{"name":"(anonymous_3)","decl":{"start":{"line":46,"column":16},"end":{"line":46,"column":64}},"loc":{"start":{"line":46,"column":64},"end":{"line":56,"column":null}},"line":46},"4":{"name":"(anonymous_4)","decl":{"start":{"line":58,"column":16},"end":{"line":58,"column":33}},"loc":{"start":{"line":58,"column":83},"end":{"line":72,"column":null}},"line":58},"5":{"name":"(anonymous_5)","decl":{"start":{"line":70,"column":18},"end":{"line":70,"column":24}},"loc":{"start":{"line":70,"column":24},"end":{"line":70,"column":57}},"line":70},"6":{"name":"(anonymous_6)","decl":{"start":{"line":74,"column":16},"end":{"line":74,"column":52}},"loc":{"start":{"line":74,"column":52},"end":{"line":121,"column":null}},"line":74},"7":{"name":"(anonymous_7)","decl":{"start":{"line":123,"column":16},"end":{"line":123,"column":30}},"loc":{"start":{"line":123,"column":69},"end":{"line":129,"column":null}},"line":123},"8":{"name":"(anonymous_8)","decl":{"start":{"line":131,"column":16},"end":{"line":131,"column":32}},"loc":{"start":{"line":131,"column":109},"end":{"line":147,"column":null}},"line":131},"9":{"name":"(anonymous_9)","decl":{"start":{"line":149,"column":8},"end":{"line":149,"column":22}},"loc":{"start":{"line":149,"column":85},"end":{"line":253,"column":null}},"line":149},"10":{"name":"(anonymous_10)","decl":{"start":{"line":198,"column":63},"end":{"line":198,"column":70}},"loc":{"start":{"line":198,"column":70},"end":{"line":204,"column":8}},"line":198},"11":{"name":"(anonymous_11)","decl":{"start":{"line":255,"column":8},"end":{"line":255,"column":18}},"loc":{"start":{"line":255,"column":64},"end":{"line":292,"column":null}},"line":255},"12":{"name":"(anonymous_12)","decl":{"start":{"line":269,"column":8},"end":{"line":269,"column":15}},"loc":{"start":{"line":269,"column":15},"end":{"line":271,"column":null}},"line":269},"13":{"name":"(anonymous_13)","decl":{"start":{"line":294,"column":8},"end":{"line":294,"column":20}},"loc":{"start":{"line":294,"column":52},"end":{"line":322,"column":null}},"line":294},"14":{"name":"(anonymous_14)","decl":{"start":{"line":302,"column":8},"end":{"line":302,"column":15}},"loc":{"start":{"line":302,"column":15},"end":{"line":304,"column":null}},"line":302},"15":{"name":"(anonymous_15)","decl":{"start":{"line":324,"column":8},"end":{"line":324,"column":24}},"loc":{"start":{"line":324,"column":54},"end":{"line":332,"column":null}},"line":324}},"branchMap":{"0":{"loc":{"start":{"line":37,"column":4},"end":{"line":39,"column":null}},"type":"if","locations":[{"start":{"line":37,"column":4},"end":{"line":39,"column":null}},{"start":{},"end":{}}],"line":37},"1":{"loc":{"start":{"line":47,"column":4},"end":{"line":49,"column":null}},"type":"if","locations":[{"start":{"line":47,"column":4},"end":{"line":49,"column":null}},{"start":{},"end":{}}],"line":47},"2":{"loc":{"start":{"line":51,"column":4},"end":{"line":54,"column":null}},"type":"if","locations":[{"start":{"line":51,"column":4},"end":{"line":54,"column":null}},{"start":{},"end":{}}],"line":51},"3":{"loc":{"start":{"line":51,"column":8},"end":{"line":51,"column":58}},"type":"binary-expr","locations":[{"start":{"line":51,"column":8},"end":{"line":51,"column":18}},{"start":{"line":51,"column":18},"end":{"line":51,"column":58}}],"line":51},"4":{"loc":{"start":{"line":75,"column":4},"end":{"line":77,"column":null}},"type":"if","locations":[{"start":{"line":75,"column":4},"end":{"line":77,"column":null}},{"start":{},"end":{}}],"line":75},"5":{"loc":{"start":{"line":78,"column":4},"end":{"line":80,"column":null}},"type":"if","locations":[{"start":{"line":78,"column":4},"end":{"line":80,"column":null}},{"start":{},"end":{}}],"line":78},"6":{"loc":{"start":{"line":84,"column":22},"end":{"line":86,"column":null}},"type":"cond-expr","locations":[{"start":{"line":85,"column":8},"end":{"line":85,"column":null}},{"start":{"line":86,"column":8},"end":{"line":86,"column":null}}],"line":84},"7":{"loc":{"start":{"line":97,"column":12},"end":{"line":97,"column":null}},"type":"cond-expr","locations":[{"start":{"line":97,"column":24},"end":{"line":97,"column":40}},{"start":{"line":97,"column":40},"end":{"line":97,"column":null}}],"line":97},"8":{"loc":{"start":{"line":101,"column":4},"end":{"line":104,"column":null}},"type":"if","locations":[{"start":{"line":101,"column":4},"end":{"line":104,"column":null}},{"start":{},"end":{}}],"line":101},"9":{"loc":{"start":{"line":108,"column":4},"end":{"line":111,"column":null}},"type":"if","locations":[{"start":{"line":108,"column":4},"end":{"line":111,"column":null}},{"start":{},"end":{}}],"line":108},"10":{"loc":{"start":{"line":113,"column":4},"end":{"line":115,"column":null}},"type":"if","locations":[{"start":{"line":113,"column":4},"end":{"line":115,"column":null}},{"start":{},"end":{}}],"line":113},"11":{"loc":{"start":{"line":117,"column":22},"end":{"line":117,"column":null}},"type":"cond-expr","locations":[{"start":{"line":117,"column":39},"end":{"line":117,"column":76}},{"start":{"line":117,"column":76},"end":{"line":117,"column":null}}],"line":117},"12":{"loc":{"start":{"line":123,"column":30},"end":{"line":123,"column":69}},"type":"default-arg","locations":[{"start":{"line":123,"column":45},"end":{"line":123,"column":69}}],"line":123},"13":{"loc":{"start":{"line":125,"column":4},"end":{"line":127,"column":null}},"type":"if","locations":[{"start":{"line":125,"column":4},"end":{"line":127,"column":null}},{"start":{},"end":{}}],"line":125},"14":{"loc":{"start":{"line":125,"column":8},"end":{"line":125,"column":87}},"type":"binary-expr","locations":[{"start":{"line":125,"column":8},"end":{"line":125,"column":25}},{"start":{"line":125,"column":25},"end":{"line":125,"column":46}},{"start":{"line":125,"column":46},"end":{"line":125,"column":87}}],"line":125},"15":{"loc":{"start":{"line":131,"column":77},"end":{"line":131,"column":109}},"type":"default-arg","locations":[{"start":{"line":131,"column":87},"end":{"line":131,"column":109}}],"line":131},"16":{"loc":{"start":{"line":134,"column":32},"end":{"line":134,"column":50}},"type":"binary-expr","locations":[{"start":{"line":134,"column":32},"end":{"line":134,"column":48}},{"start":{"line":134,"column":48},"end":{"line":134,"column":50}}],"line":134},"17":{"loc":{"start":{"line":142,"column":4},"end":{"line":145,"column":null}},"type":"if","locations":[{"start":{"line":142,"column":4},"end":{"line":145,"column":null}},{"start":{},"end":{}}],"line":142},"18":{"loc":{"start":{"line":142,"column":8},"end":{"line":142,"column":76}},"type":"binary-expr","locations":[{"start":{"line":142,"column":8},"end":{"line":142,"column":35}},{"start":{"line":142,"column":35},"end":{"line":142,"column":76}}],"line":142},"19":{"loc":{"start":{"line":154,"column":6},"end":{"line":157,"column":null}},"type":"if","locations":[{"start":{"line":154,"column":6},"end":{"line":157,"column":null}},{"start":{},"end":{}}],"line":154},"20":{"loc":{"start":{"line":162,"column":6},"end":{"line":165,"column":null}},"type":"if","locations":[{"start":{"line":162,"column":6},"end":{"line":165,"column":null}},{"start":{},"end":{}}],"line":162},"21":{"loc":{"start":{"line":170,"column":6},"end":{"line":173,"column":null}},"type":"if","locations":[{"start":{"line":170,"column":6},"end":{"line":173,"column":null}},{"start":{},"end":{}}],"line":170},"22":{"loc":{"start":{"line":171,"column":86},"end":{"line":171,"column":126}},"type":"binary-expr","locations":[{"start":{"line":171,"column":86},"end":{"line":171,"column":111}},{"start":{"line":171,"column":111},"end":{"line":171,"column":126}}],"line":171},"23":{"loc":{"start":{"line":176,"column":6},"end":{"line":178,"column":null}},"type":"if","locations":[{"start":{"line":176,"column":6},"end":{"line":178,"column":null}},{"start":{},"end":{}}],"line":176},"24":{"loc":{"start":{"line":184,"column":6},"end":{"line":187,"column":null}},"type":"if","locations":[{"start":{"line":184,"column":6},"end":{"line":187,"column":null}},{"start":{},"end":{}}],"line":184},"25":{"loc":{"start":{"line":184,"column":10},"end":{"line":184,"column":46}},"type":"binary-expr","locations":[{"start":{"line":184,"column":10},"end":{"line":184,"column":22}},{"start":{"line":184,"column":22},"end":{"line":184,"column":46}}],"line":184},"26":{"loc":{"start":{"line":193,"column":13},"end":{"line":193,"column":null}},"type":"binary-expr","locations":[{"start":{"line":193,"column":13},"end":{"line":193,"column":25}},{"start":{"line":193,"column":25},"end":{"line":193,"column":null}}],"line":193},"27":{"loc":{"start":{"line":194,"column":15},"end":{"line":194,"column":null}},"type":"binary-expr","locations":[{"start":{"line":194,"column":15},"end":{"line":194,"column":24}},{"start":{"line":194,"column":24},"end":{"line":194,"column":null}}],"line":194},"28":{"loc":{"start":{"line":218,"column":6},"end":{"line":225,"column":null}},"type":"if","locations":[{"start":{"line":218,"column":6},"end":{"line":225,"column":null}},{"start":{},"end":{}}],"line":218},"29":{"loc":{"start":{"line":220,"column":25},"end":{"line":222,"column":null}},"type":"cond-expr","locations":[{"start":{"line":221,"column":12},"end":{"line":221,"column":null}},{"start":{"line":222,"column":13},"end":{"line":222,"column":null}}],"line":220},"30":{"loc":{"start":{"line":222,"column":13},"end":{"line":222,"column":null}},"type":"binary-expr","locations":[{"start":{"line":222,"column":13},"end":{"line":222,"column":27}},{"start":{"line":222,"column":27},"end":{"line":222,"column":43}},{"start":{"line":222,"column":43},"end":{"line":222,"column":null}}],"line":222},"31":{"loc":{"start":{"line":227,"column":6},"end":{"line":234,"column":null}},"type":"if","locations":[{"start":{"line":227,"column":6},"end":{"line":234,"column":null}},{"start":{},"end":{}}],"line":227},"32":{"loc":{"start":{"line":229,"column":25},"end":{"line":231,"column":null}},"type":"cond-expr","locations":[{"start":{"line":230,"column":12},"end":{"line":230,"column":null}},{"start":{"line":231,"column":13},"end":{"line":231,"column":null}}],"line":229},"33":{"loc":{"start":{"line":231,"column":13},"end":{"line":231,"column":null}},"type":"binary-expr","locations":[{"start":{"line":231,"column":13},"end":{"line":231,"column":27}},{"start":{"line":231,"column":27},"end":{"line":231,"column":43}},{"start":{"line":231,"column":43},"end":{"line":231,"column":null}}],"line":231},"34":{"loc":{"start":{"line":236,"column":6},"end":{"line":239,"column":null}},"type":"if","locations":[{"start":{"line":236,"column":6},"end":{"line":239,"column":null}},{"start":{},"end":{}}],"line":236},"35":{"loc":{"start":{"line":236,"column":10},"end":{"line":236,"column":52}},"type":"binary-expr","locations":[{"start":{"line":236,"column":10},"end":{"line":236,"column":25}},{"start":{"line":236,"column":25},"end":{"line":236,"column":52}}],"line":236},"36":{"loc":{"start":{"line":255,"column":18},"end":{"line":255,"column":64}},"type":"default-arg","locations":[{"start":{"line":255,"column":33},"end":{"line":255,"column":64}}],"line":255},"37":{"loc":{"start":{"line":258,"column":6},"end":{"line":261,"column":null}},"type":"if","locations":[{"start":{"line":258,"column":6},"end":{"line":261,"column":null}},{"start":{},"end":{}}],"line":258},"38":{"loc":{"start":{"line":258,"column":10},"end":{"line":258,"column":85}},"type":"binary-expr","locations":[{"start":{"line":258,"column":10},"end":{"line":258,"column":27}},{"start":{"line":258,"column":27},"end":{"line":258,"column":48}},{"start":{"line":258,"column":48},"end":{"line":258,"column":85}}],"line":258},"39":{"loc":{"start":{"line":263,"column":6},"end":{"line":265,"column":null}},"type":"if","locations":[{"start":{"line":263,"column":6},"end":{"line":265,"column":null}},{"start":{},"end":{}}],"line":263},"40":{"loc":{"start":{"line":276,"column":6},"end":{"line":278,"column":null}},"type":"if","locations":[{"start":{"line":276,"column":6},"end":{"line":278,"column":null}},{"start":{},"end":{}}],"line":276},"41":{"loc":{"start":{"line":276,"column":10},"end":{"line":276,"column":41}},"type":"binary-expr","locations":[{"start":{"line":276,"column":10},"end":{"line":276,"column":26}},{"start":{"line":276,"column":26},"end":{"line":276,"column":41}}],"line":276},"42":{"loc":{"start":{"line":277,"column":24},"end":{"line":277,"column":69}},"type":"binary-expr","locations":[{"start":{"line":277,"column":24},"end":{"line":277,"column":38}},{"start":{"line":277,"column":38},"end":{"line":277,"column":69}}],"line":277},"43":{"loc":{"start":{"line":280,"column":21},"end":{"line":280,"column":null}},"type":"binary-expr","locations":[{"start":{"line":280,"column":21},"end":{"line":280,"column":36}},{"start":{"line":280,"column":36},"end":{"line":280,"column":null}}],"line":280},"44":{"loc":{"start":{"line":296,"column":6},"end":{"line":298,"column":null}},"type":"if","locations":[{"start":{"line":296,"column":6},"end":{"line":298,"column":null}},{"start":{},"end":{}}],"line":296},"45":{"loc":{"start":{"line":309,"column":6},"end":{"line":311,"column":null}},"type":"if","locations":[{"start":{"line":309,"column":6},"end":{"line":311,"column":null}},{"start":{},"end":{}}],"line":309},"46":{"loc":{"start":{"line":309,"column":10},"end":{"line":309,"column":41}},"type":"binary-expr","locations":[{"start":{"line":309,"column":10},"end":{"line":309,"column":26}},{"start":{"line":309,"column":26},"end":{"line":309,"column":41}}],"line":309},"47":{"loc":{"start":{"line":310,"column":24},"end":{"line":310,"column":69}},"type":"binary-expr","locations":[{"start":{"line":310,"column":24},"end":{"line":310,"column":38}},{"start":{"line":310,"column":38},"end":{"line":310,"column":69}}],"line":310}},"s":{"0":1,"1":1,"2":1,"3":1,"4":1,"5":1,"6":1,"7":1,"8":1,"9":1,"10":1,"11":0,"12":0,"13":0,"14":0,"15":0,"16":0,"17":0,"18":0,"19":0,"20":0,"21":0,"22":0,"23":0,"24":0,"25":0,"26":1,"27":1,"28":1,"29":1,"30":1,"31":1,"32":32,"33":1,"34":0,"35":0,"36":0,"37":0,"38":0,"39":0,"40":0,"41":0,"42":0,"43":0,"44":0,"45":0,"46":0,"47":0,"48":0,"49":0,"50":0,"51":0,"52":0,"53":0,"54":0,"55":0,"56":0,"57":0,"58":0,"59":3,"60":3,"61":3,"62":3,"63":3,"64":3,"65":3,"66":3,"67":1,"68":1,"69":2,"70":0,"71":0,"72":0,"73":0,"74":0,"75":0,"76":0,"77":0,"78":0,"79":0,"80":0,"81":0,"82":0,"83":0,"84":0,"85":0,"86":0,"87":0,"88":0,"89":0,"90":0,"91":0,"92":0,"93":0,"94":0,"95":0,"96":0,"97":0,"98":0,"99":0,"100":0,"101":0,"102":0,"103":0,"104":0,"105":0,"106":0,"107":0,"108":0,"109":0,"110":0,"111":0,"112":0,"113":0,"114":0,"115":0,"116":0,"117":0,"118":0,"119":0,"120":0,"121":0,"122":0,"123":0,"124":0,"125":0,"126":0,"127":0,"128":0,"129":0,"130":0,"131":0,"132":0,"133":0,"134":0,"135":0,"136":0,"137":0,"138":0,"139":0,"140":0,"141":0,"142":0,"143":0,"144":0,"145":0,"146":0,"147":0,"148":0,"149":0,"150":0,"151":0,"152":0,"153":0,"154":0,"155":0,"156":0,"157":1},"f":{"0":1,"1":0,"2":0,"3":0,"4":1,"5":32,"6":0,"7":0,"8":3,"9":0,"10":0,"11":0,"12":0,"13":0,"14":0,"15":0},"b":{"0":[0,0],"1":[0,0],"2":[0,0],"3":[0,0],"4":[0,0],"5":[0,0],"6":[0,0],"7":[0,0],"8":[0,0],"9":[0,0],"10":[0,0],"11":[0,0],"12":[0],"13":[0,0],"14":[0,0,0],"15":[3],"16":[3,3],"17":[1,2],"18":[3,1],"19":[0,0],"20":[0,0],"21":[0,0],"22":[0,0],"23":[0,0],"24":[0,0],"25":[0,0],"26":[0,0],"27":[0,0],"28":[0,0],"29":[0,0],"30":[0,0,0],"31":[0,0],"32":[0,0],"33":[0,0,0],"34":[0,0],"35":[0,0],"36":[0],"37":[0,0],"38":[0,0,0],"39":[0,0],"40":[0,0],"41":[0,0],"42":[0,0],"43":[0,0],"44":[0,0],"45":[0,0],"46":[0,0],"47":[0,0]},"meta":{"lastBranch":48,"lastFunction":16,"lastStatement":158,"seen":{"s:9:42:9:Infinity":0,"s:10:32:10:Infinity":1,"s:11:36:11:Infinity":2,"s:14:39:14:Infinity":3,"s:15:32:15:Infinity":4,"s:16:46:16:Infinity":5,"s:17:47:17:Infinity":6,"s:18:38:18:Infinity":7,"s:19:38:19:Infinity":8,"f:21:2:21:16":0,"s:22:4:22:Infinity":9,"s:23:4:23:Infinity":10,"f:26:8:26:36":1,"s:27:4:27:Infinity":11,"s:28:4:31:Infinity":12,"f:34:16:34:61":2,"s:35:19:35:Infinity":13,"b:37:4:39:Infinity:undefined:undefined:undefined:undefined":0,"s:37:4:39:Infinity":14,"s:38:6:38:Infinity":15,"s:41:18:41:Infinity":16,"s:42:4:42:Infinity":17,"s:43:4:43:Infinity":18,"f:46:16:46:64":3,"b:47:4:49:Infinity:undefined:undefined:undefined:undefined":1,"s:47:4:49:Infinity":19,"s:48:6:48:Infinity":20,"s:50:19:50:Infinity":21,"b:51:4:54:Infinity:undefined:undefined:undefined:undefined":2,"s:51:4:54:Infinity":22,"b:51:8:51:18:51:18:51:58":3,"s:52:6:52:Infinity":23,"s:53:6:53:Infinity":24,"s:55:4:55:Infinity":25,"f:58:16:58:33":4,"s:59:20:59:Infinity":26,"s:60:16:66:Infinity":27,"s:67:22:67:Infinity":28,"s:68:18:68:Infinity":29,"s:69:17:69:Infinity":30,"s:70:4:70:Infinity":31,"f:70:18:70:24":5,"s:70:24:70:57":32,"s:71:4:71:Infinity":33,"f:74:16:74:52":6,"b:75:4:77:Infinity:undefined:undefined:undefined:undefined":4,"s:75:4:77:Infinity":34,"s:76:6:76:Infinity":35,"b:78:4:80:Infinity:undefined:undefined:undefined:undefined":5,"s:78:4:80:Infinity":36,"s:79:6:79:Infinity":37,"s:82:22:82:Infinity":38,"s:83:19:83:Infinity":39,"s:84:22:86:Infinity":40,"b:85:8:85:Infinity:86:8:86:Infinity":6,"s:88:21:99:Infinity":41,"b:97:24:97:40:97:40:97:Infinity":7,"b:101:4:104:Infinity:undefined:undefined:undefined:undefined":8,"s:101:4:104:Infinity":42,"s:102:19:102:Infinity":43,"s:103:6:103:Infinity":44,"s:106:17:106:Infinity":45,"b:108:4:111:Infinity:undefined:undefined:undefined:undefined":9,"s:108:4:111:Infinity":46,"s:109:6:109:Infinity":47,"s:110:6:110:Infinity":48,"b:113:4:115:Infinity:undefined:undefined:undefined:undefined":10,"s:113:4:115:Infinity":49,"s:114:6:114:Infinity":50,"s:117:22:117:Infinity":51,"b:117:39:117:76:117:76:117:Infinity":11,"s:118:4:118:Infinity":52,"s:119:4:119:Infinity":53,"s:120:4:120:Infinity":54,"f:123:16:123:30":7,"b:123:45:123:69":12,"s:124:19:124:Infinity":55,"b:125:4:127:Infinity:undefined:undefined:undefined:undefined":13,"s:125:4:127:Infinity":56,"b:125:8:125:25:125:25:125:46:125:46:125:87":14,"s:126:6:126:Infinity":57,"s:128:4:128:Infinity":58,"f:131:16:131:32":8,"b:131:87:131:109":15,"s:132:18:132:Infinity":59,"s:133:17:133:Infinity":60,"s:134:20:134:Infinity":61,"b:134:32:134:48:134:48:134:50":16,"s:135:4:135:Infinity":62,"s:136:4:136:Infinity":63,"s:137:34:140:Infinity":64,"s:141:21:141:Infinity":65,"b:142:4:145:Infinity:undefined:undefined:undefined:undefined":17,"s:142:4:145:Infinity":66,"b:142:8:142:35:142:35:142:76":18,"s:143:6:143:Infinity":67,"s:144:6:144:Infinity":68,"s:146:4:146:Infinity":69,"f:149:8:149:22":9,"s:150:4:150:Infinity":70,"s:151:4:252:Infinity":71,"s:152:24:152:Infinity":72,"s:153:6:153:Infinity":73,"b:154:6:157:Infinity:undefined:undefined:undefined:undefined":19,"s:154:6:157:Infinity":74,"s:155:8:155:Infinity":75,"s:156:8:156:Infinity":76,"s:160:24:160:Infinity":77,"s:161:6:161:Infinity":78,"b:162:6:165:Infinity:undefined:undefined:undefined:undefined":20,"s:162:6:165:Infinity":79,"s:163:8:163:Infinity":80,"s:164:8:164:Infinity":81,"s:169:12:169:Infinity":82,"b:170:6:173:Infinity:undefined:undefined:undefined:undefined":21,"s:170:6:173:Infinity":83,"s:171:8:171:Infinity":84,"b:171:86:171:111:171:111:171:126":22,"s:172:8:172:Infinity":85,"s:174:33:174:Infinity":86,"b:176:6:178:Infinity:undefined:undefined:undefined:undefined":23,"s:176:6:178:Infinity":87,"s:177:8:177:Infinity":88,"s:183:21:183:Infinity":89,"b:184:6:187:Infinity:undefined:undefined:undefined:undefined":24,"s:184:6:187:Infinity":90,"b:184:10:184:22:184:22:184:46":25,"s:185:8:185:Infinity":91,"s:186:8:186:Infinity":92,"s:189:26:195:Infinity":93,"b:193:13:193:25:193:25:193:Infinity":26,"b:194:15:194:24:194:24:194:Infinity":27,"s:197:22:197:Infinity":94,"s:198:23:204:Infinity":95,"f:198:63:198:70":10,"s:198:70:204:8":96,"s:206:6:206:Infinity":97,"s:208:27:208:Infinity":98,"s:211:6:216:Infinity":99,"s:212:8:212:Infinity":100,"s:214:8:214:Infinity":101,"s:215:8:215:Infinity":102,"b:218:6:225:Infinity:undefined:undefined:undefined:undefined":28,"s:218:6:225:Infinity":103,"s:220:25:222:Infinity":104,"b:221:12:221:Infinity:222:13:222:Infinity":29,"b:222:13:222:27:222:27:222:43:222:43:222:Infinity":30,"s:223:8:223:Infinity":105,"s:224:8:224:Infinity":106,"b:227:6:234:Infinity:undefined:undefined:undefined:undefined":31,"s:227:6:234:Infinity":107,"s:229:25:231:Infinity":108,"b:230:12:230:Infinity:231:13:231:Infinity":32,"b:231:13:231:27:231:27:231:43:231:43:231:Infinity":33,"s:232:8:232:Infinity":109,"s:233:8:233:Infinity":110,"b:236:6:239:Infinity:undefined:undefined:undefined:undefined":34,"s:236:6:239:Infinity":111,"b:236:10:236:25:236:25:236:52":35,"s:237:8:237:Infinity":112,"s:238:8:238:Infinity":113,"s:241:6:241:Infinity":114,"s:244:6:244:Infinity":115,"s:245:6:245:Infinity":116,"s:247:6:247:Infinity":117,"s:249:12:249:Infinity":118,"s:250:6:250:Infinity":119,"s:251:6:251:Infinity":120,"f:255:8:255:18":11,"b:255:33:255:64":36,"s:256:4:291:Infinity":121,"b:258:6:261:Infinity:undefined:undefined:undefined:undefined":37,"s:258:6:261:Infinity":122,"b:258:10:258:27:258:27:258:48:258:48:258:85":38,"s:259:8:259:Infinity":123,"s:260:8:260:Infinity":124,"b:263:6:265:Infinity:undefined:undefined:undefined:undefined":39,"s:263:6:265:Infinity":125,"s:264:8:264:Infinity":126,"s:267:23:272:Infinity":127,"f:269:8:269:15":12,"s:269:15:271:Infinity":128,"s:274:19:274:Infinity":129,"b:276:6:278:Infinity:undefined:undefined:undefined:undefined":40,"s:276:6:278:Infinity":130,"b:276:10:276:26:276:26:276:41":41,"s:277:8:277:Infinity":131,"b:277:24:277:38:277:38:277:69":42,"s:280:21:280:Infinity":132,"b:280:21:280:36:280:36:280:Infinity":43,"s:283:6:283:Infinity":133,"s:284:6:284:Infinity":134,"s:285:6:285:Infinity":135,"s:287:6:287:Infinity":136,"s:289:6:289:Infinity":137,"s:290:6:290:Infinity":138,"f:294:8:294:20":13,"s:295:4:321:Infinity":139,"b:296:6:298:Infinity:undefined:undefined:undefined:undefined":44,"s:296:6:298:Infinity":140,"s:297:8:297:Infinity":141,"s:300:23:305:Infinity":142,"f:302:8:302:15":14,"s:302:15:304:Infinity":143,"s:307:19:307:Infinity":144,"b:309:6:311:Infinity:undefined:undefined:undefined:undefined":45,"s:309:6:311:Infinity":145,"b:309:10:309:26:309:26:309:41":46,"s:310:8:310:Infinity":146,"b:310:24:310:38:310:38:310:69":47,"s:313:6:313:Infinity":147,"s:316:6:316:Infinity":148,"s:317:6:317:Infinity":149,"s:319:6:319:Infinity":150,"s:320:6:320:Infinity":151,"f:324:8:324:24":15,"s:325:4:331:Infinity":152,"s:326:6:326:Infinity":153,"s:327:6:327:Infinity":154,"s:329:6:329:Infinity":155,"s:330:6:330:Infinity":156,"s:335:34:335:Infinity":157}}}
,"/Users/jaspreetsworkstation/MVP/src/background/event-emitter.ts": {"path":"/Users/jaspreetsworkstation/MVP/src/background/event-emitter.ts","statementMap":{"0":{"start":{"line":48,"column":21},"end":{"line":48,"column":null}},"1":{"start":{"line":49,"column":68},"end":{"line":49,"column":null}},"2":{"start":{"line":50,"column":24},"end":{"line":50,"column":null}},"3":{"start":{"line":53,"column":4},"end":{"line":55,"column":null}},"4":{"start":{"line":54,"column":6},"end":{"line":54,"column":null}},"5":{"start":{"line":56,"column":4},"end":{"line":56,"column":null}},"6":{"start":{"line":60,"column":21},"end":{"line":60,"column":null}},"7":{"start":{"line":61,"column":4},"end":{"line":63,"column":null}},"8":{"start":{"line":62,"column":6},"end":{"line":62,"column":null}},"9":{"start":{"line":67,"column":4},"end":{"line":67,"column":null}},"10":{"start":{"line":69,"column":21},"end":{"line":69,"column":null}},"11":{"start":{"line":70,"column":4},"end":{"line":72,"column":null}},"12":{"start":{"line":71,"column":6},"end":{"line":71,"column":null}},"13":{"start":{"line":75,"column":4},"end":{"line":87,"column":null}},"14":{"start":{"line":76,"column":6},"end":{"line":86,"column":null}},"15":{"start":{"line":77,"column":23},"end":{"line":77,"column":null}},"16":{"start":{"line":79,"column":8},"end":{"line":83,"column":null}},"17":{"start":{"line":80,"column":10},"end":{"line":82,"column":null}},"18":{"start":{"line":81,"column":12},"end":{"line":81,"column":null}},"19":{"start":{"line":85,"column":8},"end":{"line":85,"column":null}},"20":{"start":{"line":91,"column":4},"end":{"line":91,"column":null}},"21":{"start":{"line":93,"column":21},"end":{"line":93,"column":null}},"22":{"start":{"line":94,"column":4},"end":{"line":96,"column":null}},"23":{"start":{"line":95,"column":6},"end":{"line":95,"column":null}},"24":{"start":{"line":99,"column":20},"end":{"line":106,"column":null}},"25":{"start":{"line":100,"column":6},"end":{"line":105,"column":null}},"26":{"start":{"line":101,"column":8},"end":{"line":101,"column":null}},"27":{"start":{"line":103,"column":8},"end":{"line":103,"column":null}},"28":{"start":{"line":104,"column":8},"end":{"line":104,"column":null}},"29":{"start":{"line":108,"column":4},"end":{"line":108,"column":null}},"30":{"start":{"line":112,"column":4},"end":{"line":112,"column":null}},"31":{"start":{"line":113,"column":4},"end":{"line":115,"column":null}},"32":{"start":{"line":114,"column":6},"end":{"line":114,"column":null}},"33":{"start":{"line":119,"column":18},"end":{"line":119,"column":null}},"34":{"start":{"line":120,"column":4},"end":{"line":122,"column":null}},"35":{"start":{"line":121,"column":6},"end":{"line":121,"column":null}},"36":{"start":{"line":123,"column":4},"end":{"line":123,"column":null}},"37":{"start":{"line":127,"column":4},"end":{"line":129,"column":null}},"38":{"start":{"line":128,"column":6},"end":{"line":128,"column":null}},"39":{"start":{"line":130,"column":16},"end":{"line":130,"column":null}},"40":{"start":{"line":131,"column":4},"end":{"line":133,"column":null}},"41":{"start":{"line":132,"column":6},"end":{"line":132,"column":null}},"42":{"start":{"line":134,"column":4},"end":{"line":134,"column":null}},"43":{"start":{"line":138,"column":4},"end":{"line":142,"column":null}},"44":{"start":{"line":139,"column":6},"end":{"line":139,"column":null}},"45":{"start":{"line":141,"column":6},"end":{"line":141,"column":null}},"46":{"start":{"line":146,"column":32},"end":{"line":146,"column":null}}},"fnMap":{"0":{"name":"(anonymous_0)","decl":{"start":{"line":52,"column":2},"end":{"line":52,"column":26}},"loc":{"start":{"line":52,"column":78},"end":{"line":57,"column":null}},"line":52},"1":{"name":"(anonymous_1)","decl":{"start":{"line":59,"column":2},"end":{"line":59,"column":27}},"loc":{"start":{"line":59,"column":79},"end":{"line":64,"column":null}},"line":59},"2":{"name":"(anonymous_2)","decl":{"start":{"line":66,"column":2},"end":{"line":66,"column":28}},"loc":{"start":{"line":66,"column":63},"end":{"line":88,"column":null}},"line":66},"3":{"name":"(anonymous_3)","decl":{"start":{"line":80,"column":23},"end":{"line":80,"column":32}},"loc":{"start":{"line":80,"column":32},"end":{"line":82,"column":11}},"line":80},"4":{"name":"(anonymous_4)","decl":{"start":{"line":90,"column":8},"end":{"line":90,"column":39}},"loc":{"start":{"line":90,"column":83},"end":{"line":109,"column":null}},"line":90},"5":{"name":"(anonymous_5)","decl":{"start":{"line":99,"column":45},"end":{"line":99,"column":56}},"loc":{"start":{"line":99,"column":56},"end":{"line":106,"column":5}},"line":99},"6":{"name":"(anonymous_6)","decl":{"start":{"line":111,"column":10},"end":{"line":111,"column":19}},"loc":{"start":{"line":111,"column":43},"end":{"line":116,"column":null}},"line":111},"7":{"name":"(anonymous_7)","decl":{"start":{"line":118,"column":2},"end":{"line":118,"column":45}},"loc":{"start":{"line":118,"column":45},"end":{"line":124,"column":null}},"line":118},"8":{"name":"(anonymous_8)","decl":{"start":{"line":126,"column":2},"end":{"line":126,"column":18}},"loc":{"start":{"line":126,"column":45},"end":{"line":135,"column":null}},"line":126},"9":{"name":"(anonymous_9)","decl":{"start":{"line":137,"column":2},"end":{"line":137,"column":8}},"loc":{"start":{"line":137,"column":33},"end":{"line":143,"column":null}},"line":137}},"branchMap":{"0":{"loc":{"start":{"line":53,"column":4},"end":{"line":55,"column":null}},"type":"if","locations":[{"start":{"line":53,"column":4},"end":{"line":55,"column":null}},{"start":{},"end":{}}],"line":53},"1":{"loc":{"start":{"line":61,"column":4},"end":{"line":63,"column":null}},"type":"if","locations":[{"start":{"line":61,"column":4},"end":{"line":63,"column":null}},{"start":{},"end":{}}],"line":61},"2":{"loc":{"start":{"line":70,"column":4},"end":{"line":72,"column":null}},"type":"if","locations":[{"start":{"line":70,"column":4},"end":{"line":72,"column":null}},{"start":{},"end":{}}],"line":70},"3":{"loc":{"start":{"line":70,"column":8},"end":{"line":70,"column":42}},"type":"binary-expr","locations":[{"start":{"line":70,"column":8},"end":{"line":70,"column":21}},{"start":{"line":70,"column":21},"end":{"line":70,"column":42}}],"line":70},"4":{"loc":{"start":{"line":79,"column":8},"end":{"line":83,"column":null}},"type":"if","locations":[{"start":{"line":79,"column":8},"end":{"line":83,"column":null}},{"start":{},"end":{}}],"line":79},"5":{"loc":{"start":{"line":94,"column":4},"end":{"line":96,"column":null}},"type":"if","locations":[{"start":{"line":94,"column":4},"end":{"line":96,"column":null}},{"start":{},"end":{}}],"line":94},"6":{"loc":{"start":{"line":94,"column":8},"end":{"line":94,"column":42}},"type":"binary-expr","locations":[{"start":{"line":94,"column":8},"end":{"line":94,"column":21}},{"start":{"line":94,"column":21},"end":{"line":94,"column":42}}],"line":94},"7":{"loc":{"start":{"line":113,"column":4},"end":{"line":115,"column":null}},"type":"if","locations":[{"start":{"line":113,"column":4},"end":{"line":115,"column":null}},{"start":{},"end":{}}],"line":113},"8":{"loc":{"start":{"line":121,"column":21},"end":{"line":121,"column":41}},"type":"binary-expr","locations":[{"start":{"line":121,"column":21},"end":{"line":121,"column":36}},{"start":{"line":121,"column":36},"end":{"line":121,"column":41}}],"line":121},"9":{"loc":{"start":{"line":127,"column":4},"end":{"line":129,"column":null}},"type":"if","locations":[{"start":{"line":127,"column":4},"end":{"line":129,"column":null}},{"start":{},"end":{}}],"line":127},"10":{"loc":{"start":{"line":128,"column":13},"end":{"line":128,"column":null}},"type":"binary-expr","locations":[{"start":{"line":128,"column":13},"end":{"line":128,"column":47}},{"start":{"line":128,"column":47},"end":{"line":128,"column":null}}],"line":128},"11":{"loc":{"start":{"line":138,"column":4},"end":{"line":142,"column":null}},"type":"if","locations":[{"start":{"line":138,"column":4},"end":{"line":142,"column":null}},{"start":{"line":140,"column":11},"end":{"line":142,"column":null}}],"line":138}},"s":{"0":12,"1":12,"2":12,"3":20,"4":19,"5":20,"6":1,"7":1,"8":1,"9":4,"10":4,"11":4,"12":1,"13":3,"14":4,"15":4,"16":4,"17":0,"18":0,"19":0,"20":0,"21":0,"22":0,"23":0,"24":0,"25":0,"26":0,"27":0,"28":0,"29":0,"30":4,"31":4,"32":0,"33":0,"34":0,"35":0,"36":0,"37":0,"38":0,"39":0,"40":0,"41":0,"42":0,"43":0,"44":0,"45":0,"46":12},"f":{"0":20,"1":1,"2":4,"3":0,"4":0,"5":0,"6":4,"7":0,"8":0,"9":0},"b":{"0":[19,1],"1":[1,0],"2":[1,3],"3":[4,4],"4":[0,4],"5":[0,0],"6":[0,0],"7":[0,4],"8":[0,0],"9":[0,0],"10":[0,0],"11":[0,0]},"meta":{"lastBranch":12,"lastFunction":10,"lastStatement":47,"seen":{"s:48:21:48:Infinity":0,"s:49:68:49:Infinity":1,"s:50:24:50:Infinity":2,"f:52:2:52:26":0,"b:53:4:55:Infinity:undefined:undefined:undefined:undefined":0,"s:53:4:55:Infinity":3,"s:54:6:54:Infinity":4,"s:56:4:56:Infinity":5,"f:59:2:59:27":1,"s:60:21:60:Infinity":6,"b:61:4:63:Infinity:undefined:undefined:undefined:undefined":1,"s:61:4:63:Infinity":7,"s:62:6:62:Infinity":8,"f:66:2:66:28":2,"s:67:4:67:Infinity":9,"s:69:21:69:Infinity":10,"b:70:4:72:Infinity:undefined:undefined:undefined:undefined":2,"s:70:4:72:Infinity":11,"b:70:8:70:21:70:21:70:42":3,"s:71:6:71:Infinity":12,"s:75:4:87:Infinity":13,"s:76:6:86:Infinity":14,"s:77:23:77:Infinity":15,"b:79:8:83:Infinity:undefined:undefined:undefined:undefined":4,"s:79:8:83:Infinity":16,"s:80:10:82:Infinity":17,"f:80:23:80:32":3,"s:81:12:81:Infinity":18,"s:85:8:85:Infinity":19,"f:90:8:90:39":4,"s:91:4:91:Infinity":20,"s:93:21:93:Infinity":21,"b:94:4:96:Infinity:undefined:undefined:undefined:undefined":5,"s:94:4:96:Infinity":22,"b:94:8:94:21:94:21:94:42":6,"s:95:6:95:Infinity":23,"s:99:20:106:Infinity":24,"f:99:45:99:56":5,"s:100:6:105:Infinity":25,"s:101:8:101:Infinity":26,"s:103:8:103:Infinity":27,"s:104:8:104:Infinity":28,"s:108:4:108:Infinity":29,"f:111:10:111:19":6,"s:112:4:112:Infinity":30,"b:113:4:115:Infinity:undefined:undefined:undefined:undefined":7,"s:113:4:115:Infinity":31,"s:114:6:114:Infinity":32,"f:118:2:118:45":7,"s:119:18:119:Infinity":33,"s:120:4:122:Infinity":34,"s:121:6:121:Infinity":35,"b:121:21:121:36:121:36:121:41":8,"s:123:4:123:Infinity":36,"f:126:2:126:18":8,"b:127:4:129:Infinity:undefined:undefined:undefined:undefined":9,"s:127:4:129:Infinity":37,"s:128:6:128:Infinity":38,"b:128:13:128:47:128:47:128:Infinity":10,"s:130:16:130:Infinity":39,"s:131:4:133:Infinity":40,"s:132:6:132:Infinity":41,"s:134:4:134:Infinity":42,"f:137:2:137:8":9,"b:138:4:142:Infinity:140:11:142:Infinity":11,"s:138:4:142:Infinity":43,"s:139:6:139:Infinity":44,"s:141:6:141:Infinity":45,"s:146:32:146:Infinity":46}}}
,"/Users/jaspreetsworkstation/MVP/src/background/feedback-telemetry-service.ts": {"path":"/Users/jaspreetsworkstation/MVP/src/background/feedback-telemetry-service.ts","statementMap":{"0":{"start":{"line":6,"column":26},"end":{"line":6,"column":null}},"1":{"start":{"line":7,"column":27},"end":{"line":7,"column":null}},"2":{"start":{"line":8,"column":26},"end":{"line":8,"column":null}},"3":{"start":{"line":22,"column":42},"end":{"line":22,"column":null}},"4":{"start":{"line":23,"column":42},"end":{"line":23,"column":null}},"5":{"start":{"line":26,"column":4},"end":{"line":34,"column":null}},"6":{"start":{"line":27,"column":6},"end":{"line":27,"column":null}},"7":{"start":{"line":28,"column":6},"end":{"line":28,"column":null}},"8":{"start":{"line":29,"column":6},"end":{"line":31,"column":null}},"9":{"start":{"line":33,"column":6},"end":{"line":33,"column":null}},"10":{"start":{"line":38,"column":19},"end":{"line":38,"column":null}},"11":{"start":{"line":40,"column":4},"end":{"line":42,"column":null}},"12":{"start":{"line":41,"column":6},"end":{"line":41,"column":null}},"13":{"start":{"line":44,"column":18},"end":{"line":44,"column":null}},"14":{"start":{"line":45,"column":4},"end":{"line":45,"column":null}},"15":{"start":{"line":46,"column":4},"end":{"line":46,"column":null}},"16":{"start":{"line":50,"column":4},"end":{"line":55,"column":null}},"17":{"start":{"line":51,"column":19},"end":{"line":51,"column":null}},"18":{"start":{"line":52,"column":6},"end":{"line":52,"column":null}},"19":{"start":{"line":54,"column":6},"end":{"line":54,"column":null}},"20":{"start":{"line":59,"column":4},"end":{"line":128,"column":null}},"21":{"start":{"line":60,"column":6},"end":{"line":62,"column":null}},"22":{"start":{"line":61,"column":8},"end":{"line":61,"column":null}},"23":{"start":{"line":64,"column":6},"end":{"line":68,"column":null}},"24":{"start":{"line":70,"column":26},"end":{"line":77,"column":null}},"25":{"start":{"line":79,"column":23},"end":{"line":86,"column":null}},"26":{"start":{"line":88,"column":6},"end":{"line":91,"column":null}},"27":{"start":{"line":93,"column":27},"end":{"line":93,"column":null}},"28":{"start":{"line":94,"column":6},"end":{"line":94,"column":null}},"29":{"start":{"line":96,"column":6},"end":{"line":106,"column":null}},"30":{"start":{"line":98,"column":8},"end":{"line":102,"column":null}},"31":{"start":{"line":99,"column":10},"end":{"line":99,"column":null}},"32":{"start":{"line":101,"column":10},"end":{"line":101,"column":null}},"33":{"start":{"line":103,"column":25},"end":{"line":103,"column":null}},"34":{"start":{"line":104,"column":8},"end":{"line":104,"column":null}},"35":{"start":{"line":105,"column":8},"end":{"line":105,"column":null}},"36":{"start":{"line":109,"column":6},"end":{"line":114,"column":null}},"37":{"start":{"line":110,"column":8},"end":{"line":110,"column":null}},"38":{"start":{"line":112,"column":8},"end":{"line":112,"column":null}},"39":{"start":{"line":113,"column":8},"end":{"line":113,"column":null}},"40":{"start":{"line":116,"column":6},"end":{"line":120,"column":null}},"41":{"start":{"line":117,"column":25},"end":{"line":117,"column":null}},"42":{"start":{"line":118,"column":8},"end":{"line":118,"column":null}},"43":{"start":{"line":119,"column":8},"end":{"line":119,"column":null}},"44":{"start":{"line":122,"column":6},"end":{"line":122,"column":null}},"45":{"start":{"line":123,"column":6},"end":{"line":123,"column":null}},"46":{"start":{"line":125,"column":12},"end":{"line":125,"column":null}},"47":{"start":{"line":126,"column":6},"end":{"line":126,"column":null}},"48":{"start":{"line":127,"column":6},"end":{"line":127,"column":null}},"49":{"start":{"line":132,"column":4},"end":{"line":165,"column":null}},"50":{"start":{"line":133,"column":31},"end":{"line":133,"column":null}},"51":{"start":{"line":134,"column":6},"end":{"line":137,"column":null}},"52":{"start":{"line":135,"column":8},"end":{"line":135,"column":null}},"53":{"start":{"line":136,"column":8},"end":{"line":136,"column":null}},"54":{"start":{"line":139,"column":6},"end":{"line":141,"column":null}},"55":{"start":{"line":140,"column":8},"end":{"line":140,"column":null}},"56":{"start":{"line":143,"column":23},"end":{"line":156,"column":null}},"57":{"start":{"line":158,"column":6},"end":{"line":160,"column":null}},"58":{"start":{"line":159,"column":8},"end":{"line":159,"column":null}},"59":{"start":{"line":162,"column":6},"end":{"line":162,"column":null}},"60":{"start":{"line":164,"column":6},"end":{"line":164,"column":null}},"61":{"start":{"line":169,"column":4},"end":{"line":171,"column":null}},"62":{"start":{"line":170,"column":6},"end":{"line":170,"column":null}},"63":{"start":{"line":172,"column":4},"end":{"line":172,"column":null}},"64":{"start":{"line":176,"column":40},"end":{"line":176,"column":null}}},"fnMap":{"0":{"name":"(anonymous_0)","decl":{"start":{"line":25,"column":8},"end":{"line":25,"column":36}},"loc":{"start":{"line":25,"column":36},"end":{"line":35,"column":null}},"line":25},"1":{"name":"(anonymous_1)","decl":{"start":{"line":37,"column":16},"end":{"line":37,"column":61}},"loc":{"start":{"line":37,"column":61},"end":{"line":47,"column":null}},"line":37},"2":{"name":"(anonymous_2)","decl":{"start":{"line":49,"column":16},"end":{"line":49,"column":53}},"loc":{"start":{"line":49,"column":53},"end":{"line":56,"column":null}},"line":49},"3":{"name":"(anonymous_3)","decl":{"start":{"line":58,"column":8},"end":{"line":58,"column":23}},"loc":{"start":{"line":58,"column":90},"end":{"line":129,"column":null}},"line":58},"4":{"name":"(anonymous_4)","decl":{"start":{"line":131,"column":8},"end":{"line":131,"column":19}},"loc":{"start":{"line":131,"column":57},"end":{"line":166,"column":null}},"line":131},"5":{"name":"(anonymous_5)","decl":{"start":{"line":168,"column":8},"end":{"line":168,"column":45}},"loc":{"start":{"line":168,"column":45},"end":{"line":173,"column":null}},"line":168}},"branchMap":{"0":{"loc":{"start":{"line":40,"column":4},"end":{"line":42,"column":null}},"type":"if","locations":[{"start":{"line":40,"column":4},"end":{"line":42,"column":null}},{"start":{},"end":{}}],"line":40},"1":{"loc":{"start":{"line":60,"column":6},"end":{"line":62,"column":null}},"type":"if","locations":[{"start":{"line":60,"column":6},"end":{"line":62,"column":null}},{"start":{},"end":{}}],"line":60},"2":{"loc":{"start":{"line":73,"column":13},"end":{"line":73,"column":null}},"type":"binary-expr","locations":[{"start":{"line":73,"column":13},"end":{"line":73,"column":25}},{"start":{"line":73,"column":25},"end":{"line":73,"column":null}}],"line":73},"3":{"loc":{"start":{"line":74,"column":16},"end":{"line":74,"column":null}},"type":"binary-expr","locations":[{"start":{"line":74,"column":16},"end":{"line":74,"column":31}},{"start":{"line":74,"column":31},"end":{"line":74,"column":null}}],"line":74},"4":{"loc":{"start":{"line":96,"column":6},"end":{"line":106,"column":null}},"type":"if","locations":[{"start":{"line":96,"column":6},"end":{"line":106,"column":null}},{"start":{},"end":{}}],"line":96},"5":{"loc":{"start":{"line":103,"column":25},"end":{"line":103,"column":null}},"type":"binary-expr","locations":[{"start":{"line":103,"column":25},"end":{"line":103,"column":44}},{"start":{"line":103,"column":44},"end":{"line":103,"column":65}},{"start":{"line":103,"column":65},"end":{"line":103,"column":null}}],"line":103},"6":{"loc":{"start":{"line":116,"column":6},"end":{"line":120,"column":null}},"type":"if","locations":[{"start":{"line":116,"column":6},"end":{"line":120,"column":null}},{"start":{},"end":{}}],"line":116},"7":{"loc":{"start":{"line":117,"column":25},"end":{"line":117,"column":null}},"type":"binary-expr","locations":[{"start":{"line":117,"column":25},"end":{"line":117,"column":41}},{"start":{"line":117,"column":41},"end":{"line":117,"column":null}}],"line":117},"8":{"loc":{"start":{"line":134,"column":6},"end":{"line":137,"column":null}},"type":"if","locations":[{"start":{"line":134,"column":6},"end":{"line":137,"column":null}},{"start":{},"end":{}}],"line":134},"9":{"loc":{"start":{"line":139,"column":6},"end":{"line":141,"column":null}},"type":"if","locations":[{"start":{"line":139,"column":6},"end":{"line":141,"column":null}},{"start":{},"end":{}}],"line":139},"10":{"loc":{"start":{"line":152,"column":21},"end":{"line":152,"column":null}},"type":"binary-expr","locations":[{"start":{"line":152,"column":21},"end":{"line":152,"column":40}},{"start":{"line":152,"column":40},"end":{"line":152,"column":null}}],"line":152},"11":{"loc":{"start":{"line":158,"column":6},"end":{"line":160,"column":null}},"type":"if","locations":[{"start":{"line":158,"column":6},"end":{"line":160,"column":null}},{"start":{},"end":{}}],"line":158},"12":{"loc":{"start":{"line":169,"column":4},"end":{"line":171,"column":null}},"type":"if","locations":[{"start":{"line":169,"column":4},"end":{"line":171,"column":null}},{"start":{},"end":{}}],"line":169}},"s":{"0":0,"1":0,"2":0,"3":0,"4":0,"5":0,"6":0,"7":0,"8":0,"9":0,"10":0,"11":0,"12":0,"13":0,"14":0,"15":0,"16":0,"17":0,"18":0,"19":0,"20":0,"21":0,"22":0,"23":0,"24":0,"25":0,"26":0,"27":0,"28":0,"29":0,"30":0,"31":0,"32":0,"33":0,"34":0,"35":0,"36":0,"37":0,"38":0,"39":0,"40":0,"41":0,"42":0,"43":0,"44":0,"45":0,"46":0,"47":0,"48":0,"49":0,"50":0,"51":0,"52":0,"53":0,"54":0,"55":0,"56":0,"57":0,"58":0,"59":0,"60":0,"61":0,"62":0,"63":0,"64":0},"f":{"0":0,"1":0,"2":0,"3":0,"4":0,"5":0},"b":{"0":[0,0],"1":[0,0],"2":[0,0],"3":[0,0],"4":[0,0],"5":[0,0,0],"6":[0,0],"7":[0,0],"8":[0,0],"9":[0,0],"10":[0,0],"11":[0,0],"12":[0,0]},"meta":{"lastBranch":13,"lastFunction":6,"lastStatement":65,"seen":{"s:6:26:6:Infinity":0,"s:7:27:7:Infinity":1,"s:8:26:8:Infinity":2,"s:22:42:22:Infinity":3,"s:23:42:23:Infinity":4,"f:25:8:25:36":0,"s:26:4:34:Infinity":5,"s:27:6:27:Infinity":6,"s:28:6:28:Infinity":7,"s:29:6:31:Infinity":8,"s:33:6:33:Infinity":9,"f:37:16:37:61":1,"s:38:19:38:Infinity":10,"b:40:4:42:Infinity:undefined:undefined:undefined:undefined":0,"s:40:4:42:Infinity":11,"s:41:6:41:Infinity":12,"s:44:18:44:Infinity":13,"s:45:4:45:Infinity":14,"s:46:4:46:Infinity":15,"f:49:16:49:53":2,"s:50:4:55:Infinity":16,"s:51:19:51:Infinity":17,"s:52:6:52:Infinity":18,"s:54:6:54:Infinity":19,"f:58:8:58:23":3,"s:59:4:128:Infinity":20,"b:60:6:62:Infinity:undefined:undefined:undefined:undefined":1,"s:60:6:62:Infinity":21,"s:61:8:61:Infinity":22,"s:64:6:68:Infinity":23,"s:70:26:77:Infinity":24,"b:73:13:73:25:73:25:73:Infinity":2,"b:74:16:74:31:74:31:74:Infinity":3,"s:79:23:86:Infinity":25,"s:88:6:91:Infinity":26,"s:93:27:93:Infinity":27,"s:94:6:94:Infinity":28,"b:96:6:106:Infinity:undefined:undefined:undefined:undefined":4,"s:96:6:106:Infinity":29,"s:98:8:102:Infinity":30,"s:99:10:99:Infinity":31,"s:101:10:101:Infinity":32,"s:103:25:103:Infinity":33,"b:103:25:103:44:103:44:103:65:103:65:103:Infinity":5,"s:104:8:104:Infinity":34,"s:105:8:105:Infinity":35,"s:109:6:114:Infinity":36,"s:110:8:110:Infinity":37,"s:112:8:112:Infinity":38,"s:113:8:113:Infinity":39,"b:116:6:120:Infinity:undefined:undefined:undefined:undefined":6,"s:116:6:120:Infinity":40,"s:117:25:117:Infinity":41,"b:117:25:117:41:117:41:117:Infinity":7,"s:118:8:118:Infinity":42,"s:119:8:119:Infinity":43,"s:122:6:122:Infinity":44,"s:123:6:123:Infinity":45,"s:125:12:125:Infinity":46,"s:126:6:126:Infinity":47,"s:127:6:127:Infinity":48,"f:131:8:131:19":4,"s:132:4:165:Infinity":49,"s:133:31:133:Infinity":50,"b:134:6:137:Infinity:undefined:undefined:undefined:undefined":8,"s:134:6:137:Infinity":51,"s:135:8:135:Infinity":52,"s:136:8:136:Infinity":53,"b:139:6:141:Infinity:undefined:undefined:undefined:undefined":9,"s:139:6:141:Infinity":54,"s:140:8:140:Infinity":55,"s:143:23:156:Infinity":56,"b:152:21:152:40:152:40:152:Infinity":10,"b:158:6:160:Infinity:undefined:undefined:undefined:undefined":11,"s:158:6:160:Infinity":57,"s:159:8:159:Infinity":58,"s:162:6:162:Infinity":59,"s:164:6:164:Infinity":60,"f:168:8:168:45":5,"b:169:4:171:Infinity:undefined:undefined:undefined:undefined":12,"s:169:4:171:Infinity":61,"s:170:6:170:Infinity":62,"s:172:4:172:Infinity":63,"s:176:40:176:Infinity":64}}}
,"/Users/jaspreetsworkstation/MVP/src/background/firewall-engine.ts": {"path":"/Users/jaspreetsworkstation/MVP/src/background/firewall-engine.ts","statementMap":{"0":{"start":{"line":11,"column":19},"end":{"line":11,"column":null}},"1":{"start":{"line":12,"column":33},"end":{"line":12,"column":null}},"2":{"start":{"line":15,"column":53},"end":{"line":15,"column":null}},"3":{"start":{"line":16,"column":33},"end":{"line":16,"column":null}},"4":{"start":{"line":17,"column":37},"end":{"line":17,"column":null}},"5":{"start":{"line":18,"column":35},"end":{"line":18,"column":null}},"6":{"start":{"line":19,"column":37},"end":{"line":19,"column":null}},"7":{"start":{"line":20,"column":45},"end":{"line":23,"column":null}},"8":{"start":{"line":26,"column":41},"end":{"line":35,"column":null}},"9":{"start":{"line":38,"column":4},"end":{"line":38,"column":null}},"10":{"start":{"line":38,"column":28},"end":{"line":38,"column":null}},"11":{"start":{"line":40,"column":4},"end":{"line":56,"column":null}},"12":{"start":{"line":41,"column":23},"end":{"line":41,"column":null}},"13":{"start":{"line":42,"column":6},"end":{"line":42,"column":null}},"14":{"start":{"line":43,"column":6},"end":{"line":43,"column":null}},"15":{"start":{"line":45,"column":19},"end":{"line":45,"column":null}},"16":{"start":{"line":46,"column":6},"end":{"line":50,"column":null}},"17":{"start":{"line":47,"column":8},"end":{"line":47,"column":null}},"18":{"start":{"line":49,"column":8},"end":{"line":49,"column":null}},"19":{"start":{"line":54,"column":6},"end":{"line":54,"column":null}},"20":{"start":{"line":55,"column":6},"end":{"line":55,"column":null}},"21":{"start":{"line":60,"column":4},"end":{"line":60,"column":null}},"22":{"start":{"line":60,"column":28},"end":{"line":60,"column":null}},"23":{"start":{"line":62,"column":4},"end":{"line":66,"column":null}},"24":{"start":{"line":63,"column":6},"end":{"line":65,"column":null}},"25":{"start":{"line":63,"column":28},"end":{"line":63,"column":46}},"26":{"start":{"line":64,"column":8},"end":{"line":64,"column":null}},"27":{"start":{"line":68,"column":4},"end":{"line":68,"column":null}},"28":{"start":{"line":72,"column":4},"end":{"line":72,"column":null}},"29":{"start":{"line":72,"column":28},"end":{"line":72,"column":null}},"30":{"start":{"line":73,"column":4},"end":{"line":73,"column":null}},"31":{"start":{"line":73,"column":48},"end":{"line":73,"column":66}},"32":{"start":{"line":78,"column":27},"end":{"line":78,"column":null}},"33":{"start":{"line":79,"column":4},"end":{"line":81,"column":null}},"34":{"start":{"line":79,"column":33},"end":{"line":79,"column":51}},"35":{"start":{"line":80,"column":6},"end":{"line":80,"column":null}},"36":{"start":{"line":84,"column":35},"end":{"line":84,"column":null}},"37":{"start":{"line":85,"column":4},"end":{"line":87,"column":null}},"38":{"start":{"line":85,"column":41},"end":{"line":85,"column":59}},"39":{"start":{"line":86,"column":6},"end":{"line":86,"column":null}},"40":{"start":{"line":90,"column":4},"end":{"line":90,"column":null}},"41":{"start":{"line":96,"column":4},"end":{"line":96,"column":null}},"42":{"start":{"line":100,"column":4},"end":{"line":177,"column":null}},"43":{"start":{"line":101,"column":21},"end":{"line":101,"column":null}},"44":{"start":{"line":102,"column":21},"end":{"line":102,"column":null}},"45":{"start":{"line":104,"column":23},"end":{"line":104,"column":null}},"46":{"start":{"line":105,"column":25},"end":{"line":105,"column":null}},"47":{"start":{"line":106,"column":25},"end":{"line":106,"column":null}},"48":{"start":{"line":109,"column":6},"end":{"line":113,"column":null}},"49":{"start":{"line":116,"column":6},"end":{"line":123,"column":null}},"50":{"start":{"line":125,"column":6},"end":{"line":125,"column":null}},"51":{"start":{"line":126,"column":6},"end":{"line":126,"column":null}},"52":{"start":{"line":128,"column":18},"end":{"line":128,"column":null}},"53":{"start":{"line":129,"column":25},"end":{"line":129,"column":null}},"54":{"start":{"line":131,"column":31},"end":{"line":131,"column":null}},"55":{"start":{"line":132,"column":6},"end":{"line":138,"column":null}},"56":{"start":{"line":136,"column":8},"end":{"line":136,"column":null}},"57":{"start":{"line":137,"column":8},"end":{"line":137,"column":null}},"58":{"start":{"line":141,"column":23},"end":{"line":141,"column":null}},"59":{"start":{"line":142,"column":28},"end":{"line":142,"column":null}},"60":{"start":{"line":143,"column":18},"end":{"line":143,"column":null}},"61":{"start":{"line":145,"column":6},"end":{"line":174,"column":null}},"62":{"start":{"line":146,"column":8},"end":{"line":146,"column":null}},"63":{"start":{"line":149,"column":28},"end":{"line":154,"column":null}},"64":{"start":{"line":150,"column":10},"end":{"line":150,"column":null}},"65":{"start":{"line":150,"column":32},"end":{"line":150,"column":null}},"66":{"start":{"line":151,"column":10},"end":{"line":151,"column":null}},"67":{"start":{"line":151,"column":31},"end":{"line":151,"column":null}},"68":{"start":{"line":152,"column":10},"end":{"line":152,"column":null}},"69":{"start":{"line":152,"column":31},"end":{"line":152,"column":null}},"70":{"start":{"line":153,"column":10},"end":{"line":153,"column":null}},"71":{"start":{"line":156,"column":29},"end":{"line":160,"column":null}},"72":{"start":{"line":157,"column":10},"end":{"line":157,"column":null}},"73":{"start":{"line":157,"column":32},"end":{"line":157,"column":null}},"74":{"start":{"line":158,"column":10},"end":{"line":158,"column":null}},"75":{"start":{"line":158,"column":26},"end":{"line":158,"column":null}},"76":{"start":{"line":159,"column":10},"end":{"line":159,"column":null}},"77":{"start":{"line":162,"column":29},"end":{"line":170,"column":null}},"78":{"start":{"line":172,"column":8},"end":{"line":172,"column":null}},"79":{"start":{"line":173,"column":8},"end":{"line":173,"column":null}},"80":{"start":{"line":176,"column":6},"end":{"line":176,"column":null}},"81":{"start":{"line":181,"column":4},"end":{"line":235,"column":null}},"82":{"start":{"line":183,"column":6},"end":{"line":185,"column":null}},"83":{"start":{"line":184,"column":8},"end":{"line":184,"column":null}},"84":{"start":{"line":187,"column":19},"end":{"line":187,"column":null}},"85":{"start":{"line":188,"column":35},"end":{"line":188,"column":null}},"86":{"start":{"line":190,"column":21},"end":{"line":190,"column":null}},"87":{"start":{"line":191,"column":21},"end":{"line":191,"column":null}},"88":{"start":{"line":193,"column":26},"end":{"line":195,"column":null}},"89":{"start":{"line":194,"column":19},"end":{"line":194,"column":null}},"90":{"start":{"line":197,"column":6},"end":{"line":232,"column":null}},"91":{"start":{"line":199,"column":30},"end":{"line":199,"column":null}},"92":{"start":{"line":200,"column":20},"end":{"line":200,"column":null}},"93":{"start":{"line":203,"column":28},"end":{"line":207,"column":null}},"94":{"start":{"line":204,"column":15},"end":{"line":206,"column":null}},"95":{"start":{"line":209,"column":8},"end":{"line":231,"column":null}},"96":{"start":{"line":210,"column":10},"end":{"line":210,"column":null}},"97":{"start":{"line":213,"column":10},"end":{"line":217,"column":null}},"98":{"start":{"line":219,"column":31},"end":{"line":227,"column":null}},"99":{"start":{"line":229,"column":10},"end":{"line":229,"column":null}},"100":{"start":{"line":230,"column":10},"end":{"line":230,"column":null}},"101":{"start":{"line":234,"column":6},"end":{"line":234,"column":null}},"102":{"start":{"line":239,"column":4},"end":{"line":239,"column":null}},"103":{"start":{"line":243,"column":21},"end":{"line":243,"column":null}},"104":{"start":{"line":245,"column":4},"end":{"line":261,"column":null}},"105":{"start":{"line":246,"column":6},"end":{"line":246,"column":null}},"106":{"start":{"line":247,"column":6},"end":{"line":249,"column":null}},"107":{"start":{"line":248,"column":8},"end":{"line":248,"column":null}},"108":{"start":{"line":250,"column":6},"end":{"line":250,"column":null}},"109":{"start":{"line":251,"column":6},"end":{"line":253,"column":null}},"110":{"start":{"line":252,"column":8},"end":{"line":252,"column":null}},"111":{"start":{"line":255,"column":6},"end":{"line":260,"column":null}},"112":{"start":{"line":263,"column":18},"end":{"line":263,"column":null}},"113":{"start":{"line":264,"column":4},"end":{"line":266,"column":null}},"114":{"start":{"line":265,"column":6},"end":{"line":265,"column":null}},"115":{"start":{"line":270,"column":18},"end":{"line":270,"column":null}},"116":{"start":{"line":271,"column":4},"end":{"line":273,"column":null}},"117":{"start":{"line":272,"column":6},"end":{"line":272,"column":null}},"118":{"start":{"line":275,"column":4},"end":{"line":277,"column":null}},"119":{"start":{"line":276,"column":6},"end":{"line":276,"column":null}},"120":{"start":{"line":278,"column":4},"end":{"line":278,"column":null}},"121":{"start":{"line":280,"column":25},"end":{"line":292,"column":null}},"122":{"start":{"line":294,"column":4},"end":{"line":294,"column":null}},"123":{"start":{"line":295,"column":4},"end":{"line":295,"column":null}},"124":{"start":{"line":297,"column":4},"end":{"line":301,"column":null}},"125":{"start":{"line":305,"column":20},"end":{"line":305,"column":null}},"126":{"start":{"line":307,"column":4},"end":{"line":318,"column":null}},"127":{"start":{"line":308,"column":6},"end":{"line":308,"column":null}},"128":{"start":{"line":310,"column":19},"end":{"line":310,"column":null}},"129":{"start":{"line":311,"column":6},"end":{"line":313,"column":null}},"130":{"start":{"line":312,"column":8},"end":{"line":312,"column":null}},"131":{"start":{"line":315,"column":6},"end":{"line":315,"column":null}},"132":{"start":{"line":317,"column":6},"end":{"line":317,"column":null}},"133":{"start":{"line":320,"column":4},"end":{"line":320,"column":null}},"134":{"start":{"line":324,"column":4},"end":{"line":330,"column":null}},"135":{"start":{"line":325,"column":6},"end":{"line":327,"column":null}},"136":{"start":{"line":329,"column":6},"end":{"line":329,"column":null}},"137":{"start":{"line":334,"column":4},"end":{"line":340,"column":null}},"138":{"start":{"line":335,"column":6},"end":{"line":337,"column":null}},"139":{"start":{"line":339,"column":6},"end":{"line":339,"column":null}},"140":{"start":{"line":344,"column":4},"end":{"line":352,"column":null}},"141":{"start":{"line":345,"column":20},"end":{"line":345,"column":null}},"142":{"start":{"line":346,"column":24},"end":{"line":346,"column":null}},"143":{"start":{"line":348,"column":6},"end":{"line":348,"column":null}},"144":{"start":{"line":349,"column":6},"end":{"line":349,"column":null}},"145":{"start":{"line":351,"column":6},"end":{"line":351,"column":null}},"146":{"start":{"line":357,"column":26},"end":{"line":357,"column":null}},"147":{"start":{"line":358,"column":4},"end":{"line":360,"column":null}},"148":{"start":{"line":359,"column":6},"end":{"line":359,"column":null}},"149":{"start":{"line":363,"column":18},"end":{"line":366,"column":null}},"150":{"start":{"line":364,"column":6},"end":{"line":364,"column":null}},"151":{"start":{"line":365,"column":6},"end":{"line":365,"column":null}},"152":{"start":{"line":368,"column":4},"end":{"line":368,"column":null}},"153":{"start":{"line":372,"column":4},"end":{"line":372,"column":null}},"154":{"start":{"line":376,"column":18},"end":{"line":376,"column":null}},"155":{"start":{"line":377,"column":4},"end":{"line":380,"column":null}},"156":{"start":{"line":378,"column":6},"end":{"line":378,"column":null}},"157":{"start":{"line":379,"column":6},"end":{"line":379,"column":null}},"158":{"start":{"line":385,"column":4},"end":{"line":387,"column":null}},"159":{"start":{"line":386,"column":6},"end":{"line":386,"column":null}},"160":{"start":{"line":388,"column":4},"end":{"line":388,"column":null}},"161":{"start":{"line":390,"column":4},"end":{"line":394,"column":null}},"162":{"start":{"line":391,"column":6},"end":{"line":393,"column":null}},"163":{"start":{"line":392,"column":8},"end":{"line":392,"column":null}},"164":{"start":{"line":395,"column":4},"end":{"line":395,"column":null}},"165":{"start":{"line":399,"column":4},"end":{"line":399,"column":null}},"166":{"start":{"line":399,"column":28},"end":{"line":399,"column":null}},"167":{"start":{"line":401,"column":21},"end":{"line":401,"column":null}},"168":{"start":{"line":403,"column":86},"end":{"line":444,"column":null}},"169":{"start":{"line":446,"column":4},"end":{"line":450,"column":null}},"170":{"start":{"line":447,"column":6},"end":{"line":449,"column":null}},"171":{"start":{"line":448,"column":8},"end":{"line":448,"column":null}},"172":{"start":{"line":452,"column":95},"end":{"line":473,"column":null}},"173":{"start":{"line":475,"column":4},"end":{"line":478,"column":null}}},"fnMap":{"0":{"name":"(anonymous_0)","decl":{"start":{"line":37,"column":15},"end":{"line":37,"column":43}},"loc":{"start":{"line":37,"column":43},"end":{"line":57,"column":null}},"line":37},"1":{"name":"(anonymous_1)","decl":{"start":{"line":59,"column":17},"end":{"line":59,"column":36}},"loc":{"start":{"line":59,"column":60},"end":{"line":69,"column":null}},"line":59},"2":{"name":"(anonymous_2)","decl":{"start":{"line":63,"column":23},"end":{"line":63,"column":28}},"loc":{"start":{"line":63,"column":28},"end":{"line":63,"column":46}},"line":63},"3":{"name":"(anonymous_3)","decl":{"start":{"line":71,"column":17},"end":{"line":71,"column":28}},"loc":{"start":{"line":71,"column":53},"end":{"line":74,"column":null}},"line":71},"4":{"name":"(anonymous_4)","decl":{"start":{"line":73,"column":43},"end":{"line":73,"column":48}},"loc":{"start":{"line":73,"column":48},"end":{"line":73,"column":66}},"line":73},"5":{"name":"(anonymous_5)","decl":{"start":{"line":76,"column":17},"end":{"line":76,"column":31}},"loc":{"start":{"line":76,"column":73},"end":{"line":91,"column":null}},"line":76},"6":{"name":"(anonymous_6)","decl":{"start":{"line":79,"column":28},"end":{"line":79,"column":33}},"loc":{"start":{"line":79,"column":33},"end":{"line":79,"column":51}},"line":79},"7":{"name":"(anonymous_7)","decl":{"start":{"line":85,"column":36},"end":{"line":85,"column":41}},"loc":{"start":{"line":85,"column":41},"end":{"line":85,"column":59}},"line":85},"8":{"name":"(anonymous_8)","decl":{"start":{"line":93,"column":9},"end":{"line":93,"column":null}},"loc":{"start":{"line":95,"column":10},"end":{"line":97,"column":null}},"line":95},"9":{"name":"(anonymous_9)","decl":{"start":{"line":99,"column":15},"end":{"line":99,"column":36}},"loc":{"start":{"line":99,"column":79},"end":{"line":178,"column":null}},"line":99},"10":{"name":"(anonymous_10)","decl":{"start":{"line":149,"column":28},"end":{"line":149,"column":61}},"loc":{"start":{"line":149,"column":61},"end":{"line":154,"column":null}},"line":149},"11":{"name":"(anonymous_11)","decl":{"start":{"line":156,"column":29},"end":{"line":156,"column":91}},"loc":{"start":{"line":156,"column":91},"end":{"line":160,"column":null}},"line":156},"12":{"name":"(anonymous_12)","decl":{"start":{"line":180,"column":15},"end":{"line":180,"column":36}},"loc":{"start":{"line":180,"column":79},"end":{"line":236,"column":null}},"line":180},"13":{"name":"(anonymous_13)","decl":{"start":{"line":194,"column":8},"end":{"line":194,"column":19}},"loc":{"start":{"line":194,"column":19},"end":{"line":194,"column":null}},"line":194},"14":{"name":"(anonymous_14)","decl":{"start":{"line":204,"column":10},"end":{"line":204,"column":15}},"loc":{"start":{"line":204,"column":15},"end":{"line":206,"column":null}},"line":204},"15":{"name":"(anonymous_15)","decl":{"start":{"line":238,"column":17},"end":{"line":238,"column":37}},"loc":{"start":{"line":238,"column":37},"end":{"line":240,"column":null}},"line":238},"16":{"name":"(anonymous_16)","decl":{"start":{"line":242,"column":17},"end":{"line":242,"column":44}},"loc":{"start":{"line":242,"column":118},"end":{"line":267,"column":null}},"line":242},"17":{"name":"(anonymous_17)","decl":{"start":{"line":264,"column":33},"end":{"line":264,"column":39}},"loc":{"start":{"line":264,"column":39},"end":{"line":266,"column":7}},"line":264},"18":{"name":"(anonymous_18)","decl":{"start":{"line":269,"column":23},"end":{"line":269,"column":49}},"loc":{"start":{"line":269,"column":84},"end":{"line":302,"column":null}},"line":269},"19":{"name":"(anonymous_19)","decl":{"start":{"line":304,"column":15},"end":{"line":304,"column":52}},"loc":{"start":{"line":304,"column":52},"end":{"line":321,"column":null}},"line":304},"20":{"name":"(anonymous_20)","decl":{"start":{"line":323,"column":23},"end":{"line":323,"column":55}},"loc":{"start":{"line":323,"column":55},"end":{"line":331,"column":null}},"line":323},"21":{"name":"(anonymous_21)","decl":{"start":{"line":333,"column":23},"end":{"line":333,"column":56}},"loc":{"start":{"line":333,"column":56},"end":{"line":341,"column":null}},"line":333},"22":{"name":"(anonymous_22)","decl":{"start":{"line":343,"column":23},"end":{"line":343,"column":47}},"loc":{"start":{"line":343,"column":77},"end":{"line":353,"column":null}},"line":343},"23":{"name":"(anonymous_23)","decl":{"start":{"line":355,"column":17},"end":{"line":355,"column":40}},"loc":{"start":{"line":355,"column":61},"end":{"line":369,"column":null}},"line":355},"24":{"name":"(anonymous_24)","decl":{"start":{"line":363,"column":29},"end":{"line":363,"column":35}},"loc":{"start":{"line":363,"column":35},"end":{"line":366,"column":7}},"line":363},"25":{"name":"(anonymous_25)","decl":{"start":{"line":371,"column":15},"end":{"line":371,"column":37}},"loc":{"start":{"line":371,"column":67},"end":{"line":373,"column":null}},"line":371},"26":{"name":"(anonymous_26)","decl":{"start":{"line":375,"column":9},"end":{"line":375,"column":23}},"loc":{"start":{"line":375,"column":44},"end":{"line":381,"column":null}},"line":375},"27":{"name":"(anonymous_27)","decl":{"start":{"line":383,"column":9},"end":{"line":383,"column":25}},"loc":{"start":{"line":383,"column":25},"end":{"line":396,"column":null}},"line":383},"28":{"name":"(anonymous_28)","decl":{"start":{"line":398,"column":9},"end":{"line":398,"column":24}},"loc":{"start":{"line":398,"column":93},"end":{"line":479,"column":null}},"line":398}},"branchMap":{"0":{"loc":{"start":{"line":38,"column":4},"end":{"line":38,"column":null}},"type":"if","locations":[{"start":{"line":38,"column":4},"end":{"line":38,"column":null}},{"start":{},"end":{}}],"line":38},"1":{"loc":{"start":{"line":46,"column":6},"end":{"line":50,"column":null}},"type":"if","locations":[{"start":{"line":46,"column":6},"end":{"line":50,"column":null}},{"start":{"line":48,"column":13},"end":{"line":50,"column":null}}],"line":46},"2":{"loc":{"start":{"line":60,"column":4},"end":{"line":60,"column":null}},"type":"if","locations":[{"start":{"line":60,"column":4},"end":{"line":60,"column":null}},{"start":{},"end":{}}],"line":60},"3":{"loc":{"start":{"line":63,"column":6},"end":{"line":65,"column":null}},"type":"if","locations":[{"start":{"line":63,"column":6},"end":{"line":65,"column":null}},{"start":{},"end":{}}],"line":63},"4":{"loc":{"start":{"line":72,"column":4},"end":{"line":72,"column":null}},"type":"if","locations":[{"start":{"line":72,"column":4},"end":{"line":72,"column":null}},{"start":{},"end":{}}],"line":72},"5":{"loc":{"start":{"line":79,"column":4},"end":{"line":81,"column":null}},"type":"if","locations":[{"start":{"line":79,"column":4},"end":{"line":81,"column":null}},{"start":{},"end":{}}],"line":79},"6":{"loc":{"start":{"line":85,"column":4},"end":{"line":87,"column":null}},"type":"if","locations":[{"start":{"line":85,"column":4},"end":{"line":87,"column":null}},{"start":{},"end":{}}],"line":85},"7":{"loc":{"start":{"line":85,"column":8},"end":{"line":85,"column":95}},"type":"binary-expr","locations":[{"start":{"line":85,"column":8},"end":{"line":85,"column":64}},{"start":{"line":85,"column":64},"end":{"line":85,"column":95}}],"line":85},"8":{"loc":{"start":{"line":90,"column":11},"end":{"line":90,"column":null}},"type":"binary-expr","locations":[{"start":{"line":90,"column":11},"end":{"line":90,"column":76}},{"start":{"line":90,"column":76},"end":{"line":90,"column":null}}],"line":90},"9":{"loc":{"start":{"line":96,"column":36},"end":{"line":96,"column":null}},"type":"binary-expr","locations":[{"start":{"line":96,"column":36},"end":{"line":96,"column":48}},{"start":{"line":96,"column":48},"end":{"line":96,"column":null}}],"line":96},"10":{"loc":{"start":{"line":129,"column":25},"end":{"line":129,"column":null}},"type":"cond-expr","locations":[{"start":{"line":129,"column":35},"end":{"line":129,"column":63}},{"start":{"line":129,"column":63},"end":{"line":129,"column":null}}],"line":129},"11":{"loc":{"start":{"line":131,"column":31},"end":{"line":131,"column":null}},"type":"binary-expr","locations":[{"start":{"line":131,"column":31},"end":{"line":131,"column":78}},{"start":{"line":131,"column":78},"end":{"line":131,"column":null}}],"line":131},"12":{"loc":{"start":{"line":132,"column":6},"end":{"line":138,"column":null}},"type":"if","locations":[{"start":{"line":132,"column":6},"end":{"line":138,"column":null}},{"start":{},"end":{}}],"line":132},"13":{"loc":{"start":{"line":133,"column":8},"end":{"line":134,"column":null}},"type":"binary-expr","locations":[{"start":{"line":133,"column":8},"end":{"line":133,"column":null}},{"start":{"line":134,"column":8},"end":{"line":134,"column":null}}],"line":133},"14":{"loc":{"start":{"line":145,"column":6},"end":{"line":174,"column":null}},"type":"if","locations":[{"start":{"line":145,"column":6},"end":{"line":174,"column":null}},{"start":{},"end":{}}],"line":145},"15":{"loc":{"start":{"line":145,"column":10},"end":{"line":145,"column":57}},"type":"binary-expr","locations":[{"start":{"line":145,"column":10},"end":{"line":145,"column":28}},{"start":{"line":145,"column":28},"end":{"line":145,"column":57}}],"line":145},"16":{"loc":{"start":{"line":150,"column":10},"end":{"line":150,"column":null}},"type":"if","locations":[{"start":{"line":150,"column":10},"end":{"line":150,"column":null}},{"start":{},"end":{}}],"line":150},"17":{"loc":{"start":{"line":151,"column":10},"end":{"line":151,"column":null}},"type":"if","locations":[{"start":{"line":151,"column":10},"end":{"line":151,"column":null}},{"start":{},"end":{}}],"line":151},"18":{"loc":{"start":{"line":152,"column":10},"end":{"line":152,"column":null}},"type":"if","locations":[{"start":{"line":152,"column":10},"end":{"line":152,"column":null}},{"start":{},"end":{}}],"line":152},"19":{"loc":{"start":{"line":157,"column":10},"end":{"line":157,"column":null}},"type":"if","locations":[{"start":{"line":157,"column":10},"end":{"line":157,"column":null}},{"start":{},"end":{}}],"line":157},"20":{"loc":{"start":{"line":158,"column":10},"end":{"line":158,"column":null}},"type":"if","locations":[{"start":{"line":158,"column":10},"end":{"line":158,"column":null}},{"start":{},"end":{}}],"li
[...]
e":89,"column":null}},"25":{"start":{"line":90,"column":29},"end":{"line":90,"column":null}},"26":{"start":{"line":91,"column":29},"end":{"line":91,"column":null}},"27":{"start":{"line":108,"column":2},"end":{"line":110,"column":null}},"28":{"start":{"line":109,"column":4},"end":{"line":109,"column":null}},"29":{"start":{"line":112,"column":40},"end":{"line":112,"column":null}},"30":{"start":{"line":118,"column":2},"end":{"line":120,"column":null}},"31":{"start":{"line":119,"column":4},"end":{"line":119,"column":null}},"32":{"start":{"line":122,"column":26},"end":{"line":122,"column":null}},"33":{"start":{"line":123,"column":2},"end":{"line":125,"column":null}},"34":{"start":{"line":124,"column":4},"end":{"line":124,"column":null}},"35":{"start":{"line":127,"column":2},"end":{"line":129,"column":null}},"36":{"start":{"line":128,"column":4},"end":{"line":128,"column":null}},"37":{"start":{"line":132,"column":2},"end":{"line":142,"column":null}},"38":{"start":{"line":133,"column":4},"end":{"line":135,"column":null}},"39":{"start":{"line":134,"column":6},"end":{"line":134,"column":null}},"40":{"start":{"line":137,"column":19},"end":{"line":137,"column":null}},"41":{"start":{"line":138,"column":4},"end":{"line":140,"column":null}},"42":{"start":{"line":139,"column":6},"end":{"line":139,"column":null}},"43":{"start":{"line":141,"column":4},"end":{"line":141,"column":null}},"44":{"start":{"line":145,"column":2},"end":{"line":153,"column":null}},"45":{"start":{"line":146,"column":4},"end":{"line":148,"column":null}},"46":{"start":{"line":147,"column":6},"end":{"line":147,"column":null}},"47":{"start":{"line":149,"column":4},"end":{"line":149,"column":null}},"48":{"start":{"line":150,"column":4},"end":{"line":152,"column":null}},"49":{"start":{"line":151,"column":6},"end":{"line":151,"column":null}},"50":{"start":{"line":155,"column":2},"end":{"line":162,"column":null}},"51":{"start":{"line":166,"column":2},"end":{"line":168,"column":null}},"52":{"start":{"line":167,"column":4},"end":{"line":167,"column":null}},"53":{"start":{"line":170,"column":35},"end":{"line":170,"column":null}},"54":{"start":{"line":175,"column":2},"end":{"line":177,"column":null}},"55":{"start":{"line":176,"column":4},"end":{"line":176,"column":null}},"56":{"start":{"line":179,"column":22},"end":{"line":179,"column":null}},"57":{"start":{"line":180,"column":2},"end":{"line":182,"column":null}},"58":{"start":{"line":181,"column":4},"end":{"line":181,"column":null}},"59":{"start":{"line":184,"column":2},"end":{"line":186,"column":null}},"60":{"start":{"line":185,"column":4},"end":{"line":185,"column":null}},"61":{"start":{"line":189,"column":2},"end":{"line":204,"column":null}},"62":{"start":{"line":190,"column":4},"end":{"line":192,"column":null}},"63":{"start":{"line":191,"column":6},"end":{"line":191,"column":null}},"64":{"start":{"line":194,"column":4},"end":{"line":203,"column":null}},"65":{"start":{"line":195,"column":25},"end":{"line":195,"column":null}},"66":{"start":{"line":196,"column":6},"end":{"line":198,"column":null}},"67":{"start":{"line":197,"column":8},"end":{"line":197,"column":null}},"68":{"start":{"line":200,"column":6},"end":{"line":200,"column":null}},"69":{"start":{"line":202,"column":6},"end":{"line":202,"column":null}},"70":{"start":{"line":206,"column":2},"end":{"line":212,"column":null}},"71":{"start":{"line":216,"column":2},"end":{"line":218,"column":null}},"72":{"start":{"line":217,"column":4},"end":{"line":217,"column":null}},"73":{"start":{"line":220,"column":20},"end":{"line":220,"column":null}},"74":{"start":{"line":221,"column":2},"end":{"line":223,"column":null}},"75":{"start":{"line":222,"column":4},"end":{"line":222,"column":null}},"76":{"start":{"line":225,"column":2},"end":{"line":227,"column":null}},"77":{"start":{"line":226,"column":4},"end":{"line":226,"column":null}},"78":{"start":{"line":229,"column":2},"end":{"line":232,"column":null}},"79":{"start":{"line":236,"column":2},"end":{"line":236,"column":null}},"80":{"start":{"line":240,"column":18},"end":{"line":240,"column":null}},"81":{"start":{"line":241,"column":2},"end":{"line":243,"column":null}},"82":{"start":{"line":242,"column":4},"end":{"line":242,"column":null}},"83":{"start":{"line":245,"column":2},"end":{"line":254,"column":null}},"84":{"start":{"line":246,"column":19},"end":{"line":246,"column":null}},"85":{"start":{"line":247,"column":10},"end":{"line":247,"column":null}},"86":{"start":{"line":248,"column":4},"end":{"line":250,"column":null}},"87":{"start":{"line":249,"column":6},"end":{"line":249,"column":null}},"88":{"start":{"line":251,"column":4},"end":{"line":251,"column":null}},"89":{"start":{"line":253,"column":4},"end":{"line":253,"column":null}}},"fnMap":{"0":{"name":"validateEmail","decl":{"start":{"line":29,"column":16},"end":{"line":29,"column":30}},"loc":{"start":{"line":29,"column":64},"end":{"line":61,"column":null}},"line":29},"1":{"name":"sanitizeUrlForBurner","decl":{"start":{"line":73,"column":16},"end":{"line":73,"column":37}},"loc":{"start":{"line":73,"column":84},"end":{"line":85,"column":null}},"line":73},"2":{"name":"validateFeedbackPayload","decl":{"start":{"line":107,"column":16},"end":{"line":107,"column":40}},"loc":{"start":{"line":107,"column":81},"end":{"line":163,"column":null}},"line":107},"3":{"name":"validateEventPayload","decl":{"start":{"line":165,"column":16},"end":{"line":165,"column":37}},"loc":{"start":{"line":165,"column":75},"end":{"line":213,"column":null}},"line":165},"4":{"name":"validateComplianceScore","decl":{"start":{"line":215,"column":16},"end":{"line":215,"column":40}},"loc":{"start":{"line":215,"column":78},"end":{"line":233,"column":null}},"line":215},"5":{"name":"isPlainObject","decl":{"start":{"line":235,"column":9},"end":{"line":235,"column":23}},"loc":{"start":{"line":235,"column":61},"end":{"line":237,"column":null}},"line":235},"6":{"name":"sanitizeOptionalUrl","decl":{"start":{"line":239,"column":9},"end":{"line":239,"column":29}},"loc":{"start":{"line":239,"column":109},"end":{"line":255,"column":null}},"line":239}},"branchMap":{"0":{"loc":{"start":{"line":30,"column":2},"end":{"line":32,"column":null}},"type":"if","locations":[{"start":{"line":30,"column":2},"end":{"line":32,"column":null}},{"start":{},"end":{}}],"line":30},"1":{"loc":{"start":{"line":30,"column":6},"end":{"line":30,"column":43}},"type":"binary-expr","locations":[{"start":{"line":30,"column":6},"end":{"line":30,"column":16}},{"start":{"line":30,"column":16},"end":{"line":30,"column":43}}],"line":30},"2":{"loc":{"start":{"line":36,"column":2},"end":{"line":38,"column":null}},"type":"if","locations":[{"start":{"line":36,"column":2},"end":{"line":38,"column":null}},{"start":{},"end":{}}],"line":36},"3":{"loc":{"start":{"line":40,"column":2},"end":{"line":42,"column":null}},"type":"if","locations":[{"start":{"line":40,"column":2},"end":{"line":42,"column":null}},{"start":{},"end":{}}],"line":40},"4":{"loc":{"start":{"line":46,"column":2},"end":{"line":48,"column":null}},"type":"if","locations":[{"start":{"line":46,"column":2},"end":{"line":48,"column":null}},{"start":{},"end":{}}],"line":46},"5":{"loc":{"start":{"line":52,"column":2},"end":{"line":54,"column":null}},"type":"if","locations":[{"start":{"line":52,"column":2},"end":{"line":54,"column":null}},{"start":{},"end":{}}],"line":52},"6":{"loc":{"start":{"line":56,"column":2},"end":{"line":58,"column":null}},"type":"if","locations":[{"start":{"line":56,"column":2},"end":{"line":58,"column":null}},{"start":{},"end":{}}],"line":56},"7":{"loc":{"start":{"line":74,"column":2},"end":{"line":76,"column":null}},"type":"if","locations":[{"start":{"line":74,"column":2},"end":{"line":76,"column":null}},{"start":{},"end":{}}],"line":74},"8":{"loc":{"start":{"line":108,"column":2},"end":{"line":110,"column":null}},"type":"if","locations":[{"start":{"line":108,"column":2},"end":{"line":110,"column":null}},{"start":{},"end":{}}],"line":108},"9":{"loc":{"start":{"line":118,"column":2},"end":{"line":120,"column":null}},"type":"if","locations":[{"start":{"line":118,"column":2},"end":{"line":120,"column":null}},{"start":{},"end":{}}],"line":118},"10":{"loc":{"start":{"line":123,"column":2},"end":{"line":125,"column":null}},"type":"if","locations":[{"start":{"line":123,"column":2},"end":{"line":125,"column":null}},{"start":{},"end":{}}],"line":123},"11":{"loc":{"start":{"line":127,"column":2},"end":{"line":129,"column":null}},"type":"if","locations":[{"start":{"line":127,"column":2},"end":{"line":129,"column":null}},{"start":{},"end":{}}],"line":127},"12":{"loc":{"start":{"line":132,"column":2},"end":{"line":142,"column":null}},"type":"if","locations":[{"start":{"line":132,"column":2},"end":{"line":142,"column":null}},{"start":{},"end":{}}],"line":132},"13":{"loc":{"start":{"line":133,"column":4},"end":{"line":135,"column":null}},"type":"if","locations":[{"start":{"line":133,"column":4},"end":{"line":135,"column":null}},{"start":{},"end":{}}],"line":133},"14":{"loc":{"start":{"line":138,"column":4},"end":{"line":140,"column":null}},"type":"if","locations":[{"start":{"line":138,"column":4},"end":{"line":140,"column":null}},{"start":{},"end":{}}],"line":138},"15":{"loc":{"start":{"line":145,"column":2},"end":{"line":153,"column":null}},"type":"if","locations":[{"start":{"line":145,"column":2},"end":{"line":153,"column":null}},{"start":{},"end":{}}],"line":145},"16":{"loc":{"start":{"line":146,"column":4},"end":{"line":148,"column":null}},"type":"if","locations":[{"start":{"line":146,"column":4},"end":{"line":148,"column":null}},{"start":{},"end":{}}],"line":146},"17":{"loc":{"start":{"line":150,"column":4},"end":{"line":152,"column":null}},"type":"if","locations":[{"start":{"line":150,"column":4},"end":{"line":152,"column":null}},{"start":{},"end":{}}],"line":150},"18":{"loc":{"start":{"line":159,"column":10},"end":{"line":159,"column":null}},"type":"cond-expr","locations":[{"start":{"line":159,"column":25},"end":{"line":159,"column":49}},{"start":{"line":159,"column":49},"end":{"line":159,"column":null}}],"line":159},"19":{"loc":{"start":{"line":160,"column":10},"end":{"line":160,"column":null}},"type":"cond-expr","locations":[{"start":{"line":160,"column":28},"end":{"line":160,"column":58}},{"start":{"line":160,"column":58},"end":{"line":160,"column":null}}],"line":160},"20":{"loc":{"start":{"line":166,"column":2},"end":{"line":168,"column":null}},"type":"if","locations":[{"start":{"line":166,"column":2},"end":{"line":168,"column":null}},{"start":{},"end":{}}],"line":166},"21":{"loc":{"start":{"line":175,"column":2},"end":{"line":177,"column":null}},"type":"if","locations":[{"start":{"line":175,"column":2},"end":{"line":177,"column":null}},{"start":{},"end":{}}],"line":175},"22":{"loc":{"start":{"line":180,"column":2},"end":{"line":182,"column":null}},"type":"if","locations":[{"start":{"line":180,"column":2},"end":{"line":182,"column":null}},{"start":{},"end":{}}],"line":180},"23":{"loc":{"start":{"line":184,"column":2},"end":{"line":186,"column":null}},"type":"if","locations":[{"start":{"line":184,"column":2},"end":{"line":186,"column":null}},{"start":{},"end":{}}],"line":184},"24":{"loc":{"start":{"line":189,"column":2},"end":{"line":204,"column":null}},"type":"if","locations":[{"start":{"line":189,"column":2},"end":{"line":204,"column":null}},{"start":{},"end":{}}],"line":189},"25":{"loc":{"start":{"line":190,"column":4},"end":{"line":192,"column":null}},"type":"if","locations":[{"start":{"line":190,"column":4},"end":{"line":192,"column":null}},{"start":{},"end":{}}],"line":190},"26":{"loc":{"start":{"line":196,"column":6},"end":{"line":198,"column":null}},"type":"if","locations":[{"start":{"line":196,"column":6},"end":{"line":198,"column":null}},{"start":{},"end":{}}],"line":196},"27":{"loc":{"start":{"line":210,"column":10},"end":{"line":210,"column":null}},"type":"cond-expr","locations":[{"start":{"line":210,"column":31},"end":{"line":210,"column":67}},{"start":{"line":210,"column":67},"end":{"line":210,"column":null}}],"line":210},"28":{"loc":{"start":{"line":216,"column":2},"end":{"line":218,"column":null}},"type":"if","locations":[{"start":{"line":216,"column":2},"end":{"line":218,"column":null}},{"start":{},"end":{}}],"line":216},"29":{"loc":{"start":{"line":221,"column":2},"end":{"line":223,"column":null}},"type":"if","locations":[{"start":{"line":221,"column":2},"end":{"line":223,"column":null}},{"start":{},"end":{}}],"line":221},"30":{"loc":{"start":{"line":221,"column":6},"end":{"line":221,"column":83}},"type":"binary-expr","locations":[{"start":{"line":221,"column":6},"end":{"line":221,"column":35}},{"start":{"line":221,"column":35},"end":{"line":221,"column":58}},{"start":{"line":221,"column":58},"end":{"line":221,"column":83}}],"line":221},"31":{"loc":{"start":{"line":225,"column":2},"end":{"line":227,"column":null}},"type":"if","locations":[{"start":{"line":225,"column":2},"end":{"line":227,"column":null}},{"start":{},"end":{}}],"line":225},"32":{"loc":{"start":{"line":225,"column":6},"end":{"line":225,"column":68}},"type":"binary-expr","locations":[{"start":{"line":225,"column":6},"end":{"line":225,"column":38}},{"start":{"line":225,"column":38},"end":{"line":225,"column":68}}],"line":225},"33":{"loc":{"start":{"line":236,"column":9},"end":{"line":236,"column":null}},"type":"binary-expr","locations":[{"start":{"line":236,"column":9},"end":{"line":236,"column":38}},{"start":{"line":236,"column":38},"end":{"line":236,"column":56}},{"start":{"line":236,"column":56},"end":{"line":236,"column":null}}],"line":236},"34":{"loc":{"start":{"line":241,"column":2},"end":{"line":243,"column":null}},"type":"if","locations":[{"start":{"line":241,"column":2},"end":{"line":243,"column":null}},{"start":{},"end":{}}],"line":241},"35":{"loc":{"start":{"line":248,"column":4},"end":{"line":250,"column":null}},"type":"if","locations":[{"start":{"line":248,"column":4},"end":{"line":250,"column":null}},{"start":{},"end":{}}],"line":248},"36":{"loc":{"start":{"line":248,"column":8},"end":{"line":248,"column":53}},"type":"binary-expr","locations":[{"start":{"line":248,"column":8},"end":{"line":248,"column":22}},{"start":{"line":248,"column":22},"end":{"line":248,"column":53}}],"line":248}},"s":{"0":0,"1":0,"2":0,"3":0,"4":0,"5":0,"6":0,"7":0,"8":0,"9":0,"10":0,"11":0,"12":0,"13":0,"14":0,"15":0,"16":0,"17":0,"18":0,"19":0,"20":0,"21":0,"22":6,"23":6,"24":6,"25":6,"26":6,"27":12,"28":1,"29":11,"30":11,"31":1,"32":10,"33":10,"34":2,"35":8,"36":1,"37":7,"38":4,"39":1,"40":3,"41":3,"42":1,"43":2,"44":5,"45":4,"46":1,"47":3,"48":3,"49":1,"50":4,"51":10,"52":1,"53":9,"54":9,"55":1,"56":8,"57":8,"58":1,"59":7,"60":1,"61":6,"62":6,"63":2,"64":4,"65":4,"66":4,"67":1,"68":2,"69":1,"70":2,"71":12,"72":1,"73":11,"74":11,"75":4,"76":7,"77":3,"78":4,"79":40,"80":3,"81":3,"82":0,"83":3,"84":3,"85":3,"86":3,"87":0,"88":2,"89":1},"f":{"0":0,"1":0,"2":12,"3":10,"4":12,"5":40,"6":3},"b":{"0":[0,0],"1":[0,0],"2":[0,0],"3":[0,0],"4":[0,0],"5":[0,0],"6":[0,0],"7":[0,0],"8":[1,11],"9":[1,10],"10":[2,8],"11":[1,7],"12":[4,3],"13":[1,3],"14":[1,2],"15":[4,1],"16":[1,3],"17":[1,2],"18":[2,2],"19":[2,2],"20":[1,9],"21":[1,8],"22":[1,7],"23":[1,6],"24":[6,0],"25":[2,4],"26":[1,3],"27":[2,0],"28":[1,11],"29":[4,7],"30":[11,9,8],"31":[3,4],"32":[7,6],"33":[40,35,35],"34":[0,3],"35":[0,3],"36":[3,2]},"meta":{"lastBranch":37,"lastFunction":7,"lastStatement":90,"seen":{"f:29:16:29:30":0,"b:30:2:32:Infinity:undefined:undefined:undefined:undefined":0,"s:30:2:32:Infinity":0,"b:30:6:30:16:30:16:30:43":1,"s:31:4:31:Infinity":1,"s:34:18:34:Infinity":2,"b:36:2:38:Infinity:undefined:undefined:undefined:undefined":2,"s:36:2:38:Infinity":3,"s:37:4:37:Infinity":4,"b:40:2:42:Infinity:undefined:undefined:undefined:undefined":3,"s:40:2:42:Infinity":5,"s:41:4:41:Infinity":6,"s:45:21:45:Infinity":7,"b:46:2:48:Infinity:undefined:undefined:undefined:undefined":4,"s:46:2:48:Infinity":8,"s:47:4:47:Infinity":9,"s:50:30:50:Infinity":10,"b:52:2:54:Infinity:undefined:undefined:undefined:undefined":5,"s:52:2:54:Infinity":11,"s:53:4:53:Infinity":12,"b:56:2:58:Infinity:undefined:undefined:undefined:undefined":6,"s:56:2:58:Infinity":13,"s:57:4:57:Infinity":14,"s:60:2:60:Infinity":15,"f:73:16:73:37":1,"b:74:2:76:Infinity:undefined:undefined:undefined:undefined":7,"s:74:2:76:Infinity":16,"s:75:4:75:Infinity":17,"s:78:2:84:Infinity":18,"s:79:19:79:Infinity":19,"s:80:4:80:Infinity":20,"s:83:4:83:Infinity":21,"s:87:28:87:Infinity":22,"s:88:30:88:Infinity":23,"s:89:29:89:Infinity":24,"s:90:29:90:Infinity":25,"s:91:29:91:Infinity":26,"f:107:16:107:40":2,"b:108:2:110:Infinity:undefined:undefined:undefined:undefined":8,"s:108:2:110:Infinity":27,"s:109:4:109:Infinity":28,"s:112:40:112:Infinity":29,"b:118:2:120:Infinity:undefined:undefined:undefined:undefined":9,"s:118:2:120:Infinity":30,"s:119:4:119:Infinity":31,"s:122:26:122:Infinity":32,"b:123:2:125:Infinity:undefined:undefined:undefined:undefined":10,"s:123:2:125:Infinity":33,"s:124:4:124:Infinity":34,"b:127:2:129:Infinity:undefined:undefined:undefined:undefined":11,"s:127:2:129:Infinity":35,"s:128:4:128:Infinity":36,"b:132:2:142:Infinity:undefined:undefined:undefined:undefined":12,"s:132:2:142:Infinity":37,"b:133:4:135:Infinity:undefined:undefined:undefined:undefined":13,"s:133:4:135:Infinity":38,"s:134:6:134:Infinity":39,"s:137:19:137:Infinity":40,"b:138:4:140:Infinity:undefined:undefined:undefined:undefined":14,"s:138:4:140:Infinity":41,"s:139:6:139:Infinity":42,"s:141:4:141:Infinity":43,"b:145:2:153:Infinity:undefined:undefined:undefined:undefined":15,"s:145:2:153:Infinity":44,"b:146:4:148:Infinity:undefined:undefined:undefined:undefined":16,"s:146:4:148:Infinity":45,"s:147:6:147:Infinity":46,"s:149:4:149:Infinity":47,"b:150:4:152:Infinity:undefined:undefined:undefined:undefined":17,"s:150:4:152:Infinity":48,"s:151:6:151:Infinity":49,"s:155:2:162:Infinity":50,"b:159:25:159:49:159:49:159:Infinity":18,"b:160:28:160:58:160:58:160:Infinity":19,"f:165:16:165:37":3,"b:166:2:168:Infinity:undefined:undefined:undefined:undefined":20,"s:166:2:168:Infinity":51,"s:167:4:167:Infinity":52,"s:170:35:170:Infinity":53,"b:175:2:177:Infinity:undefined:undefined:undefined:undefined":21,"s:175:2:177:Infinity":54,"s:176:4:176:Infinity":55,"s:179:22:179:Infinity":56,"b:180:2:182:Infinity:undefined:undefined:undefined:undefined":22,"s:180:2:182:Infinity":57,"s:181:4:181:Infinity":58,"b:184:2:186:Infinity:undefined:undefined:undefined:undefined":23,"s:184:2:186:Infinity":59,"s:185:4:185:Infinity":60,"b:189:2:204:Infinity:undefined:undefined:undefined:undefined":24,"s:189:2:204:Infinity":61,"b:190:4:192:Infinity:undefined:undefined:undefined:undefined":25,"s:190:4:192:Infinity":62,"s:191:6:191:Infinity":63,"s:194:4:203:Infinity":64,"s:195:25:195:Infinity":65,"b:196:6:198:Infinity:undefined:undefined:undefined:undefined":26,"s:196:6:198:Infinity":66,"s:197:8:197:Infinity":67,"s:200:6:200:Infinity":68,"s:202:6:202:Infinity":69,"s:206:2:212:Infinity":70,"b:210:31:210:67:210:67:210:Infinity":27,"f:215:16:215:40":4,"b:216:2:218:Infinity:undefined:undefined:undefined:undefined":28,"s:216:2:218:Infinity":71,"s:217:4:217:Infinity":72,"s:220:20:220:Infinity":73,"b:221:2:223:Infinity:undefined:undefined:undefined:undefined":29,"s:221:2:223:Infinity":74,"b:221:6:221:35:221:35:221:58:221:58:221:83":30,"s:222:4:222:Infinity":75,"b:225:2:227:Infinity:undefined:undefined:undefined:undefined":31,"s:225:2:227:Infinity":76,"b:225:6:225:38:225:38:225:68":32,"s:226:4:226:Infinity":77,"s:229:2:232:Infinity":78,"f:235:9:235:23":5,"s:236:2:236:Infinity":79,"b:236:9:236:38:236:38:236:56:236:56:236:Infinity":33,"f:239:9:239:29":6,"s:240:18:240:Infinity":80,"b:241:2:243:Infinity:undefined:undefined:undefined:undefined":34,"s:241:2:243:Infinity":81,"s:242:4:242:Infinity":82,"s:245:2:254:Infinity":83,"s:246:19:246:Infinity":84,"s:247:10:247:Infinity":85,"b:248:4:250:Infinity:undefined:undefined:undefined:undefined":35,"s:248:4:250:Infinity":86,"b:248:8:248:22:248:22:248:53":36,"s:249:6:249:Infinity":87,"s:251:4:251:Infinity":88,"s:253:4:253:Infinity":89}}}
}
