TN:
SF:src/background/burner-email-service.ts
FN:21,(anonymous_0)
FN:26,(anonymous_1)
FN:34,(anonymous_2)
FN:46,(anonymous_3)
FN:58,(anonymous_4)
FN:70,(anonymous_5)
FN:74,(anonymous_6)
FN:123,(anonymous_7)
FN:131,(anonymous_8)
FN:149,(anonymous_9)
FN:198,(anonymous_10)
FN:255,(anonymous_11)
FN:269,(anonymous_12)
FN:294,(anonymous_13)
FN:302,(anonymous_14)
FN:324,(anonymous_15)
FNF:16
FNH:4
FNDA:1,(anonymous_0)
FNDA:0,(anonymous_1)
FNDA:0,(anonymous_2)
FNDA:0,(anonymous_3)
FNDA:1,(anonymous_4)
FNDA:32,(anonymous_5)
FNDA:0,(anonymous_6)
FNDA:0,(anonymous_7)
FNDA:3,(anonymous_8)
FNDA:0,(anonymous_9)
FNDA:0,(anonymous_10)
FNDA:0,(anonymous_11)
FNDA:0,(anonymous_12)
FNDA:0,(anonymous_13)
FNDA:0,(anonymous_14)
FNDA:0,(anonymous_15)
DA:9,1
DA:10,1
DA:11,1
DA:14,1
DA:15,1
DA:16,1
DA:17,1
DA:18,1
DA:19,1
DA:22,1
DA:23,1
DA:27,0
DA:28,0
DA:35,0
DA:37,0
DA:38,0
DA:41,0
DA:42,0
DA:43,0
DA:47,0
DA:48,0
DA:50,0
DA:51,0
DA:52,0
DA:53,0
DA:55,0
DA:59,1
DA:60,1
DA:67,1
DA:68,1
DA:69,1
DA:70,32
DA:71,1
DA:75,0
DA:76,0
DA:78,0
DA:79,0
DA:82,0
DA:83,0
DA:84,0
DA:88,0
DA:101,0
DA:102,0
DA:103,0
DA:106,0
DA:108,0
DA:109,0
DA:110,0
DA:113,0
DA:114,0
DA:117,0
DA:118,0
DA:119,0
DA:120,0
DA:124,0
DA:125,0
DA:126,0
DA:128,0
DA:132,3
DA:133,3
DA:134,3
DA:135,3
DA:136,3
DA:137,3
DA:141,3
DA:142,3
DA:143,1
DA:144,1
DA:146,2
DA:150,0
DA:151,0
DA:152,0
DA:153,0
DA:154,0
DA:155,0
DA:156,0
DA:160,0
DA:161,0
DA:162,0
DA:163,0
DA:164,0
DA:169,0
DA:170,0
DA:171,0
DA:172,0
DA:174,0
DA:176,0
DA:177,0
DA:183,0
DA:184,0
DA:185,0
DA:186,0
DA:189,0
DA:197,0
DA:198,0
DA:206,0
DA:208,0
DA:211,0
DA:212,0
DA:214,0
DA:215,0
DA:218,0
DA:220,0
DA:223,0
DA:224,0
DA:227,0
DA:229,0
DA:232,0
DA:233,0
DA:236,0
DA:237,0
DA:238,0
DA:241,0
DA:244,0
DA:245,0
DA:247,0
DA:249,0
DA:250,0
DA:251,0
DA:256,0
DA:258,0
DA:259,0
DA:260,0
DA:263,0
DA:264,0
DA:267,0
DA:269,0
DA:274,0
DA:276,0
DA:277,0
DA:280,0
DA:283,0
DA:284,0
DA:285,0
DA:287,0
DA:289,0
DA:290,0
DA:295,0
DA:296,0
DA:297,0
DA:300,0
DA:302,0
DA:307,0
DA:309,0
DA:310,0
DA:313,0
DA:316,0
DA:317,0
DA:319,0
DA:320,0
DA:325,0
DA:326,0
DA:327,0
DA:329,0
DA:330,0
DA:335,1
LF:156
LH:30
BRDA:37,0,0,0
BRDA:37,0,1,0
BRDA:47,1,0,0
BRDA:47,1,1,0
BRDA:51,2,0,0
BRDA:51,2,1,0
BRDA:51,3,0,0
BRDA:51,3,1,0
BRDA:75,4,0,0
BRDA:75,4,1,0
BRDA:78,5,0,0
BRDA:78,5,1,0
BRDA:84,6,0,0
BRDA:84,6,1,0
BRDA:97,7,0,0
BRDA:97,7,1,0
BRDA:101,8,0,0
BRDA:101,8,1,0
BRDA:108,9,0,0
BRDA:108,9,1,0
BRDA:113,10,0,0
BRDA:113,10,1,0
BRDA:117,11,0,0
BRDA:117,11,1,0
BRDA:123,12,0,0
BRDA:125,13,0,0
BRDA:125,13,1,0
BRDA:125,14,0,0
BRDA:125,14,1,0
BRDA:125,14,2,0
BRDA:131,15,0,3
BRDA:134,16,0,3
BRDA:134,16,1,3
BRDA:142,17,0,1
BRDA:142,17,1,2
BRDA:142,18,0,3
BRDA:142,18,1,1
BRDA:154,19,0,0
BRDA:154,19,1,0
BRDA:162,20,0,0
BRDA:162,20,1,0
BRDA:170,21,0,0
BRDA:170,21,1,0
BRDA:171,22,0,0
BRDA:171,22,1,0
BRDA:176,23,0,0
BRDA:176,23,1,0
BRDA:184,24,0,0
BRDA:184,24,1,0
BRDA:184,25,0,0
BRDA:184,25,1,0
BRDA:193,26,0,0
BRDA:193,26,1,0
BRDA:194,27,0,0
BRDA:194,27,1,0
BRDA:218,28,0,0
BRDA:218,28,1,0
BRDA:220,29,0,0
BRDA:220,29,1,0
BRDA:222,30,0,0
BRDA:222,30,1,0
BRDA:222,30,2,0
BRDA:227,31,0,0
BRDA:227,31,1,0
BRDA:229,32,0,0
BRDA:229,32,1,0
BRDA:231,33,0,0
BRDA:231,33,1,0
BRDA:231,33,2,0
BRDA:236,34,0,0
BRDA:236,34,1,0
BRDA:236,35,0,0
BRDA:236,35,1,0
BRDA:255,36,0,0
BRDA:258,37,0,0
BRDA:258,37,1,0
BRDA:258,38,0,0
BRDA:258,38,1,0
BRDA:258,38,2,0
BRDA:263,39,0,0
BRDA:263,39,1,0
BRDA:276,40,0,0
BRDA:276,40,1,0
BRDA:276,41,0,0
BRDA:276,41,1,0
BRDA:277,42,0,0
BRDA:277,42,1,0
BRDA:280,43,0,0
BRDA:280,43,1,0
BRDA:296,44,0,0
BRDA:296,44,1,0
BRDA:309,45,0,0
BRDA:309,45,1,0
BRDA:309,46,0,0
BRDA:309,46,1,0
BRDA:310,47,0,0
BRDA:310,47,1,0
BRF:97
BRH:7
end_of_record
TN:
SF:src/background/event-emitter.ts
FN:52,(anonymous_0)
FN:59,(anonymous_1)
FN:66,(anonymous_2)
FN:80,(anonymous_3)
FN:90,(anonymous_4)
FN:99,(anonymous_5)
FN:111,(anonymous_6)
FN:118,(anonymous_7)
FN:126,(anonymous_8)
FN:137,(anonymous_9)
FNF:10
FNH:4
FNDA:20,(anonymous_0)
FNDA:1,(anonymous_1)
FNDA:4,(anonymous_2)
FNDA:0,(anonymous_3)
FNDA:0,(anonymous_4)
FNDA:0,(anonymous_5)
FNDA:4,(anonymous_6)
FNDA:0,(anonymous_7)
FNDA:0,(anonymous_8)
FNDA:0,(anonymous_9)
DA:48,12
DA:49,12
DA:50,12
DA:53,20
DA:54,19
DA:56,20
DA:60,1
DA:61,1
DA:62,1
DA:67,4
DA:69,4
DA:70,4
DA:71,1
DA:75,3
DA:76,4
DA:77,4
DA:79,4
DA:80,0
DA:81,0
DA:85,0
DA:91,0
DA:93,0
DA:94,0
DA:95,0
DA:99,0
DA:100,0
DA:101,0
DA:103,0
DA:104,0
DA:108,0
DA:112,4
DA:113,4
DA:114,0
DA:119,0
DA:120,0
DA:121,0
DA:123,0
DA:127,0
DA:128,0
DA:130,0
DA:131,0
DA:132,0
DA:134,0
DA:138,0
DA:139,0
DA:141,0
DA:146,12
LF:47
LH:20
BRDA:53,0,0,19
BRDA:53,0,1,1
BRDA:61,1,0,1
BRDA:61,1,1,0
BRDA:70,2,0,1
BRDA:70,2,1,3
BRDA:70,3,0,4
BRDA:70,3,1,4
BRDA:79,4,0,0
BRDA:79,4,1,4
BRDA:94,5,0,0
BRDA:94,5,1,0
BRDA:94,6,0,0
BRDA:94,6,1,0
BRDA:113,7,0,0
BRDA:113,7,1,4
BRDA:121,8,0,0
BRDA:121,8,1,0
BRDA:127,9,0,0
BRDA:127,9,1,0
BRDA:128,10,0,0
BRDA:128,10,1,0
BRDA:138,11,0,0
BRDA:138,11,1,0
BRF:24
BRH:9
end_of_record
TN:
SF:src/background/feedback-telemetry-service.ts
FN:25,(anonymous_0)
FN:37,(anonymous_1)
FN:49,(anonymous_2)
FN:58,(anonymous_3)
FN:131,(anonymous_4)
FN:168,(anonymous_5)
FNF:6
FNH:0
FNDA:0,(anonymous_0)
FNDA:0,(anonymous_1)
FNDA:0,(anonymous_2)
FNDA:0,(anonymous_3)
FNDA:0,(anonymous_4)
FNDA:0,(anonymous_5)
DA:6,0
DA:7,0
DA:8,0
DA:22,0
DA:23,0
DA:26,0
DA:27,0
DA:28,0
DA:29,0
DA:33,0
DA:38,0
DA:40,0
DA:41,0
DA:44,0
DA:45,0
DA:46,0
DA:50,0
DA:51,0
DA:52,0
DA:54,0
DA:59,0
DA:60,0
DA:61,0
DA:64,0
DA:70,0
DA:79,0
DA:88,0
DA:93,0
DA:94,0
DA:96,0
DA:98,0
DA:99,0
DA:101,0
DA:103,0
DA:104,0
DA:105,0
DA:109,0
DA:110,0
DA:112,0
DA:113,0
DA:116,0
DA:117,0
DA:118,0
DA:119,0
DA:122,0
DA:123,0
DA:125,0
DA:126,0
DA:127,0
DA:132,0
DA:133,0
DA:134,0
DA:135,0
DA:136,0
DA:139,0
DA:140,0
DA:143,0
DA:158,0
DA:159,0
DA:162,0
DA:164,0
DA:169,0
DA:170,0
DA:172,0
DA:176,0
LF:65
LH:0
BRDA:40,0,0,0
BRDA:40,0,1,0
BRDA:60,1,0,0
BRDA:60,1,1,0
BRDA:73,2,0,0
BRDA:73,2,1,0
BRDA:74,3,0,0
BRDA:74,3,1,0
BRDA:96,4,0,0
BRDA:96,4,1,0
BRDA:103,5,0,0
BRDA:103,5,1,0
BRDA:103,5,2,0
BRDA:116,6,0,0
BRDA:116,6,1,0
BRDA:117,7,0,0
BRDA:117,7,1,0
BRDA:134,8,0,0
BRDA:134,8,1,0
BRDA:139,9,0,0
BRDA:139,9,1,0
BRDA:152,10,0,0
BRDA:152,10,1,0
BRDA:158,11,0,0
BRDA:158,11,1,0
BRDA:169,12,0,0
BRDA:169,12,1,0
BRF:27
BRH:0
end_of_record
TN:
SF:src/background/firewall-engine.ts
FN:37,(anonymous_0)
FN:59,(anonymous_1)
FN:63,(anonymous_2)
FN:71,(anonymous_3)
FN:73,(anonymous_4)
FN:76,(anonymous_5)
FN:79,(anonymous_6)
FN:85,(anonymous_7)
FN:93,(anonymous_8)
FN:99,(anonymous_9)
FN:149,(anonymous_10)
FN:156,(anonymous_11)
FN:180,(anonymous_12)
FN:194,(anonymous_13)
FN:204,(anonymous_14)
FN:238,(anonymous_15)
FN:242,(anonymous_16)
FN:264,(anonymous_17)
FN:269,(anonymous_18)
FN:304,(anonymous_19)
FN:323,(anonymous_20)
FN:333,(anonymous_21)
FN:343,(anonymous_22)
FN:355,(anonymous_23)
FN:363,(anonymous_24)
FN:371,(anonymous_25)
FN:375,(anonymous_26)
FN:383,(anonymous_27)
FN:398,(anonymous_28)
FNF:29
FNH:23
FNDA:3,(anonymous_0)
FNDA:3,(anonymous_1)
FNDA:0,(anonymous_2)
FNDA:3,(anonymous_3)
FNDA:0,(anonymous_4)
FNDA:3,(anonymous_5)
FNDA:18,(anonymous_6)
FNDA:24,(anonymous_7)
FNDA:3,(anonymous_8)
FNDA:3,(anonymous_9)
FNDA:0,(anonymous_10)
FNDA:0,(anonymous_11)
FNDA:3,(anonymous_12)
FNDA:0,(anonymous_13)
FNDA:0,(anonymous_14)
FNDA:3,(anonymous_15)
FNDA:3,(anonymous_16)
FNDA:4,(anonymous_17)
FNDA:3,(anonymous_18)
FNDA:3,(anonymous_19)
FNDA:3,(anonymous_20)
FNDA:3,(anonymous_21)
FNDA:3,(anonymous_22)
FNDA:3,(anonymous_23)
FNDA:4,(anonymous_24)
FNDA:3,(anonymous_25)
FNDA:3,(anonymous_26)
FNDA:3,(anonymous_27)
FNDA:3,(anonymous_28)
DA:11,3
DA:12,3
DA:15,3
DA:16,3
DA:17,3
DA:18,3
DA:19,3
DA:20,3
DA:26,3
DA:38,0
DA:40,0
DA:41,0
DA:42,0
DA:43,0
DA:45,0
DA:46,0
DA:47,0
DA:49,0
DA:54,0
DA:55,0
DA:60,6
DA:62,0
DA:63,0
DA:64,0
DA:68,0
DA:72,6
DA:73,0
DA:78,6
DA:79,18
DA:80,0
DA:84,6
DA:85,24
DA:86,0
DA:90,6
DA:96,6
DA:100,6
DA:101,6
DA:102,6
DA:104,6
DA:105,6
DA:106,6
DA:109,6
DA:116,6
DA:125,6
DA:126,6
DA:128,6
DA:129,6
DA:131,6
DA:132,6
DA:136,6
DA:137,6
DA:141,0
DA:142,0
DA:143,0
DA:145,0
DA:146,0
DA:149,0
DA:150,0
DA:151,0
DA:152,0
DA:153,0
DA:156,0
DA:157,0
DA:158,0
DA:159,0
DA:162,0
DA:172,0
DA:173,0
DA:176,0
DA:181,0
DA:183,0
DA:184,0
DA:187,0
DA:188,0
DA:190,0
DA:191,0
DA:193,0
DA:194,0
DA:197,0
DA:199,0
DA:200,0
DA:203,0
DA:204,0
DA:209,0
DA:210,0
DA:213,0
DA:219,0
DA:229,0
DA:230,0
DA:234,0
DA:239,4
DA:243,6
DA:245,6
DA:246,2
DA:247,2
DA:248,2
DA:250,2
DA:251,2
DA:252,2
DA:255,4
DA:263,6
DA:264,6
DA:265,4
DA:270,4
DA:271,4
DA:272,0
DA:275,4
DA:276,4
DA:278,4
DA:280,4
DA:294,4
DA:295,4
DA:297,4
DA:305,0
DA:307,0
DA:308,0
DA:310,0
DA:311,0
DA:312,0
DA:315,0
DA:317,0
DA:320,0
DA:324,0
DA:325,0
DA:329,0
DA:334,0
DA:335,0
DA:339,0
DA:344,4
DA:345,4
DA:346,4
DA:348,4
DA:349,4
DA:351,0
DA:357,6
DA:358,6
DA:359,2
DA:363,6
DA:364,4
DA:365,4
DA:368,6
DA:372,0
DA:376,0
DA:377,0
DA:378,0
DA:379,0
DA:385,2
DA:386,0
DA:388,2
DA:390,2
DA:391,0
DA:392,0
DA:395,2
DA:399,0
DA:401,0
DA:403,0
DA:446,0
DA:447,0
DA:448,0
DA:452,0
DA:475,0
LF:161
LH:71
BRDA:38,0,0,0
BRDA:38,0,1,0
BRDA:46,1,0,0
BRDA:46,1,1,0
BRDA:60,2,0,6
BRDA:60,2,1,0
BRDA:63,3,0,0
BRDA:63,3,1,0
BRDA:72,4,0,6
BRDA:72,4,1,0
BRDA:79,5,0,0
BRDA:79,5,1,6
BRDA:85,6,0,0
BRDA:85,6,1,6
BRDA:85,7,0,6
BRDA:85,7,1,6
BRDA:90,8,0,6
BRDA:90,8,1,0
BRDA:96,9,0,6
BRDA:96,9,1,2
BRDA:129,10,0,6
BRDA:129,10,1,0
BRDA:131,11,0,6
BRDA:131,11,1,0
BRDA:132,12,0,6
BRDA:132,12,1,0
BRDA:133,13,0,6
BRDA:133,13,1,6
BRDA:145,14,0,0
BRDA:145,14,1,0
BRDA:145,15,0,0
BRDA:145,15,1,0
BRDA:150,16,0,0
BRDA:150,16,1,0
BRDA:151,17,0,0
BRDA:151,17,1,0
BRDA:152,18,0,0
BRDA:152,18,1,0
BRDA:157,19,0,0
BRDA:157,19,1,0
BRDA:158,20,0,0
BRDA:158,20,1,0
BRDA:166,21,0,0
BRDA:166,21,1,0
BRDA:169,22,0,0
BRDA:169,22,1,0
BRDA:183,23,0,0
BRDA:183,23,1,0
BRDA:183,24,0,0
BRDA:183,24,1,0
BRDA:197,25,0,0
BRDA:197,25,1,0
BRDA:197,26,0,0
BRDA:197,26,1,0
BRDA:204,27,0,0
BRDA:204,27,1,0
BRDA:204,27,2,0
BRDA:209,28,0,0
BRDA:209,28,1,0
BRDA:209,29,0,0
BRDA:209,29,1,0
BRDA:209,29,2,0
BRDA:226,30,0,0
BRDA:226,30,1,0
BRDA:245,31,0,2
BRDA:245,31,1,4
BRDA:247,32,0,2
BRDA:247,32,1,0
BRDA:250,33,0,2
BRDA:250,33,1,0
BRDA:250,33,2,0
BRDA:251,34,0,2
BRDA:251,34,1,0
BRDA:259,35,0,4
BRDA:259,35,1,0
BRDA:271,36,0,0
BRDA:271,36,1,4
BRDA:275,37,0,4
BRDA:275,37,1,0
BRDA:285,38,0,2
BRDA:285,38,1,2
BRDA:289,39,0,4
BRDA:289,39,1,0
BRDA:289,40,0,4
BRDA:289,40,1,0
BRDA:307,41,0,0
BRDA:307,41,1,0
BRDA:311,42,0,0
BRDA:311,42,1,0
BRDA:346,43,0,0
BRDA:346,43,1,4
BRDA:358,44,0,2
BRDA:358,44,1,4
BRDA:377,45,0,0
BRDA:377,45,1,0
BRDA:391,46,0,0
BRDA:391,46,1,0
BRDA:399,47,0,0
BRDA:399,47,1,0
BRDA:447,48,0,0
BRDA:447,48,1,0
BRDA:475,49,0,0
BRDA:475,49,1,0
BRF:103
BRH:29
end_of_record
TN:
SF:src/background/metrics-aggregation.ts
FN:7,(anonymous_0)
FN:30,(anonymous_1)
FN:31,(anonymous_2)
FN:32,(anonymous_3)
FN:33,(anonymous_4)
FN:34,(anonymous_5)
FN:36,(anonymous_6)
FN:39,(anonymous_7)
FN:41,(anonymous_8)
FN:79,(anonymous_9)
FN:94,(anonymous_10)
FN:102,(anonymous_11)
FN:103,(anonymous_12)
FN:107,(anonymous_13)
FN:110,(anonymous_14)
FN:120,(anonymous_15)
FN:153,(anonymous_16)
FN:156,(anonymous_17)
FN:169,(anonymous_18)
FN:174,(anonymous_19)
FNF:20
FNH:20
FNDA:1,(anonymous_0)
FNDA:43,(anonymous_1)
FNDA:43,(anonymous_2)
FNDA:43,(anonymous_3)
FNDA:43,(anonymous_4)
FNDA:43,(anonymous_5)
FNDA:43,(anonymous_6)
FNDA:43,(anonymous_7)
FNDA:127,(anonymous_8)
FNDA:1,(anonymous_9)
FNDA:1,(anonymous_10)
FNDA:5,(anonymous_11)
FNDA:4,(anonymous_12)
FNDA:1,(anonymous_13)
FNDA:3,(anonymous_14)
FNDA:1,(anonymous_15)
FNDA:1,(anonymous_16)
FNDA:3,(anonymous_17)
FNDA:2,(anonymous_18)
FNDA:1,(anonymous_19)
DA:8,8
DA:9,8
DA:10,8
DA:12,8
DA:14,8
DA:16,7
DA:17,7
DA:19,1
DA:20,1
DA:22,0
DA:23,0
DA:26,8
DA:27,1
DA:30,43
DA:31,43
DA:32,43
DA:33,43
DA:34,43
DA:36,43
DA:37,7
DA:39,43
DA:40,7
DA:41,127
DA:44,8
DA:45,8
DA:46,43
DA:47,127
DA:51,7
DA:53,7
DA:66,7
DA:72,7
DA:74,0
DA:75,0
DA:80,1
DA:95,7
DA:97,7
DA:98,5
DA:101,7
DA:102,5
DA:103,4
DA:108,2
DA:109,2
DA:110,3
DA:115,0
DA:116,0
DA:121,2
DA:122,2
DA:123,2
DA:125,2
DA:132,2
DA:133,2
DA:134,8
DA:135,2
DA:136,6
DA:137,2
DA:138,4
DA:139,2
DA:141,2
DA:146,2
DA:148,0
DA:149,0
DA:154,2
DA:155,2
DA:156,3
DA:158,2
DA:159,1
DA:162,1
DA:164,1
DA:165,3
DA:168,1
DA:169,2
DA:174,1
DA:176,0
DA:177,0
LF:74
LH:64
BRDA:10,0,0,8
BRDA:10,0,1,0
BRDA:14,1,0,7
BRDA:14,1,1,1
BRDA:14,1,2,0
BRDA:26,2,0,1
BRDA:26,2,1,7
BRDA:40,3,0,7
BRDA:40,3,1,0
BRDA:47,4,0,127
BRDA:47,4,1,21
BRDA:107,5,0,2
BRDA:123,6,0,2
BRDA:123,6,1,0
BRDA:134,7,0,2
BRDA:134,7,1,6
BRDA:136,8,0,2
BRDA:136,8,1,4
BRDA:138,9,0,2
BRDA:138,9,1,2
BRDA:158,10,0,1
BRDA:158,10,1,1
BRDA:165,11,0,3
BRDA:165,11,1,2
BRF:24
BRH:20
end_of_record
TN:
SF:src/background/privacy-score.ts
FN:20,(anonymous_0)
FN:34,(anonymous_1)
FN:36,(anonymous_2)
FN:47,(anonymous_3)
FN:52,(anonymous_4)
FN:57,(anonymous_5)
FN:138,(anonymous_6)
FN:148,(anonymous_7)
FN:152,(anonymous_8)
FN:156,(anonymous_9)
FN:164,(anonymous_10)
FN:185,(anonymous_11)
FN:220,(anonymous_12)
FN:230,(anonymous_13)
FN:236,(anonymous_14)
FNF:15
FNH:0
FNDA:0,(anonymous_0)
FNDA:0,(anonymous_1)
FNDA:0,(anonymous_2)
FNDA:0,(anonymous_3)
FNDA:0,(anonymous_4)
FNDA:0,(anonymous_5)
FNDA:0,(anonymous_6)
FNDA:0,(anonymous_7)
FNDA:0,(anonymous_8)
FNDA:0,(anonymous_9)
FNDA:0,(anonymous_10)
FNDA:0,(anonymous_11)
FNDA:0,(anonymous_12)
FNDA:0,(anonymous_13)
FNDA:0,(anonymous_14)
DA:10,0
DA:11,0
DA:12,0
DA:13,0
DA:14,0
DA:15,0
DA:18,0
DA:22,0
DA:24,0
DA:25,0
DA:28,0
DA:29,0
DA:30,0
DA:36,0
DA:37,0
DA:47,0
DA:48,0
DA:52,0
DA:53,0
DA:64,0
DA:65,0
DA:66,0
DA:69,0
DA:70,0
DA:74,0
DA:80,0
DA:81,0
DA:86,0
DA:90,0
DA:91,0
DA:92,0
DA:95,0
DA:96,0
DA:98,0
DA:109,0
DA:111,0
DA:113,0
DA:114,0
DA:116,0
DA:117,0
DA:120,0
DA:127,0
DA:128,0
DA:131,0
DA:133,0
DA:134,0
DA:139,0
DA:141,0
DA:142,0
DA:143,0
DA:149,0
DA:153,0
DA:157,0
DA:158,0
DA:160,0
DA:161,0
DA:165,0
DA:166,0
DA:167,0
DA:168,0
DA:171,0
DA:177,0
DA:178,0
DA:180,0
DA:181,0
DA:186,0
DA:187,0
DA:188,0
DA:189,0
DA:192,0
DA:193,0
DA:197,0
DA:198,0
DA:200,0
DA:201,0
DA:202,0
DA:203,0
DA:206,0
DA:212,0
DA:213,0
DA:215,0
DA:216,0
DA:221,0
DA:222,0
DA:223,0
DA:225,0
DA:226,0
DA:231,0
DA:232,0
DA:233,0
DA:237,0
DA:238,0
DA:239,0
DA:240,0
LF:94
LH:0
BRDA:24,0,0,0
BRDA:24,0,1,0
BRDA:28,1,0,0
BRDA:28,1,1,0
BRDA:53,2,0,0
BRDA:53,2,1,0
BRDA:59,3,0,0
BRDA:60,4,0,0
BRDA:61,5,0,0
BRDA:69,6,0,0
BRDA:69,6,1,0
BRDA:69,7,0,0
BRDA:69,7,1,0
BRDA:75,8,0,0
BRDA:75,8,1,0
BRDA:80,9,0,0
BRDA:80,9,1,0
BRDA:90,10,0,0
BRDA:90,10,1,0
BRDA:127,11,0,0
BRDA:127,11,1,0
BRDA:142,12,0,0
BRDA:142,12,1,0
BRDA:158,13,0,0
BRDA:158,13,1,0
BRDA:185,14,0,0
BRDA:192,15,0,0
BRDA:192,15,1,0
BRDA:192,16,0,0
BRDA:192,16,1,0
BRDA:231,17,0,0
BRDA:231,17,1,0
BRDA:232,18,0,0
BRDA:232,18,1,0
BRDA:237,19,0,0
BRDA:237,19,1,0
BRDA:238,20,0,0
BRDA:238,20,1,0
BRDA:239,21,0,0
BRDA:239,21,1,0
BRF:40
BRH:0
end_of_record
TN:
SF:src/background/service-worker.ts
FN:21,getConsentRejection
FN:37,initializeExtension
FN:49,(anonymous_2)
FN:82,setupMessageHandlers
FN:83,(anonymous_4)
FN:88,(anonymous_5)
FN:93,(anonymous_6)
FN:97,(anonymous_7)
FN:102,(anonymous_8)
FN:110,(anonymous_9)
FN:154,(anonymous_10)
FN:213,(anonymous_11)
FN:235,(anonymous_12)
FN:246,(anonymous_13)
FN:257,(anonymous_14)
FN:268,(anonymous_15)
FN:302,(anonymous_16)
FN:319,(anonymous_17)
FN:320,(anonymous_18)
FN:328,(anonymous_19)
FN:353,(anonymous_20)
FN:366,(anonymous_21)
FN:388,(anonymous_22)
FN:422,(anonymous_23)
FN:434,(anonymous_24)
FN:455,(anonymous_25)
FN:466,(anonymous_26)
FN:478,(anonymous_27)
FN:511,(anonymous_28)
FN:522,(anonymous_29)
FN:540,(anonymous_30)
FN:559,setupStorageChangeListener
FN:560,(anonymous_32)
FN:571,(anonymous_33)
FN:572,(anonymous_34)
FN:580,(anonymous_35)
FN:600,setupTabEventHandlers
FN:602,(anonymous_37)
FN:617,(anonymous_38)
FN:626,(anonymous_39)
FN:634,setupCleanupInterval
FN:636,(anonymous_41)
FN:642,(anonymous_42)
FN:647,(anonymous_43)
FN:652,(anonymous_44)
FN:656,(anonymous_45)
FN:660,(anonymous_46)
FN:669,(anonymous_47)
FN:673,(anonymous_48)
FN:679,(anonymous_49)
FNF:50
FNH:11
FNDA:3,getConsentRejection
FNDA:2,initializeExtension
FNDA:2,(anonymous_2)
FNDA:2,setupMessageHandlers
FNDA:0,(anonymous_4)
FNDA:0,(anonymous_5)
FNDA:0,(anonymous_6)
FNDA:0,(anonymous_7)
FNDA:0,(anonymous_8)
FNDA:2,(anonymous_9)
FNDA:0,(anonymous_10)
FNDA:0,(anonymous_11)
FNDA:0,(anonymous_12)
FNDA:0,(anonymous_13)
FNDA:0,(anonymous_14)
FNDA:2,(anonymous_15)
FNDA:0,(anonymous_16)
FNDA:0,(anonymous_17)
FNDA:0,(anonymous_18)
FNDA:0,(anonymous_19)
FNDA:0,(anonymous_20)
FNDA:0,(anonymous_21)
FNDA:0,(anonymous_22)
FNDA:0,(anonymous_23)
FNDA:0,(anonymous_24)
FNDA:0,(anonymous_25)
FNDA:0,(anonymous_26)
FNDA:0,(anonymous_27)
FNDA:0,(anonymous_28)
FNDA:2,(anonymous_29)
FNDA:2,(anonymous_30)
FNDA:2,setupStorageChangeListener
FNDA:0,(anonymous_32)
FNDA:0,(anonymous_33)
FNDA:0,(anonymous_34)
FNDA:0,(anonymous_35)
FNDA:2,setupTabEventHandlers
FNDA:0,(anonymous_37)
FNDA:0,(anonymous_38)
FNDA:0,(anonymous_39)
FNDA:2,setupCleanupInterval
FNDA:0,(anonymous_41)
FNDA:0,(anonymous_42)
FNDA:0,(anonymous_43)
FNDA:0,(anonymous_44)
FNDA:0,(anonymous_45)
FNDA:0,(anonymous_46)
FNDA:0,(anonymous_47)
FNDA:0,(anonymous_48)
FNDA:0,(anonymous_49)
DA:16,2
DA:17,2
DA:18,2
DA:19,2
DA:22,3
DA:23,3
DA:24,0
DA:27,3
DA:28,0
DA:29,0
DA:32,3
DA:35,2
DA:39,2
DA:40,0
DA:44,2
DA:45,0
DA:49,2
DA:50,2
DA:53,2
DA:54,2
DA:57,2
DA:60,2
DA:61,2
DA:62,2
DA:63,2
DA:65,2
DA:67,2
DA:68,2
DA:69,2
DA:70,2
DA:71,2
DA:73,0
DA:74,0
DA:75,0
DA:79,2
DA:83,2
DA:84,0
DA:85,0
DA:88,2
DA:89,0
DA:90,0
DA:93,0
DA:94,0
DA:97,2
DA:98,0
DA:99,0
DA:102,2
DA:103,0
DA:104,0
DA:106,0
DA:107,0
DA:110,2
DA:111,2
DA:112,0
DA:114,2
DA:116,2
DA:117,2
DA:119,2
DA:120,2
DA:124,2
DA:131,2
DA:132,0
DA:137,0
DA:140,2
DA:143,2
DA:144,2
DA:147,2
DA:148,0
DA:152,2
DA:153,2
DA:154,0
DA:159,2
DA:161,0
DA:162,0
DA:166,2
DA:169,2
DA:170,2
DA:172,2
DA:173,0
DA:174,0
DA:175,0
DA:176,0
DA:177,0
DA:178,0
DA:179,0
DA:180,0
DA:181,0
DA:186,2
DA:193,2
DA:204,2
DA:207,2
DA:213,2
DA:214,0
DA:215,0
DA:217,0
DA:218,0
DA:220,0
DA:221,0
DA:222,0
DA:223,0
DA:226,0
DA:227,0
DA:229,0
DA:230,0
DA:232,0
DA:235,0
DA:236,0
DA:238,0
DA:239,0
DA:240,0
DA:246,2
DA:247,0
DA:248,0
DA:249,0
DA:251,0
DA:252,0
DA:257,2
DA:258,0
DA:259,0
DA:260,0
DA:261,0
DA:263,0
DA:264,0
DA:268,2
DA:269,2
DA:270,2
DA:271,2
DA:272,1
DA:273,1
DA:274,1
DA:277,1
DA:278,1
DA:279,1
DA:281,0
DA:282,0
DA:302,2
DA:303,0
DA:304,0
DA:305,0
DA:306,0
DA:307,0
DA:308,0
DA:310,0
DA:312,0
DA:315,0
DA:316,0
DA:319,0
DA:320,0
DA:321,0
DA:322,0
DA:329,0
DA:330,0
DA:342,0
DA:344,0
DA:346,0
DA:348,0
DA:349,0
DA:353,2
DA:354,0
DA:355,0
DA:356,0
DA:357,0
DA:359,0
DA:361,0
DA:367,0
DA:368,0
DA:375,0
DA:377,0
DA:378,0
DA:388,2
DA:389,0
DA:390,0
DA:391,0
DA:392,0
DA:393,0
DA:394,0
DA:396,0
DA:406,0
DA:407,0
DA:422,2
DA:423,0
DA:424,0
DA:425,0
DA:426,0
DA:427,0
DA:429,0
DA:430,0
DA:434,2
DA:435,0
DA:436,0
DA:437,0
DA:438,0
DA:439,0
DA:441,0
DA:442,0
DA:445,0
DA:447,0
DA:448,0
DA:450,0
DA:451,0
DA:455,2
DA:456,0
DA:457,0
DA:458,0
DA:459,0
DA:461,0
DA:462,0
DA:466,2
DA:467,0
DA:468,0
DA:469,0
DA:470,0
DA:471,0
DA:473,0
DA:474,0
DA:478,2
DA:479,0
DA:480,0
DA:481,0
DA:482,0
DA:483,0
DA:484,0
DA:488,0
DA:489,0
DA:490,0
DA:491,0
DA:492,0
DA:495,0
DA:496,0
DA:499,0
DA:500,0
DA:502,0
DA:503,0
DA:505,0
DA:506,0
DA:507,0
DA:511,2
DA:512,0
DA:513,0
DA:514,0
DA:515,0
DA:517,0
DA:518,0
DA:522,2
DA:523,2
DA:524,2
DA:525,2
DA:526,1
DA:527,1
DA:528,1
DA:531,1
DA:532,1
DA:533,1
DA:535,0
DA:536,0
DA:540,2
DA:541,2
DA:542,2
DA:543,2
DA:544,1
DA:545,1
DA:546,1
DA:549,1
DA:550,1
DA:551,1
DA:553,0
DA:554,0
DA:560,2
DA:561,0
DA:562,0
DA:563,0
DA:565,0
DA:566,0
DA:568,0
DA:571,0
DA:572,0
DA:573,0
DA:574,0
DA:581,0
DA:582,0
DA:594,0
DA:602,2
DA:603,0
DA:604,0
DA:605,0
DA:608,0
DA:609,0
DA:610,0
DA:612,0
DA:617,2
DA:618,0
DA:619,0
DA:621,0
DA:626,2
DA:627,0
DA:628,0
DA:629,0
DA:636,2
DA:637,0
DA:638,0
DA:642,2
DA:643,0
DA:644,0
DA:645,0
DA:647,0
DA:648,0
DA:649,0
DA:652,0
DA:656,2
DA:657,0
DA:660,2
DA:661,0
DA:662,0
DA:669,2
DA:673,2
DA:674,0
DA:679,2
DA:680,0
LF:318
LH:108
BRDA:23,0,0,0
BRDA:23,0,1,3
BRDA:27,1,0,0
BRDA:27,1,1,3
BRDA:39,2,0,0
BRDA:39,2,1,2
BRDA:44,3,0,0
BRDA:44,3,1,2
BRDA:103,4,0,0
BRDA:103,4,1,0
BRDA:111,5,0,0
BRDA:111,5,1,2
BRDA:119,6,0,2
BRDA:119,6,1,0
BRDA:122,7,0,2
BRDA:122,7,1,0
BRDA:131,8,0,0
BRDA:131,8,1,2
BRDA:140,9,0,2
BRDA:140,9,1,0
BRDA:147,10,0,0
BRDA:147,10,1,2
BRDA:147,11,0,2
BRDA:147,11,1,0
BRDA:154,12,0,0
BRDA:154,12,1,0
BRDA:154,12,2,0
BRDA:159,13,0,0
BRDA:159,13,1,2
BRDA:172,14,0,0
BRDA:172,14,1,2
BRDA:172,15,0,2
BRDA:172,15,1,2
BRDA:173,16,0,0
BRDA:173,16,1,0
BRDA:176,17,0,0
BRDA:176,17,1,0
BRDA:179,18,0,0
BRDA:179,18,1,0
BRDA:189,19,0,2
BRDA:189,19,1,0
BRDA:201,20,0,2
BRDA:201,20,1,0
BRDA:220,21,0,0
BRDA:220,21,1,0
BRDA:222,22,0,0
BRDA:222,22,1,0
BRDA:271,23,0,1
BRDA:271,23,1,1
BRDA:271,24,0,2
BRDA:271,24,1,1
BRDA:272,25,0,1
BRDA:272,25,1,0
BRDA:306,26,0,0
BRDA:306,26,1,0
BRDA:321,27,0,0
BRDA:321,27,1,0
BRDA:329,28,0,0
BRDA:329,28,1,0
BRDA:356,29,0,0
BRDA:356,29,1,0
BRDA:356,30,0,0
BRDA:356,30,1,0
BRDA:367,31,0,0
BRDA:367,31,1,0
BRDA:391,32,0,0
BRDA:391,32,1,0
BRDA:392,33,0,0
BRDA:392,33,1,0
BRDA:393,34,0,0
BRDA:393,34,1,0
BRDA:394,35,0,0
BRDA:394,35,1,0
BRDA:438,36,0,0
BRDA:438,36,1,0
BRDA:470,37,0,0
BRDA:470,37,1,0
BRDA:481,38,0,0
BRDA:481,38,1,0
BRDA:482,39,0,0
BRDA:482,39,1,0
BRDA:482,40,0,0
BRDA:482,40,1,0
BRDA:490,41,0,0
BRDA:490,41,1,0
BRDA:525,42,0,1
BRDA:525,42,1,1
BRDA:525,43,0,2
BRDA:525,43,1,1
BRDA:526,44,0,1
BRDA:526,44,1,0
BRDA:543,45,0,1
BRDA:543,45,1,1
BRDA:543,46,0,2
BRDA:543,46,1,1
BRDA:544,47,0,1
BRDA:544,47,1,0
BRDA:561,48,0,0
BRDA:561,48,1,0
BRDA:561,49,0,0
BRDA:561,49,1,0
BRDA:565,50,0,0
BRDA:565,50,1,0
BRDA:566,51,0,0
BRDA:566,51,1,0
BRDA:573,52,0,0
BRDA:573,52,1,0
BRDA:581,53,0,0
BRDA:581,53,1,0
BRDA:603,54,0,0
BRDA:603,54,1,0
BRDA:603,55,0,0
BRDA:603,55,1,0
BRDA:603,55,2,0
BRDA:608,56,0,0
BRDA:608,56,1,0
BRDA:608,57,0,0
BRDA:608,57,1,0
BRDA:608,57,2,0
BRDA:628,58,0,0
BRDA:628,58,1,0
BRDA:644,59,0,0
BRDA:644,59,1,0
BRDA:648,60,0,0
BRDA:648,60,1,0
BRDA:661,61,0,0
BRDA:661,61,1,0
BRF:127
BRH:32
end_of_record
TN:
SF:src/background/storage.ts
FN:46,(anonymous_0)
FN:72,(anonymous_1)
FN:74,(anonymous_2)
FN:79,(anonymous_3)
FN:84,(anonymous_4)
FN:91,(anonymous_5)
FN:100,(anonymous_6)
FN:104,(anonymous_7)
FN:115,(anonymous_8)
FN:126,(anonymous_9)
FN:135,(anonymous_10)
FN:142,(anonymous_11)
FN:145,(anonymous_12)
FN:161,(anonymous_13)
FN:169,(anonymous_14)
FN:176,(anonymous_15)
FN:180,(anonymous_16)
FN:200,(anonymous_17)
FN:220,(anonymous_18)
FN:226,(anonymous_19)
FN:232,(anonymous_20)
FN:239,(anonymous_21)
FN:245,(anonymous_22)
FN:297,(anonymous_23)
FN:338,(anonymous_24)
FN:344,(anonymous_25)
FN:349,(anonymous_26)
FN:356,(anonymous_27)
FN:365,(anonymous_28)
FN:370,(anonymous_29)
FN:375,(anonymous_30)
FN:389,(anonymous_31)
FN:398,(anonymous_32)
FN:410,(anonymous_33)
FN:422,(anonymous_34)
FN:427,(anonymous_35)
FN:443,(anonymous_36)
FN:472,(anonymous_37)
FN:480,(anonymous_38)
FN:507,(anonymous_39)
FN:536,(anonymous_40)
FN:543,(anonymous_41)
FN:564,(anonymous_42)
FN:600,(anonymous_43)
FN:613,(anonymous_44)
FNF:45
FNH:40
FNDA:9,(anonymous_0)
FNDA:9,(anonymous_1)
FNDA:0,(anonymous_2)
FNDA:0,(anonymous_3)
FNDA:9,(anonymous_4)
FNDA:9,(anonymous_5)
FNDA:9,(anonymous_6)
FNDA:9,(anonymous_7)
FNDA:9,(anonymous_8)
FNDA:0,(anonymous_9)
FNDA:9,(anonymous_10)
FNDA:0,(anonymous_11)
FNDA:9,(anonymous_12)
FNDA:9,(anonymous_13)
FNDA:9,(anonymous_14)
FNDA:9,(anonymous_15)
FNDA:0,(anonymous_16)
FNDA:9,(anonymous_17)
FNDA:9,(anonymous_18)
FNDA:9,(anonymous_19)
FNDA:9,(anonymous_20)
FNDA:9,(anonymous_21)
FNDA:9,(anonymous_22)
FNDA:9,(anonymous_23)
FNDA:9,(anonymous_24)
FNDA:9,(anonymous_25)
FNDA:9,(anonymous_26)
FNDA:9,(anonymous_27)
FNDA:9,(anonymous_28)
FNDA:9,(anonymous_29)
FNDA:3,(anonymous_30)
FNDA:9,(anonymous_31)
FNDA:9,(anonymous_32)
FNDA:9,(anonymous_33)
FNDA:9,(anonymous_34)
FNDA:9,(anonymous_35)
FNDA:9,(anonymous_36)
FNDA:9,(anonymous_37)
FNDA:9,(anonymous_38)
FNDA:9,(anonymous_39)
FNDA:9,(anonymous_40)
FNDA:9,(anonymous_41)
FNDA:9,(anonymous_42)
FNDA:9,(anonymous_43)
FNDA:8,(anonymous_44)
DA:7,9
DA:39,9
DA:40,9
DA:41,9
DA:42,9
DA:43,9
DA:44,9
DA:47,139
DA:48,139
DA:50,139
DA:52,128
DA:53,128
DA:54,128
DA:56,11
DA:57,11
DA:61,139
DA:62,8
DA:63,8
DA:66,0
DA:68,0
DA:74,8
DA:75,0
DA:79,8
DA:80,0
DA:85,316
DA:86,11
DA:88,316
DA:92,0
DA:93,0
DA:94,0
DA:95,0
DA:97,0
DA:101,264
DA:105,0
DA:106,0
DA:107,0
DA:108,0
DA:110,0
DA:111,0
DA:116,266
DA:117,266
DA:118,266
DA:120,0
DA:122,0
DA:123,0
DA:124,0
DA:126,0
DA:127,0
DA:129,0
DA:130,0
DA:136,9
DA:138,9
DA:139,2
DA:142,9
DA:146,2
DA:148,2
DA:149,2
DA:151,2
DA:152,2
DA:154,0
DA:155,0
DA:157,2
DA:162,2
DA:163,2
DA:164,2
DA:166,2
DA:170,3
DA:171,3
DA:173,3
DA:177,2
DA:179,2
DA:181,0
DA:187,2
DA:188,0
DA:191,2
DA:193,2
DA:194,0
DA:197,2
DA:201,3
DA:203,3
DA:204,3
DA:213,3
DA:214,3
DA:215,3
DA:217,3
DA:221,0
DA:222,0
DA:223,0
DA:227,0
DA:228,0
DA:229,0
DA:233,1
DA:234,1
DA:235,1
DA:236,1
DA:240,1
DA:241,1
DA:242,1
DA:246,11
DA:247,11
DA:248,11
DA:250,11
DA:251,0
DA:257,0
DA:259,0
DA:260,0
DA:264,0
DA:269,0
DA:270,0
DA:272,0
DA:274,0
DA:275,0
DA:277,0
DA:281,0
DA:286,0
DA:290,0
DA:291,0
DA:293,0
DA:298,0
DA:299,0
DA:301,0
DA:302,0
DA:305,0
DA:317,0
DA:318,0
DA:321,0
DA:324,0
DA:325,0
DA:328,0
DA:334,0
DA:339,0
DA:340,0
DA:341,0
DA:345,2
DA:346,2
DA:350,2
DA:351,2
DA:352,2
DA:353,2
DA:357,2
DA:358,2
DA:359,2
DA:360,2
DA:361,2
DA:362,2
DA:366,2
DA:367,2
DA:371,2
DA:372,2
DA:373,2
DA:375,2
DA:376,3
DA:377,3
DA:378,1
DA:379,1
DA:383,2
DA:384,1
DA:385,1
DA:390,0
DA:391,0
DA:392,0
DA:394,0
DA:395,0
DA:399,0
DA:400,0
DA:401,0
DA:403,0
DA:404,0
DA:405,0
DA:411,0
DA:412,0
DA:413,0
DA:415,0
DA:416,0
DA:417,0
DA:423,0
DA:424,0
DA:428,0
DA:429,0
DA:444,130
DA:445,130
DA:446,130
DA:447,130
DA:448,130
DA:473,119
DA:474,119
DA:475,119
DA:476,119
DA:477,119
DA:481,5
DA:482,5
DA:483,5
DA:508,4
DA:509,4
DA:510,4
DA:511,4
DA:512,4
DA:537,0
DA:538,0
DA:539,0
DA:540,0
DA:544,0
DA:565,7
DA:566,7
DA:567,7
DA:568,7
DA:602,12
DA:603,12
DA:604,5
DA:607,7
DA:608,7
DA:609,7
DA:610,7
DA:613,7
DA:614,8
DA:615,8
DA:616,8
DA:617,8
DA:620,7
LF:219
LH:128
BRDA:50,0,0,128
BRDA:50,0,1,11
BRDA:50,1,0,139
BRDA:50,1,1,138
BRDA:61,2,0,8
BRDA:61,2,1,131
BRDA:85,3,0,11
BRDA:85,3,1,305
BRDA:93,4,0,0
BRDA:93,4,1,0
BRDA:115,5,0,266
BRDA:122,6,0,0
BRDA:122,6,1,0
BRDA:138,7,0,2
BRDA:138,7,1,7
BRDA:146,8,0,0
BRDA:146,8,1,2
BRDA:146,9,0,2
BRDA:146,9,1,2
BRDA:146,9,2,2
BRDA:162,10,0,2
BRDA:162,10,1,0
BRDA:181,11,0,0
BRDA:181,11,1,0
BRDA:181,11,2,0
BRDA:181,11,3,0
BRDA:187,12,0,0
BRDA:187,12,1,2
BRDA:193,13,0,0
BRDA:193,13,1,2
BRDA:203,14,0,3
BRDA:203,14,1,0
BRDA:250,15,0,0
BRDA:250,15,1,11
BRDA:259,16,0,0
BRDA:259,16,1,0
BRDA:272,17,0,0
BRDA:272,17,1,0
BRDA:275,18,0,0
BRDA:275,18,1,0
BRDA:302,19,0,0
BRDA:302,19,1,0
BRDA:312,20,0,0
BRDA:312,20,1,0
BRDA:313,21,0,0
BRDA:313,21,1,0
BRDA:314,22,0,0
BRDA:314,22,1,0
BRDA:317,23,0,0
BRDA:317,23,1,0
BRDA:324,24,0,0
BRDA:324,24,1,0
BRDA:346,25,0,2
BRDA:346,25,1,1
BRDA:358,26,0,2
BRDA:358,26,1,1
BRDA:367,27,0,2
BRDA:367,27,1,1
BRDA:377,28,0,1
BRDA:377,28,1,2
BRDA:377,29,0,3
BRDA:377,29,1,3
BRDA:383,30,0,1
BRDA:383,30,1,1
BRDA:391,31,0,0
BRDA:391,31,1,0
BRDA:400,32,0,0
BRDA:400,32,1,0
BRDA:412,33,0,0
BRDA:412,33,1,0
BRDA:422,34,0,0
BRDA:424,35,0,0
BRDA:424,35,1,0
BRDA:429,36,0,0
BRDA:429,36,1,0
BRDA:446,37,0,127
BRDA:446,37,1,3
BRDA:474,38,0,119
BRDA:474,38,1,0
BRDA:483,39,0,5
BRDA:483,39,1,0
BRDA:509,40,0,4
BRDA:509,40,1,0
BRDA:566,41,0,7
BRDA:566,41,1,1
BRDA:603,42,0,5
BRDA:603,42,1,7
BRDA:615,43,0,0
BRDA:615,43,1,8
BRDA:616,44,0,8
BRDA:616,44,1,0
BRDA:621,45,0,1
BRDA:621,45,1,6
BRF:93
BRH:45
end_of_record
TN:
SF:src/content-scripts/consent-scanner.ts
FN:13,(anonymous_0)
FN:18,(anonymous_1)
FN:20,(anonymous_2)
FN:24,(anonymous_3)
FN:38,(anonymous_4)
FN:132,(anonymous_5)
FN:154,(anonymous_6)
FN:183,(anonymous_7)
FN:202,(anonymous_8)
FN:230,(anonymous_9)
FN:276,(anonymous_10)
FN:280,(anonymous_11)
FN:298,(anonymous_12)
FN:299,(anonymous_13)
FN:304,(anonymous_14)
FN:325,(anonymous_15)
FN:346,(anonymous_16)
FN:361,(anonymous_17)
FNF:18
FNH:0
FNDA:0,(anonymous_0)
FNDA:0,(anonymous_1)
FNDA:0,(anonymous_2)
FNDA:0,(anonymous_3)
FNDA:0,(anonymous_4)
FNDA:0,(anonymous_5)
FNDA:0,(anonymous_6)
FNDA:0,(anonymous_7)
FNDA:0,(anonymous_8)
FNDA:0,(anonymous_9)
FNDA:0,(anonymous_10)
FNDA:0,(anonymous_11)
FNDA:0,(anonymous_12)
FNDA:0,(anonymous_13)
FNDA:0,(anonymous_14)
FNDA:0,(anonymous_15)
FNDA:0,(anonymous_16)
FNDA:0,(anonymous_17)
DA:9,0
DA:10,0
DA:11,0
DA:14,0
DA:15,0
DA:16,0
DA:18,0
DA:20,0
DA:21,0
DA:22,0
DA:24,0
DA:27,0
DA:32,0
DA:34,0
DA:39,0
DA:41,0
DA:42,0
DA:43,0
DA:45,0
DA:46,0
DA:53,0
DA:64,0
DA:65,0
DA:70,0
DA:73,0
DA:76,0
DA:78,0
DA:79,0
DA:80,0
DA:85,0
DA:88,0
DA:89,0
DA:91,0
DA:92,0
DA:95,0
DA:97,0
DA:98,0
DA:99,0
DA:100,0
DA:101,0
DA:103,0
DA:116,0
DA:117,0
DA:122,0
DA:127,0
DA:128,0
DA:132,0
DA:140,0
DA:147,0
DA:150,0
DA:155,0
DA:157,0
DA:158,0
DA:159,0
DA:160,0
DA:161,0
DA:164,0
DA:168,0
DA:169,0
DA:170,0
DA:171,0
DA:176,0
DA:180,0
DA:184,0
DA:186,0
DA:188,0
DA:189,0
DA:190,0
DA:192,0
DA:193,0
DA:194,0
DA:199,0
DA:203,0
DA:205,0
DA:206,0
DA:209,0
DA:210,0
DA:212,0
DA:213,0
DA:214,0
DA:216,0
DA:217,0
DA:219,0
DA:220,0
DA:222,0
DA:223,0
DA:227,0
DA:231,0
DA:233,0
DA:234,0
DA:235,0
DA:238,0
DA:239,0
DA:241,0
DA:242,0
DA:243,0
DA:245,0
DA:246,0
DA:247,0
DA:248,0
DA:250,0
DA:251,0
DA:254,0
DA:255,0
DA:257,0
DA:261,0
DA:265,0
DA:266,0
DA:267,0
DA:268,0
DA:269,0
DA:273,0
DA:277,0
DA:279,0
DA:280,0
DA:282,0
DA:283,0
DA:284,0
DA:285,0
DA:295,0
DA:299,0
DA:300,0
DA:301,0
DA:305,0
DA:307,0
DA:308,0
DA:310,0
DA:311,0
DA:312,0
DA:314,0
DA:315,0
DA:316,0
DA:317,0
DA:322,0
DA:326,0
DA:328,0
DA:329,0
DA:331,0
DA:332,0
DA:333,0
DA:335,0
DA:336,0
DA:337,0
DA:338,0
DA:343,0
DA:347,0
DA:348,0
DA:350,0
DA:351,0
DA:352,0
DA:355,0
DA:359,0
DA:360,0
DA:361,0
DA:363,0
LF:155
LH:0
BRDA:21,0,0,0
BRDA:21,0,1,0
BRDA:39,1,0,0
BRDA:39,1,1,0
BRDA:39,2,0,0
BRDA:39,2,1,0
BRDA:45,3,0,0
BRDA:45,3,1,0
BRDA:45,4,0,0
BRDA:45,4,1,0
BRDA:54,5,0,0
BRDA:54,5,1,0
BRDA:78,6,0,0
BRDA:78,6,1,0
BRDA:79,7,0,0
BRDA:79,7,1,0
BRDA:79,8,0,0
BRDA:79,8,1,0
BRDA:88,9,0,0
BRDA:88,9,1,0
BRDA:91,10,0,0
BRDA:91,10,1,0
BRDA:104,11,0,0
BRDA:104,11,1,0
BRDA:127,12,0,0
BRDA:127,12,1,0
BRDA:155,13,0,0
BRDA:155,13,1,0
BRDA:160,14,0,0
BRDA:160,14,1,0
BRDA:160,15,0,0
BRDA:160,15,1,0
BRDA:170,16,0,0
BRDA:170,16,1,0
BRDA:171,17,0,0
BRDA:171,17,1,0
BRDA:171,18,0,0
BRDA:171,18,1,0
BRDA:171,18,2,0
BRDA:171,18,3,0
BRDA:171,18,4,0
BRDA:184,19,0,0
BRDA:184,19,1,0
BRDA:189,20,0,0
BRDA:189,20,1,0
BRDA:190,21,0,0
BRDA:190,21,1,0
BRDA:193,22,0,0
BRDA:193,22,1,0
BRDA:193,23,0,0
BRDA:193,23,1,0
BRDA:203,24,0,0
BRDA:203,24,1,0
BRDA:205,25,0,0
BRDA:205,25,1,0
BRDA:212,26,0,0
BRDA:212,26,1,0
BRDA:212,27,0,0
BRDA:212,27,1,0
BRDA:222,28,0,0
BRDA:222,28,1,0
BRDA:233,29,0,0
BRDA:233,29,1,0
BRDA:241,30,0,0
BRDA:241,30,1,0
BRDA:241,31,0,0
BRDA:241,31,1,0
BRDA:250,32,0,0
BRDA:250,32,1,0
BRDA:257,33,0,0
BRDA:257,33,1,0
BRDA:258,34,0,0
BRDA:258,34,1,0
BRDA:267,35,0,0
BRDA:267,35,1,0
BRDA:277,36,0,0
BRDA:277,36,1,0
BRDA:284,37,0,0
BRDA:284,37,1,0
BRDA:305,38,0,0
BRDA:305,38,1,0
BRDA:311,39,0,0
BRDA:311,39,1,0
BRDA:312,40,0,0
BRDA:312,40,1,0
BRDA:315,41,0,0
BRDA:315,41,1,0
BRDA:315,42,0,0
BRDA:315,42,1,0
BRDA:326,43,0,0
BRDA:326,43,1,0
BRDA:332,44,0,0
BRDA:332,44,1,0
BRDA:333,45,0,0
BRDA:333,45,1,0
BRDA:336,46,0,0
BRDA:336,46,1,0
BRDA:336,47,0,0
BRDA:336,47,1,0
BRDA:348,48,0,0
BRDA:348,48,1,0
BRDA:348,49,0,0
BRDA:348,49,1,0
BRDA:351,50,0,0
BRDA:351,50,1,0
BRDA:351,51,0,0
BRDA:351,51,1,0
BRDA:351,51,2,0
BRDA:360,52,0,0
BRDA:360,52,1,0
BRF:110
BRH:0
end_of_record
TN:
SF:src/content-scripts/email-autofill.ts
FN:13,(anonymous_0)
FN:29,(anonymous_1)
FN:39,(anonymous_2)
FN:40,(anonymous_3)
FN:54,(anonymous_4)
FN:60,(anonymous_5)
FN:66,(anonymous_6)
FN:71,(anonymous_7)
FN:81,(anonymous_8)
FN:87,(anonymous_9)
FN:99,(anonymous_10)
FN:113,(anonymous_11)
FN:134,(anonymous_12)
FN:153,(anonymous_13)
FN:156,(anonymous_14)
FN:163,(anonymous_15)
FN:199,(anonymous_16)
FN:204,(anonymous_17)
FN:209,(anonymous_18)
FN:214,(anonymous_19)
FN:229,(anonymous_20)
FN:238,(anonymous_21)
FN:245,(anonymous_22)
FN:288,(anonymous_23)
FN:330,(anonymous_24)
FN:362,(anonymous_25)
FN:364,(anonymous_26)
FN:368,(anonymous_27)
FN:398,(anonymous_28)
FN:400,(anonymous_29)
FN:407,(anonymous_30)
FNF:31
FNH:0
FNDA:0,(anonymous_0)
FNDA:0,(anonymous_1)
FNDA:0,(anonymous_2)
FNDA:0,(anonymous_3)
FNDA:0,(anonymous_4)
FNDA:0,(anonymous_5)
FNDA:0,(anonymous_6)
FNDA:0,(anonymous_7)
FNDA:0,(anonymous_8)
FNDA:0,(anonymous_9)
FNDA:0,(anonymous_10)
FNDA:0,(anonymous_11)
FNDA:0,(anonymous_12)
FNDA:0,(anonymous_13)
FNDA:0,(anonymous_14)
FNDA:0,(anonymous_15)
FNDA:0,(anonymous_16)
FNDA:0,(anonymous_17)
FNDA:0,(anonymous_18)
FNDA:0,(anonymous_19)
FNDA:0,(anonymous_20)
FNDA:0,(anonymous_21)
FNDA:0,(anonymous_22)
FNDA:0,(anonymous_23)
FNDA:0,(anonymous_24)
FNDA:0,(anonymous_25)
FNDA:0,(anonymous_26)
FNDA:0,(anonymous_27)
FNDA:0,(anonymous_28)
FNDA:0,(anonymous_29)
FNDA:0,(anonymous_30)
DA:6,0
DA:7,0
DA:8,0
DA:9,0
DA:10,0
DA:11,0
DA:14,0
DA:15,0
DA:16,0
DA:18,0
DA:19,0
DA:22,0
DA:23,0
DA:25,0
DA:30,0
DA:31,0
DA:32,0
DA:34,0
DA:35,0
DA:40,0
DA:41,0
DA:42,0
DA:43,0
DA:45,0
DA:46,0
DA:47,0
DA:48,0
DA:55,0
DA:56,0
DA:57,0
DA:61,0
DA:62,0
DA:63,0
DA:67,0
DA:68,0
DA:71,0
DA:72,0
DA:74,0
DA:76,0
DA:77,0
DA:81,0
DA:82,0
DA:84,0
DA:86,0
DA:87,0
DA:88,0
DA:89,0
DA:90,0
DA:96,0
DA:97,0
DA:99,0
DA:100,0
DA:101,0
DA:105,0
DA:110,0
DA:114,0
DA:115,0
DA:116,0
DA:119,0
DA:120,0
DA:121,0
DA:124,0
DA:125,0
DA:126,0
DA:129,0
DA:131,0
DA:135,0
DA:137,0
DA:138,0
DA:139,0
DA:140,0
DA:141,0
DA:143,0
DA:154,0
DA:156,0
DA:157,0
DA:158,0
DA:164,0
DA:165,0
DA:168,0
DA:169,0
DA:170,0
DA:180,0
DA:199,0
DA:200,0
DA:201,0
DA:204,0
DA:205,0
DA:206,0
DA:209,0
DA:210,0
DA:211,0
DA:214,0
DA:215,0
DA:216,0
DA:218,0
DA:219,0
DA:221,0
DA:224,0
DA:225,0
DA:226,0
DA:230,0
DA:231,0
DA:232,0
DA:234,0
DA:235,0
DA:239,0
DA:240,0
DA:241,0
DA:246,0
DA:247,0
DA:248,0
DA:251,0
DA:252,0
DA:254,0
DA:255,0
DA:256,0
DA:258,0
DA:259,0
DA:260,0
DA:263,0
DA:266,0
DA:267,0
DA:269,0
DA:270,0
DA:271,0
DA:272,0
DA:273,0
DA:280,0
DA:281,0
DA:283,0
DA:284,0
DA:285,0
DA:286,0
DA:287,0
DA:288,0
DA:290,0
DA:295,0
DA:297,0
DA:298,0
DA:299,0
DA:300,0
DA:302,0
DA:303,0
DA:305,0
DA:307,0
DA:308,0
DA:309,0
DA:310,0
DA:313,0
DA:314,0
DA:316,0
DA:317,0
DA:318,0
DA:319,0
DA:321,0
DA:324,0
DA:326,0
DA:331,0
DA:332,0
DA:345,0
DA:360,0
DA:362,0
DA:363,0
DA:364,0
DA:369,0
DA:370,0
DA:381,0
DA:396,0
DA:398,0
DA:399,0
DA:400,0
DA:405,0
DA:406,0
DA:407,0
DA:409,0
LF:176
LH:0
BRDA:18,0,0,0
BRDA:18,0,1,0
BRDA:32,1,0,0
BRDA:32,1,1,0
BRDA:41,2,0,0
BRDA:41,2,1,0
BRDA:45,3,0,0
BRDA:45,3,1,0
BRDA:45,4,0,0
BRDA:45,4,1,0
BRDA:47,5,0,0
BRDA:47,5,1,0
BRDA:47,6,0,0
BRDA:47,6,1,0
BRDA:67,7,0,0
BRDA:67,7,1,0
BRDA:67,8,0,0
BRDA:67,8,1,0
BRDA:72,9,0,0
BRDA:72,9,1,0
BRDA:76,10,0,0
BRDA:76,10,1,0
BRDA:82,11,0,0
BRDA:82,11,1,0
BRDA:86,12,0,0
BRDA:86,12,1,0
BRDA:89,13,0,0
BRDA:89,13,1,0
BRDA:89,14,0,0
BRDA:89,14,1,0
BRDA:100,15,0,0
BRDA:100,15,1,0
BRDA:114,16,0,0
BRDA:114,16,1,0
BRDA:119,17,0,0
BRDA:119,17,1,0
BRDA:124,18,0,0
BRDA:124,18,1,0
BRDA:135,19,0,0
BRDA:135,19,1,0
BRDA:144,20,0,0
BRDA:144,20,1,0
BRDA:144,20,2,0
BRDA:144,20,3,0
BRDA:144,20,4,0
BRDA:144,20,5,0
BRDA:157,21,0,0
BRDA:157,21,1,0
BRDA:157,22,0,0
BRDA:157,22,1,0
BRDA:164,23,0,0
BRDA:164,23,1,0
BRDA:231,24,0,0
BRDA:231,24,1,0
BRDA:232,25,0,0
BRDA:232,25,1,0
BRDA:239,26,0,0
BRDA:239,26,1,0
BRDA:246,27,0,0
BRDA:246,27,1,0
BRDA:258,28,0,0
BRDA:258,28,1,0
BRDA:277,29,0,0
BRDA:277,29,1,0
BRDA:285,30,0,0
BRDA:285,30,1,0
BRDA:285,31,0,0
BRDA:285,31,1,0
BRDA:297,32,0,0
BRDA:297,32,1,0
BRDA:297,33,0,0
BRDA:297,33,1,0
BRDA:297,33,2,0
BRDA:307,34,0,0
BRDA:307,34,1,0
BRDA:316,35,0,0
BRDA:316,35,1,0
BRDA:318,36,0,0
BRDA:318,36,1,0
BRDA:406,37,0,0
BRDA:406,37,1,0
BRF:81
BRH:0
end_of_record
TN:
SF:src/popup/BurnerEmailDisabled.tsx
FN:5,BurnerEmailDisabled
FNF:1
FNH:0
FNDA:0,BurnerEmailDisabled
DA:6,0
LF:1
LH:0
BRF:0
BRH:0
end_of_record
TN:
SF:src/popup/burner-emails-section.tsx
FN:36,BurnerEmailsSection
FN:49,(anonymous_1)
FN:54,(anonymous_2)
FN:63,(anonymous_3)
FN:74,(anonymous_4)
FN:88,(anonymous_5)
FN:101,(anonymous_6)
FN:117,(anonymous_7)
FN:162,(anonymous_8)
FN:171,(anonymous_9)
FN:175,(anonymous_10)
FN:183,(anonymous_11)
FN:191,(anonymous_12)
FN:199,(anonymous_13)
FN:282,(anonymous_14)
FN:360,(anonymous_15)
FN:390,(anonymous_16)
FN:405,(anonymous_17)
FNF:18
FNH:0
FNDA:0,BurnerEmailsSection
FNDA:0,(anonymous_1)
FNDA:0,(anonymous_2)
FNDA:0,(anonymous_3)
FNDA:0,(anonymous_4)
FNDA:0,(anonymous_5)
FNDA:0,(anonymous_6)
FNDA:0,(anonymous_7)
FNDA:0,(anonymous_8)
FNDA:0,(anonymous_9)
FNDA:0,(anonymous_10)
FNDA:0,(anonymous_11)
FNDA:0,(anonymous_12)
FNDA:0,(anonymous_13)
FNDA:0,(anonymous_14)
FNDA:0,(anonymous_15)
FNDA:0,(anonymous_16)
FNDA:0,(anonymous_17)
DA:39,0
DA:40,0
DA:41,0
DA:43,0
DA:44,0
DA:45,0
DA:46,0
DA:47,0
DA:49,0
DA:50,0
DA:51,0
DA:52,0
DA:54,0
DA:55,0
DA:56,0
DA:61,0
DA:63,0
DA:64,0
DA:74,0
DA:75,0
DA:76,0
DA:77,0
DA:78,0
DA:79,0
DA:81,0
DA:84,0
DA:88,0
DA:89,0
DA:90,0
DA:91,0
DA:92,0
DA:95,0
DA:97,0
DA:101,0
DA:102,0
DA:103,0
DA:104,0
DA:105,0
DA:106,0
DA:107,0
DA:110,0
DA:113,0
DA:117,0
DA:118,0
DA:121,0
DA:122,0
DA:123,0
DA:127,0
DA:128,0
DA:129,0
DA:130,0
DA:133,0
DA:134,0
DA:136,0
DA:137,0
DA:142,0
DA:143,0
DA:144,0
DA:145,0
DA:148,0
DA:150,0
DA:151,0
DA:154,0
DA:155,0
DA:156,0
DA:158,0
DA:162,0
DA:163,0
DA:164,0
DA:165,0
DA:166,0
DA:167,0
DA:171,0
DA:172,0
DA:173,0
DA:174,0
DA:175,0
DA:178,0
DA:183,0
DA:184,0
DA:185,0
DA:190,0
DA:191,0
DA:195,0
DA:199,0
DA:200,0
DA:201,0
DA:202,0
DA:203,0
DA:204,0
DA:205,0
DA:207,0
DA:208,0
DA:209,0
DA:210,0
DA:211,0
DA:214,0
DA:215,0
DA:225,0
DA:283,0
DA:284,0
DA:361,0
DA:390,0
DA:405,0
LF:104
LH:0
BRDA:36,0,0,0
BRDA:55,1,0,0
BRDA:55,1,1,0
BRDA:77,2,0,0
BRDA:77,2,1,0
BRDA:91,3,0,0
BRDA:91,3,1,0
BRDA:92,4,0,0
BRDA:92,4,1,0
BRDA:104,5,0,0
BRDA:104,5,1,0
BRDA:105,6,0,0
BRDA:105,6,1,0
BRDA:106,7,0,0
BRDA:106,7,1,0
BRDA:118,8,0,0
BRDA:118,8,1,0
BRDA:121,9,0,0
BRDA:121,9,1,0
BRDA:128,10,0,0
BRDA:128,10,1,0
BRDA:129,11,0,0
BRDA:129,11,1,0
BRDA:142,12,0,0
BRDA:142,12,1,0
BRDA:150,13,0,0
BRDA:150,13,1,0
BRDA:151,14,0,0
BRDA:151,14,1,0
BRDA:163,15,0,0
BRDA:163,15,1,0
BRDA:165,16,0,0
BRDA:165,16,1,0
BRDA:166,17,0,0
BRDA:166,17,1,0
BRDA:190,18,0,0
BRDA:190,18,1,0
BRDA:207,19,0,0
BRDA:207,19,1,0
BRDA:208,20,0,0
BRDA:208,20,1,0
BRDA:209,21,0,0
BRDA:209,21,1,0
BRDA:210,22,0,0
BRDA:210,22,1,0
BRDA:214,23,0,0
BRDA:214,23,1,0
BRDA:230,24,0,0
BRDA:230,24,1,0
BRDA:235,25,0,0
BRDA:235,25,1,0
BRDA:242,26,0,0
BRDA:242,26,1,0
BRDA:251,27,0,0
BRDA:251,27,1,0
BRDA:256,28,0,0
BRDA:256,28,1,0
BRDA:270,29,0,0
BRDA:270,29,1,0
BRDA:288,30,0,0
BRDA:288,30,1,0
BRDA:290,31,0,0
BRDA:290,31,1,0
BRDA:294,32,0,0
BRDA:294,32,1,0
BRDA:297,33,0,0
BRDA:297,33,1,0
BRDA:302,34,0,0
BRDA:302,34,1,0
BRDA:302,34,2,0
BRDA:302,35,0,0
BRDA:302,35,1,0
BRDA:306,36,0,0
BRDA:306,36,1,0
BRDA:306,37,0,0
BRDA:306,37,1,0
BRDA:314,38,0,0
BRDA:314,38,1,0
BRDA:314,38,2,0
BRDA:332,39,0,0
BRDA:332,39,1,0
BRDA:334,40,0,0
BRDA:334,40,1,0
BRDA:339,41,0,0
BRDA:339,41,1,0
BRDA:342,42,0,0
BRDA:342,42,1,0
BRDA:347,43,0,0
BRDA:347,43,1,0
BRDA:351,44,0,0
BRDA:351,44,1,0
BRDA:380,45,0,0
BRDA:380,45,1,0
BRDA:395,46,0,0
BRDA:395,46,1,0
BRDA:419,47,0,0
BRDA:419,47,1,0
BRF:97
BRH:0
end_of_record
TN:
SF:src/popup/popup.tsx
FN:19,PrivacyScoreMeter
FN:32,(anonymous_1)
FN:41,(anonymous_2)
FN:65,(anonymous_3)
FN:125,Popup
FN:141,(anonymous_5)
FN:145,(anonymous_6)
FN:158,(anonymous_7)
FN:164,(anonymous_8)
FN:170,(anonymous_9)
FN:173,(anonymous_10)
FN:178,(anonymous_11)
FN:192,(anonymous_12)
FN:201,(anonymous_13)
FN:221,(anonymous_14)
FN:227,(anonymous_15)
FN:232,(anonymous_16)
FN:249,(anonymous_17)
FN:268,(anonymous_18)
FN:269,(anonymous_19)
FN:280,(anonymous_20)
FN:282,(anonymous_21)
FN:288,(anonymous_22)
FN:314,(anonymous_23)
FN:338,(anonymous_24)
FN:374,(anonymous_25)
FN:405,(anonymous_26)
FN:418,(anonymous_27)
FN:467,(anonymous_28)
FN:490,(anonymous_29)
FN:495,(anonymous_30)
FN:508,(anonymous_31)
FN:518,(anonymous_32)
FN:523,(anonymous_33)
FN:560,AlertItem
FN:574,(anonymous_35)
FN:585,(anonymous_36)
FN:598,(anonymous_37)
FN:606,(anonymous_38)
FN:638,(anonymous_39)
FN:661,(anonymous_40)
FN:684,(anonymous_41)
FN:724,(anonymous_42)
FN:757,(anonymous_43)
FNF:44
FNH:8
FNDA:0,PrivacyScoreMeter
FNDA:0,(anonymous_1)
FNDA:0,(anonymous_2)
FNDA:0,(anonymous_3)
FNDA:0,Popup
FNDA:0,(anonymous_5)
FNDA:0,(anonymous_6)
FNDA:0,(anonymous_7)
FNDA:0,(anonymous_8)
FNDA:0,(anonymous_9)
FNDA:0,(anonymous_10)
FNDA:0,(anonymous_11)
FNDA:0,(anonymous_12)
FNDA:0,(anonymous_13)
FNDA:0,(anonymous_14)
FNDA:0,(anonymous_15)
FNDA:0,(anonymous_16)
FNDA:0,(anonymous_17)
FNDA:0,(anonymous_18)
FNDA:0,(anonymous_19)
FNDA:0,(anonymous_20)
FNDA:0,(anonymous_21)
FNDA:0,(anonymous_22)
FNDA:0,(anonymous_23)
FNDA:0,(anonymous_24)
FNDA:0,(anonymous_25)
FNDA:0,(anonymous_26)
FNDA:0,(anonymous_27)
FNDA:0,(anonymous_28)
FNDA:0,(anonymous_29)
FNDA:0,(anonymous_30)
FNDA:0,(anonymous_31)
FNDA:0,(anonymous_32)
FNDA:0,(anonymous_33)
FNDA:2,AlertItem
FNDA:2,(anonymous_35)
FNDA:2,(anonymous_36)
FNDA:2,(anonymous_37)
FNDA:0,(anonymous_38)
FNDA:1,(anonymous_39)
FNDA:1,(anonymous_40)
FNDA:1,(anonymous_41)
FNDA:0,(anonymous_42)
FNDA:2,(anonymous_43)
DA:17,1
DA:20,0
DA:21,0
DA:22,0
DA:24,0
DA:25,0
DA:26,0
DA:27,0
DA:28,0
DA:30,0
DA:32,0
DA:34,0
DA:35,0
DA:39,0
DA:41,0
DA:42,0
DA:43,0
DA:44,0
DA:47,0
DA:48,0
DA:50,0
DA:53,0
DA:54,0
DA:55,0
DA:58,0
DA:59,0
DA:63,0
DA:65,0
DA:66,0
DA:67,0
DA:72,0
DA:126,0
DA:127,0
DA:128,0
DA:129,0
DA:130,0
DA:131,0
DA:132,0
DA:133,0
DA:134,0
DA:135,0
DA:136,0
DA:137,0
DA:138,0
DA:139,0
DA:141,0
DA:142,0
DA:143,0
DA:145,0
DA:146,0
DA:147,0
DA:148,0
DA:149,0
DA:150,0
DA:151,0
DA:156,0
DA:158,0
DA:159,0
DA:160,0
DA:164,0
DA:165,0
DA:166,0
DA:170,0
DA:171,0
DA:173,0
DA:174,0
DA:178,0
DA:179,0
DA:180,0
DA:181,0
DA:182,0
DA:184,0
DA:187,0
DA:188,0
DA:192,0
DA:193,0
DA:194,0
DA:195,0
DA:197,0
DA:201,0
DA:202,0
DA:203,0
DA:204,0
DA:205,0
DA:208,0
DA:209,0
DA:210,0
DA:212,0
DA:214,0
DA:217,0
DA:221,0
DA:222,0
DA:223,0
DA:224,0
DA:227,0
DA:228,0
DA:230,0
DA:232,0
DA:233,0
DA:234,0
DA:237,0
DA:238,0
DA:239,0
DA:241,0
DA:242,0
DA:244,0
DA:246,0
DA:247,0
DA:248,0
DA:249,0
DA:251,0
DA:254,0
DA:255,0
DA:256,0
DA:257,0
DA:259,0
DA:261,0
DA:264,0
DA:268,0
DA:269,0
DA:270,0
DA:271,0
DA:272,0
DA:274,0
DA:276,0
DA:280,0
DA:281,0
DA:282,0
DA:288,0
DA:289,0
DA:290,0
DA:291,0
DA:294,0
DA:295,0
DA:302,0
DA:305,0
DA:306,0
DA:314,0
DA:338,0
DA:359,0
DA:360,0
DA:361,0
DA:362,0
DA:364,0
DA:374,0
DA:405,0
DA:418,0
DA:468,0
DA:469,0
DA:470,0
DA:472,0
DA:491,0
DA:495,0
DA:509,0
DA:510,0
DA:511,0
DA:512,0
DA:519,0
DA:520,0
DA:523,0
DA:571,2
DA:572,2
DA:574,2
DA:575,2
DA:577,2
DA:579,0
DA:581,0
DA:585,2
DA:586,2
DA:588,0
DA:590,0
DA:592,2
DA:594,0
DA:598,2
DA:599,2
DA:600,2
DA:601,0
DA:602,0
DA:603,0
DA:606,2
DA:607,0
DA:608,0
DA:609,0
DA:612,0
DA:613,0
DA:614,0
DA:615,0
DA:620,0
DA:621,0
DA:622,0
DA:625,0
DA:627,0
DA:631,2
DA:632,2
DA:633,2
DA:634,2
DA:635,2
DA:636,2
DA:638,2
DA:639,1
DA:640,0
DA:641,1
DA:642,1
DA:646,2
DA:648,2
DA:662,1
DA:663,1
DA:685,1
DA:686,1
DA:725,0
DA:758,2
DA:783,1
DA:784,1
DA:785,0
DA:786,0
LF:215
LH:32
BRDA:24,0,0,0
BRDA:24,0,1,0
BRDA:24,1,0,0
BRDA:24,1,1,0
BRDA:25,2,0,0
BRDA:25,2,1,0
BRDA:25,3,0,0
BRDA:25,3,1,0
BRDA:34,4,0,0
BRDA:34,4,1,0
BRDA:42,5,0,0
BRDA:42,5,1,0
BRDA:53,6,0,0
BRDA:53,6,1,0
BRDA:58,7,0,0
BRDA:58,7,1,0
BRDA:66,8,0,0
BRDA:66,8,1,0
BRDA:146,9,0,0
BRDA:146,9,1,0
BRDA:148,10,0,0
BRDA:148,10,1,0
BRDA:150,11,0,0
BRDA:150,11,1,0
BRDA:159,12,0,0
BRDA:159,12,1,0
BRDA:181,13,0,0
BRDA:181,13,1,0
BRDA:181,14,0,0
BRDA:181,14,1,0
BRDA:204,15,0,0
BRDA:204,15,1,0
BRDA:204,16,0,0
BRDA:204,16,1,0
BRDA:210,17,0,0
BRDA:210,17,1,0
BRDA:210,18,0,0
BRDA:210,18,1,0
BRDA:228,19,0,0
BRDA:228,19,1,0
BRDA:241,20,0,0
BRDA:241,20,1,0
BRDA:241,21,0,0
BRDA:241,21,1,0
BRDA:247,22,0,0
BRDA:247,22,1,0
BRDA:257,23,0,0
BRDA:257,23,1,0
BRDA:257,24,0,0
BRDA:257,24,1,0
BRDA:271,25,0,0
BRDA:271,25,1,0
BRDA:294,26,0,0
BRDA:294,26,1,0
BRDA:294,27,0,0
BRDA:294,27,1,0
BRDA:302,28,0,0
BRDA:302,28,1,0
BRDA:302,28,2,0
BRDA:305,29,0,0
BRDA:305,29,1,0
BRDA:335,30,0,0
BRDA:335,30,1,0
BRDA:344,31,0,0
BRDA:344,31,1,0
BRDA:360,32,0,0
BRDA:360,32,1,0
BRDA:360,33,0,0
BRDA:360,33,1,0
BRDA:361,34,0,0
BRDA:361,34,1,0
BRDA:361,35,0,0
BRDA:361,35,1,0
BRDA:362,36,0,0
BRDA:362,36,1,0
BRDA:362,37,0,0
BRDA:362,37,1,0
BRDA:362,38,0,0
BRDA:362,38,1,0
BRDA:384,39,0,0
BRDA:384,39,1,0
BRDA:386,40,0,0
BRDA:386,40,1,0
BRDA:390,41,0,0
BRDA:390,41,1,0
BRDA:390,42,0,0
BRDA:390,42,1,0
BRDA:392,43,0,0
BRDA:392,43,1,0
BRDA:394,44,0,0
BRDA:394,44,1,0
BRDA:407,45,0,0
BRDA:407,45,1,0
BRDA:420,46,0,0
BRDA:420,46,1,0
BRDA:433,47,0,0
BRDA:433,47,1,0
BRDA:441,48,0,0
BRDA:441,48,1,0
BRDA:465,49,0,0
BRDA:465,49,1,0
BRDA:483,50,0,0
BRDA:483,50,1,0
BRDA:505,51,0,0
BRDA:505,51,1,0
BRDA:527,52,0,0
BRDA:527,52,1,0
BRDA:539,53,0,0
BRDA:539,53,1,0
BRDA:541,54,0,0
BRDA:541,54,1,0
BRDA:542,55,0,0
BRDA:542,55,1,0
BRDA:550,56,0,0
BRDA:550,56,1,0
BRDA:575,57,0,2
BRDA:575,57,1,0
BRDA:575,57,2,0
BRDA:586,58,0,0
BRDA:586,58,1,0
BRDA:586,58,2,2
BRDA:586,58,3,0
BRDA:600,59,0,2
BRDA:600,59,1,0
BRDA:601,60,0,0
BRDA:601,60,1,0
BRDA:602,61,0,0
BRDA:602,61,1,0
BRDA:607,62,0,0
BRDA:607,62,1,0
BRDA:620,63,0,0
BRDA:620,63,1,0
BRDA:620,64,0,0
BRDA:620,64,1,0
BRDA:631,65,0,2
BRDA:631,65,1,2
BRDA:634,66,0,2
BRDA:634,66,1,2
BRDA:635,67,0,2
BRDA:635,67,1,0
BRDA:636,68,0,2
BRDA:636,68,1,2
BRDA:639,69,0,0
BRDA:639,69,1,1
BRDA:641,70,0,1
BRDA:641,70,1,0
BRDA:641,71,0,1
BRDA:641,71,1,1
BRDA:646,72,0,2
BRDA:646,72,1,2
BRDA:646,72,2,2
BRDA:656,73,0,1
BRDA:656,73,1,1
BRDA:659,74,0,2
BRDA:659,74,1,2
BRDA:667,75,0,0
BRDA:667,75,1,2
BRDA:669,76,0,2
BRDA:669,76,1,0
BRDA:675,77,0,0
BRDA:675,77,1,2
BRDA:682,78,0,2
BRDA:682,78,1,2
BRDA:702,79,0,2
BRDA:702,79,1,1
BRDA:702,79,2,0
BRDA:702,79,3,0
BRDA:717,80,0,2
BRDA:717,80,1,1
BRDA:717,80,2,0
BRDA:717,80,3,0
BRDA:717,80,4,0
BRDA:728,81,0,0
BRDA:728,81,1,0
BRDA:729,82,0,0
BRDA:729,82,1,0
BRDA:730,83,0,0
BRDA:730,83,1,0
BRDA:735,84,0,0
BRDA:735,84,1,0
BRDA:745,85,0,2
BRDA:745,85,1,1
BRDA:745,85,2,1
BRDA:745,85,3,1
BRDA:765,86,0,1
BRDA:765,86,1,1
BRDA:770,87,0,1
BRDA:770,87,1,1
BRDA:784,88,0,0
BRDA:784,88,1,1
BRF:190
BRH:39
end_of_record
TN:
SF:src/popup/settings-page.tsx
FN:24,SettingsPage
FN:53,(anonymous_1)
FN:82,(anonymous_2)
FN:83,(anonymous_3)
FN:92,(anonymous_4)
FN:100,(anonymous_5)
FN:113,(anonymous_6)
FN:121,(anonymous_7)
FN:157,(anonymous_8)
FN:189,(anonymous_9)
FN:241,(anonymous_10)
FN:272,(anonymous_11)
FN:299,(anonymous_12)
FN:306,(anonymous_13)
FN:318,(anonymous_14)
FN:326,(anonymous_15)
FN:334,(anonymous_16)
FN:339,(anonymous_17)
FN:349,(anonymous_18)
FN:359,(anonymous_19)
FN:366,(anonymous_20)
FN:371,(anonymous_21)
FN:376,(anonymous_22)
FN:381,(anonymous_23)
FN:414,(anonymous_24)
FN:458,(anonymous_25)
FN:474,(anonymous_26)
FN:490,(anonymous_27)
FN:506,(anonymous_28)
FN:522,(anonymous_29)
FN:546,(anonymous_30)
FN:568,(anonymous_31)
FN:601,(anonymous_32)
FN:634,(anonymous_33)
FN:751,(anonymous_34)
FNF:35
FNH:14
FNDA:40,SettingsPage
FNDA:11,(anonymous_1)
FNDA:3,(anonymous_2)
FNDA:0,(anonymous_3)
FNDA:3,(anonymous_4)
FNDA:3,(anonymous_5)
FNDA:6,(anonymous_6)
FNDA:0,(anonymous_7)
FNDA:0,(anonymous_8)
FNDA:5,(anonymous_9)
FNDA:0,(anonymous_10)
FNDA:0,(anonymous_11)
FNDA:3,(anonymous_12)
FNDA:6,(anonymous_13)
FNDA:6,(anonymous_14)
FNDA:0,(anonymous_15)
FNDA:0,(anonymous_16)
FNDA:3,(anonymous_17)
FNDA:3,(anonymous_18)
FNDA:0,(anonymous_19)
FNDA:0,(anonymous_20)
FNDA:0,(anonymous_21)
FNDA:0,(anonymous_22)
FNDA:0,(anonymous_23)
FNDA:6,(anonymous_24)
FNDA:0,(anonymous_25)
FNDA:0,(anonymous_26)
FNDA:0,(anonymous_27)
FNDA:0,(anonymous_28)
FNDA:0,(anonymous_29)
FNDA:0,(anonymous_30)
FNDA:0,(anonymous_31)
FNDA:0,(anonymous_32)
FNDA:0,(anonymous_33)
FNDA:16,(anonymous_34)
DA:35,40
DA:36,40
DA:37,40
DA:38,40
DA:39,40
DA:40,40
DA:41,40
DA:42,40
DA:43,40
DA:44,40
DA:45,40
DA:46,40
DA:47,40
DA:48,40
DA:49,40
DA:50,40
DA:51,40
DA:53,40
DA:54,11
DA:56,11
DA:57,11
DA:58,11
DA:59,11
DA:61,11
DA:62,11
DA:64,11
DA:65,6
DA:67,5
DA:70,11
DA:71,11
DA:74,0
DA:77,0
DA:82,40
DA:83,3
DA:84,0
DA:85,0
DA:86,0
DA:90,3
DA:92,3
DA:93,3
DA:100,40
DA:101,3
DA:102,3
DA:106,3
DA:113,40
DA:114,6
DA:115,3
DA:116,3
DA:121,40
DA:122,0
DA:125,0
DA:126,0
DA:127,0
DA:128,0
DA:131,0
DA:132,0
DA:134,0
DA:135,0
DA:140,0
DA:141,0
DA:142,0
DA:143,0
DA:145,0
DA:146,0
DA:149,0
DA:150,0
DA:151,0
DA:153,0
DA:157,40
DA:158,0
DA:159,0
DA:160,0
DA:161,0
DA:162,0
DA:189,40
DA:190,5
DA:191,0
DA:192,0
DA:196,5
DA:197,0
DA:198,0
DA:199,0
DA:201,0
DA:204,5
DA:205,5
DA:208,5
DA:209,5
DA:210,5
DA:211,5
DA:213,5
DA:214,5
DA:219,5
DA:221,5
DA:222,5
DA:225,5
DA:228,0
DA:229,0
DA:233,0
DA:234,0
DA:236,5
DA:237,5
DA:241,40
DA:242,0
DA:243,0
DA:244,0
DA:247,0
DA:248,0
DA:249,0
DA:251,0
DA:252,0
DA:257,0
DA:258,0
DA:259,0
DA:261,0
DA:262,0
DA:265,0
DA:266,0
DA:268,0
DA:272,40
DA:273,0
DA:275,0
DA:276,0
DA:278,0
DA:279,0
DA:284,0
DA:285,0
DA:286,0
DA:288,0
DA:289,0
DA:292,0
DA:293,0
DA:295,0
DA:299,40
DA:300,3
DA:301,3
DA:302,3
DA:306,40
DA:307,6
DA:308,0
DA:311,0
DA:315,6
DA:318,40
DA:319,6
DA:320,0
DA:321,0
DA:323,0
DA:324,0
DA:326,0
DA:327,0
DA:328,0
DA:329,0
DA:331,0
DA:334,0
DA:335,0
DA:339,40
DA:340,3
DA:341,0
DA:342,0
DA:343,0
DA:349,40
DA:350,3
DA:351,0
DA:352,0
DA:353,0
DA:359,40
DA:360,0
DA:361,0
DA:364,40
DA:366,40
DA:367,0
DA:368,0
DA:371,40
DA:372,0
DA:373,0
DA:376,40
DA:377,0
DA:379,0
DA:380,0
DA:381,0
DA:382,0
DA:383,0
DA:384,0
DA:386,0
DA:390,0
DA:399,0
DA:400,0
DA:401,0
DA:402,0
DA:403,0
DA:405,0
DA:408,0
DA:410,0
DA:414,40
DA:415,6
DA:416,0
DA:420,40
DA:458,0
DA:474,0
DA:490,0
DA:506,0
DA:522,0
DA:546,0
DA:568,0
DA:601,0
DA:634,0
DA:752,16
DA:753,16
LF:207
LH:87
BRDA:30,0,0,40
BRDA:32,1,0,40
BRDA:54,2,0,11
BRDA:54,2,1,6
BRDA:58,3,0,11
BRDA:58,3,1,0
BRDA:58,4,0,11
BRDA:58,4,1,11
BRDA:61,5,0,11
BRDA:61,5,1,11
BRDA:64,6,0,6
BRDA:64,6,1,5
BRDA:70,7,0,11
BRDA:70,7,1,11
BRDA:84,8,0,0
BRDA:84,8,1,0
BRDA:101,9,0,3
BRDA:101,9,1,0
BRDA:106,10,0,3
BRDA:106,10,1,3
BRDA:114,11,0,3
BRDA:114,11,1,3
BRDA:114,12,0,6
BRDA:114,12,1,6
BRDA:114,12,2,3
BRDA:122,13,0,0
BRDA:122,13,1,0
BRDA:126,14,0,0
BRDA:126,14,1,0
BRDA:127,15,0,0
BRDA:127,15,1,0
BRDA:140,16,0,0
BRDA:140,16,1,0
BRDA:145,17,0,0
BRDA:145,17,1,0
BRDA:146,18,0,0
BRDA:146,18,1,0
BRDA:158,19,0,0
BRDA:158,19,1,0
BRDA:160,20,0,0
BRDA:160,20,1,0
BRDA:161,21,0,0
BRDA:161,21,1,0
BRDA:190,22,0,0
BRDA:190,22,1,5
BRDA:196,23,0,0
BRDA:196,23,1,5
BRDA:198,24,0,0
BRDA:198,24,1,0
BRDA:219,25,0,5
BRDA:219,25,1,0
BRDA:219,26,0,5
BRDA:219,26,1,5
BRDA:228,27,0,0
BRDA:228,27,1,0
BRDA:242,28,0,0
BRDA:242,28,1,0
BRDA:257,29,0,0
BRDA:257,29,1,0
BRDA:261,30,0,0
BRDA:261,30,1,0
BRDA:273,31,0,0
BRDA:273,31,1,0
BRDA:284,32,0,0
BRDA:284,32,1,0
BRDA:288,33,0,0
BRDA:288,33,1,0
BRDA:300,34,0,3
BRDA:300,34,1,0
BRDA:300,35,0,3
BRDA:300,35,1,3
BRDA:307,36,0,6
BRDA:307,36,1,0
BRDA:307,37,0,6
BRDA:307,37,1,6
BRDA:308,38,0,0
BRDA:308,38,1,0
BRDA:311,39,0,0
BRDA:311,39,1,0
BRDA:312,40,0,0
BRDA:312,40,1,0
BRDA:312,41,0,0
BRDA:312,41,1,0
BRDA:312,42,0,0
BRDA:312,42,1,0
BRDA:313,43,0,0
BRDA:313,43,1,0
BRDA:313,44,0,0
BRDA:313,44,1,0
BRDA:319,45,0,6
BRDA:319,45,1,0
BRDA:319,46,0,6
BRDA:319,46,1,6
BRDA:320,47,0,0
BRDA:320,47,1,0
BRDA:321,48,0,0
BRDA:321,48,1,0
BRDA:328,49,0,0
BRDA:328,49,1,0
BRDA:340,50,0,0
BRDA:340,50,1,3
BRDA:342,51,0,0
BRDA:342,51,1,0
BRDA:350,52,0,0
BRDA:350,52,1,3
BRDA:350,53,0,3
BRDA:350,53,1,3
BRDA:352,54,0,0
BRDA:352,54,1,0
BRDA:364,55,0,0
BRDA:364,55,1,40
BRDA:377,56,0,0
BRDA:377,56,1,0
BRDA:377,57,0,0
BRDA:377,57,1,0
BRDA:382,58,0,0
BRDA:382,58,1,0
BRDA:394,59,0,0
BRDA:394,59,1,0
BRDA:399,60,0,0
BRDA:399,60,1,0
BRDA:405,61,0,0
BRDA:405,61,1,0
BRDA:415,62,0,0
BRDA:415,62,1,6
BRDA:428,63,0,40
BRDA:428,63,1,37
BRDA:438,64,0,40
BRDA:438,64,1,3
BRDA:439,65,0,40
BRDA:439,65,1,0
BRDA:440,66,0,40
BRDA:440,66,1,0
BRDA:441,67,0,40
BRDA:441,67,1,37
BRDA:442,68,0,40
BRDA:442,68,1,0
BRDA:455,69,0,40
BRDA:455,69,1,3
BRDA:539,70,0,40
BRDA:539,70,1,0
BRDA:540,71,0,0
BRDA:540,71,1,0
BRDA:552,72,0,0
BRDA:552,72,1,0
BRDA:556,73,0,0
BRDA:556,73,1,0
BRDA:561,74,0,40
BRDA:561,74,1,0
BRDA:562,75,0,0
BRDA:562,75,1,0
BRDA:571,76,0,0
BRDA:571,76,1,0
BRDA:574,77,0,0
BRDA:574,77,1,0
BRDA:578,78,0,0
BRDA:578,78,1,0
BRDA:581,79,0,0
BRDA:581,79,1,0
BRDA:590,80,0,0
BRDA:590,80,1,0
BRDA:594,81,0,0
BRDA:594,81,1,0
BRDA:604,82,0,0
BRDA:604,82,1,0
BRDA:607,83,0,0
BRDA:607,83,1,0
BRDA:611,84,0,0
BRDA:611,84,1,0
BRDA:614,85,0,0
BRDA:614,85,1,0
BRDA:623,86,0,0
BRDA:623,86,1,0
BRDA:627,87,0,0
BRDA:627,87,1,0
BRDA:637,88,0,0
BRDA:637,88,1,0
BRDA:640,89,0,0
BRDA:640,89,1,0
BRDA:644,90,0,0
BRDA:644,90,1,0
BRDA:647,91,0,0
BRDA:647,91,1,0
BRDA:656,92,0,0
BRDA:656,92,1,0
BRDA:660,93,0,0
BRDA:660,93,1,0
BRDA:669,94,0,40
BRDA:669,94,1,37
BRDA:670,95,0,37
BRDA:670,95,1,0
BRDA:689,96,0,26
BRDA:689,96,1,11
BRDA:690,97,0,10
BRDA:690,97,1,27
BRDA:691,98,0,0
BRDA:691,98,1,37
BRDA:697,99,0,26
BRDA:697,99,1,11
BRDA:707,100,0,26
BRDA:707,100,1,11
BRDA:716,101,0,11
BRDA:716,101,1,26
BRDA:723,102,0,11
BRDA:723,102,1,26
BRDA:730,103,0,37
BRDA:730,103,1,11
BRDA:738,104,0,37
BRDA:738,104,1,0
BRDA:757,105,0,11
BRDA:757,105,1,26
BRDA:759,106,0,0
BRDA:759,106,1,26
BRDA:763,107,0,37
BRDA:763,107,1,37
BRDA:766,108,0,37
BRDA:766,108,1,0
BRDA:771,109,0,37
BRDA:771,109,1,37
BRDA:771,109,2,26
BRDA:775,110,0,0
BRDA:775,110,1,37
BRDA:775,111,0,0
BRDA:775,111,1,37
BRDA:783,112,0,40
BRDA:783,112,1,0
BRDA:784,113,0,0
BRDA:784,113,1,0
BRDA:831,114,0,40
BRDA:831,114,1,0
BRDA:832,115,0,0
BRDA:832,115,1,0
BRDA:850,116,0,0
BRDA:850,116,1,0
BRDA:851,117,0,0
BRDA:851,117,1,0
BRDA:856,118,0,0
BRDA:856,118,1,0
BRDA:866,119,0,0
BRDA:866,119,1,0
BRDA:879,120,0,3
BRDA:879,120,1,37
BRDA:882,121,0,3
BRDA:882,121,1,37
BRF:244
BRH:90
end_of_record
TN:
SF:src/types/index.ts
FNF:0
FNH:0
LF:0
LH:0
BRF:0
BRH:0
end_of_record
TN:
SF:src/utils/cmp-detector.ts
FN:97,detectOneTrustAPI
FN:107,(anonymous_1)
FN:131,detectCookiebotAPI
FN:162,detectTermlyAPI
FN:182,detectTCFv2API
FN:183,(anonymous_5)
FN:190,(anonymous_6)
FN:201,(anonymous_7)
FN:223,(anonymous_8)
FN:231,getCookiesByPattern
FN:248,getCookieValue
FN:259,parseOneTrustConsent
FN:265,(anonymous_12)
FN:287,parseCookiebotConsent
FN:309,parseGenericConsent
FN:331,detectCMPByBanner
FN:352,detectCMPByCookie
FN:387,detectCMP
FN:443,hasValidPersistedConsent
FNF:19
FNH:0
FNDA:0,detectOneTrustAPI
FNDA:0,(anonymous_1)
FNDA:0,detectCookiebotAPI
FNDA:0,detectTermlyAPI
FNDA:0,detectTCFv2API
FNDA:0,(anonymous_5)
FNDA:0,(anonymous_6)
FNDA:0,(anonymous_7)
FNDA:0,(anonymous_8)
FNDA:0,getCookiesByPattern
FNDA:0,getCookieValue
FNDA:0,parseOneTrustConsent
FNDA:0,(anonymous_12)
FNDA:0,parseCookiebotConsent
FNDA:0,parseGenericConsent
FNDA:0,detectCMPByBanner
FNDA:0,detectCMPByCookie
FNDA:0,detectCMP
FNDA:0,hasValidPersistedConsent
DA:52,0
DA:98,0
DA:99,0
DA:100,0
DA:103,0
DA:104,0
DA:106,0
DA:107,0
DA:109,0
DA:110,0
DA:111,0
DA:112,0
DA:114,0
DA:117,0
DA:126,0
DA:127,0
DA:132,0
DA:133,0
DA:134,0
DA:137,0
DA:138,0
DA:140,0
DA:141,0
DA:142,0
DA:143,0
DA:144,0
DA:145,0
DA:148,0
DA:157,0
DA:158,0
DA:163,0
DA:164,0
DA:165,0
DA:168,0
DA:177,0
DA:178,0
DA:183,0
DA:184,0
DA:185,0
DA:186,0
DA:187,0
DA:190,0
DA:191,0
DA:192,0
DA:193,0
DA:196,0
DA:198,0
DA:199,0
DA:200,0
DA:201,0
DA:203,0
DA:204,0
DA:205,0
DA:206,0
DA:208,0
DA:212,0
DA:223,0
DA:225,0
DA:226,0
DA:232,0
DA:233,0
DA:235,0
DA:236,0
DA:237,0
DA:238,0
DA:239,0
DA:240,0
DA:245,0
DA:249,0
DA:250,0
DA:251,0
DA:252,0
DA:253,0
DA:256,0
DA:260,0
DA:261,0
DA:262,0
DA:263,0
DA:264,0
DA:265,0
DA:267,0
DA:268,0
DA:271,0
DA:272,0
DA:277,0
DA:278,0
DA:281,0
DA:283,0
DA:288,0
DA:289,0
DA:291,0
DA:292,0
DA:295,0
DA:296,0
DA:299,0
DA:300,0
DA:303,0
DA:305,0
DA:310,0
DA:311,0
DA:313,0
DA:314,0
DA:317,0
DA:318,0
DA:321,0
DA:322,0
DA:325,0
DA:327,0
DA:332,0
DA:333,0
DA:334,0
DA:335,0
DA:336,0
DA:346,0
DA:349,0
DA:353,0
DA:355,0
DA:356,0
DA:358,0
DA:359,0
DA:360,0
DA:362,0
DA:363,0
DA:364,0
DA:365,0
DA:366,0
DA:367,0
DA:368,0
DA:369,0
DA:370,0
DA:374,0
DA:384,0
DA:388,0
DA:397,0
DA:398,0
DA:399,0
DA:400,0
DA:401,0
DA:402,0
DA:403,0
DA:407,0
DA:408,0
DA:409,0
DA:410,0
DA:411,0
DA:412,0
DA:418,0
DA:419,0
DA:422,0
DA:423,0
DA:424,0
DA:425,0
DA:429,0
DA:430,0
DA:431,0
DA:432,0
DA:435,0
DA:436,0
DA:438,0
DA:439,0
DA:444,0
DA:445,0
DA:448,0
DA:449,0
DA:452,0
DA:453,0
DA:456,0
DA:457,0
DA:460,0
LF:169
LH:0
BRDA:99,0,0,0
BRDA:99,0,1,0
BRDA:99,1,0,0
BRDA:99,1,1,0
BRDA:104,2,0,0
BRDA:104,2,1,0
BRDA:109,3,0,0
BRDA:109,3,1,0
BRDA:111,4,0,0
BRDA:111,4,1,0
BRDA:133,5,0,0
BRDA:133,5,1,0
BRDA:133,6,0,0
BRDA:133,6,1,0
BRDA:140,7,0,0
BRDA:140,7,1,0
BRDA:142,8,0,0
BRDA:142,8,1,0
BRDA:142,9,0,0
BRDA:142,9,1,0
BRDA:144,10,0,0
BRDA:144,10,1,0
BRDA:164,11,0,0
BRDA:164,11,1,0
BRDA:164,12,0,0
BRDA:164,12,1,0
BRDA:185,13,0,0
BRDA:185,13,1,0
BRDA:185,14,0,0
BRDA:185,14,1,0
BRDA:191,15,0,0
BRDA:191,15,1,0
BRDA:191,16,0,0
BRDA:191,16,1,0
BRDA:198,17,0,0
BRDA:198,17,1,0
BRDA:203,18,0,0
BRDA:203,18,1,0
BRDA:205,19,0,0
BRDA:205,19,1,0
BRDA:214,20,0,0
BRDA:214,20,1,0
BRDA:238,21,0,0
BRDA:238,21,1,0
BRDA:252,22,0,0
BRDA:252,22,1,0
BRDA:261,23,0,0
BRDA:261,23,1,0
BRDA:263,24,0,0
BRDA:263,24,1,0
BRDA:267,25,0,0
BRDA:267,25,1,0
BRDA:271,26,0,0
BRDA:271,26,1,0
BRDA:272,27,0,0
BRDA:272,27,1,0
BRDA:277,28,0,0
BRDA:277,28,1,0
BRDA:291,29,0,0
BRDA:291,29,1,0
BRDA:291,30,0,0
BRDA:291,30,1,0
BRDA:291,30,2,0
BRDA:291,30,3,0
BRDA:295,31,0,0
BRDA:295,31,1,0
BRDA:295,32,0,0
BRDA:295,32,1,0
BRDA:295,32,2,0
BRDA:295,32,3,0
BRDA:299,33,0,0
BRDA:299,33,1,0
BRDA:313,34,0,0
BRDA:313,34,1,0
BRDA:313,35,0,0
BRDA:313,35,1,0
BRDA:313,35,2,0
BRDA:313,35,3,0
BRDA:313,35,4,0
BRDA:317,36,0,0
BRDA:317,36,1,0
BRDA:317,37,0,0
BRDA:317,37,1,0
BRDA:317,37,2,0
BRDA:317,37,3,0
BRDA:317,37,4,0
BRDA:317,37,5,0
BRDA:321,38,0,0
BRDA:321,38,1,0
BRDA:321,39,0,0
BRDA:321,39,1,0
BRDA:335,40,0,0
BRDA:335,40,1,0
BRDA:355,41,0,0
BRDA:355,41,1,0
BRDA:360,42,0,0
BRDA:360,42,1,0
BRDA:362,43,0,0
BRDA:362,43,1,0
BRDA:362,44,0,0
BRDA:362,44,1,0
BRDA:362,44,2,0
BRDA:364,45,0,0
BRDA:364,45,1,0
BRDA:365,46,0,0
BRDA:365,46,1,0
BRDA:365,47,0,0
BRDA:365,47,1,0
BRDA:367,48,0,0
BRDA:367,48,1,0
BRDA:368,49,0,0
BRDA:368,49,1,0
BRDA:368,50,0,0
BRDA:368,50,1,0
BRDA:368,50,2,0
BRDA:370,51,0,0
BRDA:370,51,1,0
BRDA:378,52,0,0
BRDA:378,52,1,0
BRDA:401,53,0,0
BRDA:401,53,1,0
BRDA:408,54,0,0
BRDA:408,54,1,0
BRDA:410,55,0,0
BRDA:410,55,1,0
BRDA:423,56,0,0
BRDA:423,56,1,0
BRDA:430,57,0,0
BRDA:430,57,1,0
BRDA:444,58,0,0
BRDA:444,58,1,0
BRDA:448,59,0,0
BRDA:448,59,1,0
BRDA:452,60,0,0
BRDA:452,60,1,0
BRDA:456,61,0,0
BRDA:456,61,1,0
BRF:137
BRH:0
end_of_record
TN:
SF:src/utils/consent-validator.ts
FN:15,shouldPenalizeTracker
FN:101,extractDomain
FN:118,isConsentedTrackerCategory
FN:122,isHighRiskCategory
FN:126,shouldBlockTracker
FNF:5
FNH:4
FNDA:12,shouldPenalizeTracker
FNDA:17,extractDomain
FNDA:6,isConsentedTrackerCategory
FNDA:6,isHighRiskCategory
FNDA:0,shouldBlockTracker
DA:11,1
DA:13,1
DA:20,12
DA:21,12
DA:22,12
DA:24,12
DA:25,1
DA:31,11
DA:32,1
DA:39,10
DA:40,1
DA:47,9
DA:48,6
DA:49,3
DA:56,3
DA:57,2
DA:64,1
DA:71,3
DA:72,2
DA:73,1
DA:80,1
DA:87,1
DA:93,0
DA:94,0
DA:102,17
DA:103,17
DA:104,3
DA:107,14
DA:108,14
DA:109,13
DA:112,1
DA:114,0
DA:119,6
DA:123,6
DA:132,0
DA:133,0
DA:135,0
DA:136,0
DA:139,0
DA:140,0
DA:143,0
DA:144,0
DA:145,0
DA:148,0
DA:151,0
DA:152,0
DA:153,0
DA:156,0
DA:159,0
DA:161,0
DA:162,0
LF:51
LH:31
BRDA:24,0,0,1
BRDA:24,0,1,11
BRDA:31,1,0,1
BRDA:31,1,1,10
BRDA:39,2,0,1
BRDA:39,2,1,9
BRDA:47,3,0,6
BRDA:47,3,1,3
BRDA:47,4,0,9
BRDA:47,4,1,8
BRDA:48,5,0,3
BRDA:48,5,1,3
BRDA:48,6,0,6
BRDA:48,6,1,5
BRDA:56,7,0,2
BRDA:56,7,1,1
BRDA:71,8,0,2
BRDA:71,8,1,1
BRDA:71,9,0,3
BRDA:71,9,1,2
BRDA:72,10,0,1
BRDA:72,10,1,1
BRDA:72,11,0,2
BRDA:72,11,1,1
BRDA:103,12,0,3
BRDA:103,12,1,14
BRDA:103,13,0,17
BRDA:103,13,1,16
BRDA:108,14,0,13
BRDA:108,14,1,1
BRDA:135,15,0,0
BRDA:135,15,1,0
BRDA:139,16,0,0
BRDA:139,16,1,0
BRDA:139,17,0,0
BRDA:139,17,1,0
BRDA:143,18,0,0
BRDA:143,18,1,0
BRDA:143,19,0,0
BRDA:143,19,1,0
BRDA:144,20,0,0
BRDA:144,20,1,0
BRDA:144,21,0,0
BRDA:144,21,1,0
BRDA:151,22,0,0
BRDA:151,22,1,0
BRDA:151,23,0,0
BRDA:151,23,1,0
BRDA:152,24,0,0
BRDA:152,24,1,0
BRDA:152,25,0,0
BRDA:152,25,1,0
BRF:52
BRH:30
end_of_record
TN:
SF:src/utils/constants.ts
FNF:0
FNH:0
DA:1,21
DA:3,21
DA:5,21
DA:14,21
DA:23,21
DA:29,21
DA:33,21
DA:38,21
DA:43,21
DA:49,21
DA:56,21
DA:62,21
DA:67,21
LF:13
LH:13
BRF:0
BRH:0
end_of_record
TN:
SF:src/utils/logger.ts
FN:33,(anonymous_0)
FN:42,(anonymous_1)
FN:56,(anonymous_2)
FN:69,(anonymous_3)
FN:86,(anonymous_4)
FN:88,(anonymous_5)
FN:92,(anonymous_6)
FN:97,(anonymous_7)
FN:103,(anonymous_8)
FN:129,(anonymous_9)
FN:131,(anonymous_10)
FN:165,(anonymous_11)
FN:170,(anonymous_12)
FN:175,(anonymous_13)
FN:180,(anonymous_14)
FN:186,(anonymous_15)
FN:192,(anonymous_16)
FN:196,(anonymous_17)
FN:202,(anonymous_18)
FN:209,(anonymous_19)
FN:218,(anonymous_20)
FNF:21
FNH:19
FNDA:374,(anonymous_0)
FNDA:6,(anonymous_1)
FNDA:6,(anonymous_2)
FNDA:7,(anonymous_3)
FNDA:6,(anonymous_4)
FNDA:7,(anonymous_5)
FNDA:367,(anonymous_6)
FNDA:0,(anonymous_7)
FNDA:367,(anonymous_8)
FNDA:367,(anonymous_9)
FNDA:0,(anonymous_10)
FNDA:6,(anonymous_11)
FNDA:348,(anonymous_12)
FNDA:4,(anonymous_13)
FNDA:9,(anonymous_14)
FNDA:5,(anonymous_15)
FNDA:9,(anonymous_16)
FNDA:11,(anonymous_17)
FNDA:1,(anonymous_18)
FNDA:1,(anonymous_19)
FNDA:1,(anonymous_20)
DA:21,9
DA:22,9
DA:23,9
DA:26,9
DA:27,9
DA:28,9
DA:29,9
DA:30,9
DA:31,9
DA:34,374
DA:35,7
DA:37,6
DA:38,6
DA:39,6
DA:43,6
DA:44,6
DA:45,6
DA:46,6
DA:48,0
DA:50,0
DA:52,6
DA:57,6
DA:58,6
DA:59,5
DA:61,5
DA:62,0
DA:65,5
DA:70,7
DA:71,7
DA:72,3
DA:75,4
DA:80,4
DA:87,6
DA:88,7
DA:89,6
DA:93,367
DA:94,361
DA:97,367
DA:98,0
DA:99,0
DA:110,367
DA:117,367
DA:118,91
DA:121,367
DA:122,6
DA:123,6
DA:126,367
DA:131,367
DA:135,367
DA:137,367
DA:138,0
DA:141,367
DA:144,367
DA:145,367
DA:146,367
DA:148,367
DA:150,6
DA:151,6
DA:153,348
DA:154,348
DA:156,4
DA:157,4
DA:159,9
DA:160,9
DA:166,6
DA:167,6
DA:171,348
DA:172,348
DA:176,4
DA:177,4
DA:181,9
DA:182,9
DA:183,9
DA:187,5
DA:189,5
DA:191,5
DA:192,9
DA:195,5
DA:196,11
DA:199,5
DA:203,1
DA:204,1
DA:205,1
DA:206,1
DA:210,1
DA:211,1
DA:219,1
DA:229,1
DA:230,5
DA:233,1
DA:237,9
LF:91
LH:85
BRDA:34,0,0,367
BRDA:34,0,1,7
BRDA:35,1,0,1
BRDA:35,1,1,6
BRDA:35,2,0,7
BRDA:35,2,1,1
BRDA:61,3,0,0
BRDA:61,3,1,5
BRDA:71,4,0,3
BRDA:71,4,1,4
BRDA:93,5,0,361
BRDA:93,5,1,6
BRDA:117,6,0,91
BRDA:117,6,1,276
BRDA:121,7,0,6
BRDA:121,7,1,361
BRDA:137,8,0,0
BRDA:137,8,1,367
BRDA:144,9,0,367
BRDA:144,9,1,0
BRDA:148,10,0,6
BRDA:148,10,1,348
BRDA:148,10,2,4
BRDA:148,10,3,9
BRDA:150,11,0,6
BRDA:150,11,1,5
BRDA:153,12,0,348
BRDA:153,12,1,258
BRDA:156,13,0,4
BRDA:156,13,1,4
BRDA:159,14,0,9
BRDA:159,14,1,3
BRDA:159,15,0,9
BRDA:159,15,1,4
BRDA:181,16,0,6
BRDA:181,16,1,3
BRDA:186,17,0,5
BRDA:191,18,0,1
BRDA:191,18,1,4
BRDA:195,19,0,1
BRDA:195,19,1,4
BRF:41
BRH:38
end_of_record
TN:
SF:src/utils/message-bus.ts
FN:50,(anonymous_0)
FN:52,(anonymous_1)
FN:54,(anonymous_2)
FN:56,(anonymous_3)
FN:58,(anonymous_4)
FN:60,(anonymous_5)
FN:62,(anonymous_6)
FN:64,(anonymous_7)
FN:66,(anonymous_8)
FN:68,(anonymous_9)
FN:70,(anonymous_10)
FN:74,isValidMessageType
FN:78,validatePayload
FN:88,(anonymous_13)
FN:91,(anonymous_14)
FN:94,(anonymous_15)
FN:104,(anonymous_16)
FN:116,(anonymous_17)
FN:126,(anonymous_18)
FN:147,(anonymous_19)
FN:148,(anonymous_20)
FN:161,(anonymous_21)
FN:180,(anonymous_22)
FN:197,(anonymous_23)
FN:201,(anonymous_24)
FN:202,(anonymous_25)
FN:204,(anonymous_26)
FN:212,(anonymous_27)
FN:245,(anonymous_28)
FN:249,(anonymous_29)
FN:250,(anonymous_30)
FNF:31
FNH:7
FNDA:0,(anonymous_0)
FNDA:0,(anonymous_1)
FNDA:0,(anonymous_2)
FNDA:0,(anonymous_3)
FNDA:0,(anonymous_4)
FNDA:0,(anonymous_5)
FNDA:0,(anonymous_6)
FNDA:0,(anonymous_7)
FNDA:0,(anonymous_8)
FNDA:0,(anonymous_9)
FNDA:0,(anonymous_10)
FNDA:344,isValidMessageType
FNDA:3,validatePayload
FNDA:73,(anonymous_13)
FNDA:1,(anonymous_14)
FNDA:0,(anonymous_15)
FNDA:341,(anonymous_16)
FNDA:0,(anonymous_17)
FNDA:0,(anonymous_18)
FNDA:0,(anonymous_19)
FNDA:0,(anonymous_20)
FNDA:0,(anonymous_21)
FNDA:2,(anonymous_22)
FNDA:0,(anonymous_23)
FNDA:0,(anonymous_24)
FNDA:0,(anonymous_25)
FNDA:0,(anonymous_26)
FNDA:1,(anonymous_27)
FNDA:0,(anonymous_28)
FNDA:0,(anonymous_29)
FNDA:0,(anonymous_30)
DA:12,3
DA:47,3
DA:50,0
DA:52,0
DA:54,0
DA:56,0
DA:58,0
DA:60,0
DA:62,0
DA:64,0
DA:66,0
DA:68,0
DA:70,0
DA:75,344
DA:79,3
DA:80,3
DA:84,3
DA:85,3
DA:86,3
DA:89,73
DA:91,2
DA:92,1
DA:95,0
DA:96,0
DA:98,1
DA:101,2
DA:105,341
DA:106,0
DA:109,341
DA:110,341
DA:111,341
DA:113,341
DA:117,0
DA:118,0
DA:119,0
DA:120,0
DA:121,0
DA:131,0
DA:132,0
DA:135,0
DA:136,0
DA:139,0
DA:140,0
DA:147,0
DA:148,0
DA:149,0
DA:150,0
DA:151,0
DA:152,0
DA:155,0
DA:161,0
DA:162,0
DA:163,0
DA:164,0
DA:165,0
DA:167,0
DA:168,0
DA:169,0
DA:170,0
DA:171,0
DA:173,0
DA:181,2
DA:182,0
DA:183,0
DA:186,2
DA:187,0
DA:188,0
DA:191,2
DA:197,2
DA:201,2
DA:202,0
DA:203,0
DA:204,0
DA:216,1
DA:217,0
DA:218,0
DA:221,1
DA:222,0
DA:223,0
DA:226,1
DA:227,1
DA:228,1
DA:229,1
DA:232,0
DA:233,0
DA:235,0
DA:236,0
DA:238,0
DA:240,0
DA:241,0
DA:246,0
DA:250,0
DA:251,0
DA:252,0
DA:254,0
DA:258,3
LF:96
LH:30
BRDA:50,0,0,0
BRDA:50,0,1,0
BRDA:52,1,0,0
BRDA:52,1,1,0
BRDA:54,2,0,0
BRDA:54,2,1,0
BRDA:56,3,0,0
BRDA:56,3,1,0
BRDA:58,4,0,0
BRDA:58,4,1,0
BRDA:58,4,2,0
BRDA:60,5,0,0
BRDA:60,5,1,0
BRDA:61,6,0,0
BRDA:61,6,1,0
BRDA:62,7,0,0
BRDA:62,7,1,0
BRDA:64,8,0,0
BRDA:64,8,1,0
BRDA:66,9,0,0
BRDA:66,9,1,0
BRDA:68,10,0,0
BRDA:68,10,1,0
BRDA:70,11,0,0
BRDA:70,11,1,0
BRDA:75,12,0,344
BRDA:75,12,1,344
BRDA:80,13,0,0
BRDA:80,13,1,3
BRDA:89,14,0,71
BRDA:89,14,1,2
BRDA:105,15,0,0
BRDA:105,15,1,341
BRDA:109,16,0,341
BRDA:109,16,1,9
BRDA:110,17,0,341
BRDA:110,17,1,0
BRDA:118,18,0,0
BRDA:118,18,1,0
BRDA:120,19,0,0
BRDA:120,19,1,0
BRDA:129,20,0,0
BRDA:131,21,0,0
BRDA:131,21,1,0
BRDA:135,22,0,0
BRDA:135,22,1,0
BRDA:163,23,0,0
BRDA:163,23,1,0
BRDA:167,24,0,0
BRDA:167,24,1,0
BRDA:169,25,0,0
BRDA:169,25,1,0
BRDA:170,26,0,0
BRDA:170,26,1,0
BRDA:171,27,0,0
BRDA:171,27,1,0
BRDA:181,28,0,0
BRDA:181,28,1,2
BRDA:186,29,0,0
BRDA:186,29,1,2
BRDA:203,30,0,0
BRDA:203,30,1,0
BRDA:216,31,0,0
BRDA:216,31,1,1
BRDA:221,32,0,0
BRDA:221,32,1,1
BRDA:227,33,0,1
BRDA:227,33,1,0
BRDA:227,34,0,1
BRDA:227,34,1,0
BRF:70
BRH:15
end_of_record
TN:
SF:src/utils/penalty-decay.ts
FN:3,calculateDecayFactor
FN:8,calculateDecayedPenalty
FN:13,getDecayPercentage
FNF:3
FNH:3
FNDA:73,calculateDecayFactor
FNDA:41,calculateDecayedPenalty
FNDA:8,getDecayPercentage
DA:1,1
DA:4,73
DA:5,73
DA:9,41
DA:10,41
DA:14,8
LF:6
LH:6
BRF:0
BRH:0
end_of_record
TN:
SF:src/utils/sanitizer.ts
FN:12,sanitizeUrl
FN:31,sanitizeStackTrace
FN:44,(anonymous_2)
FN:51,(anonymous_3)
FNF:4
FNH:4
FNDA:11,sanitizeUrl
FNDA:19,sanitizeStackTrace
FNDA:1,(anonymous_2)
FNDA:46,(anonymous_3)
DA:13,11
DA:15,9
DA:16,9
DA:18,9
DA:21,1
DA:32,19
DA:34,12
DA:41,12
DA:44,12
DA:46,1
DA:47,1
DA:51,12
DA:52,46
DA:53,46
DA:57,12
DA:60,12
DA:62,12
DA:65,0
LF:18
LH:17
BRDA:13,0,0,2
BRDA:13,0,1,9
BRDA:32,1,0,7
BRDA:32,1,1,12
BRDA:47,2,0,1
BRDA:47,2,1,0
BRDA:53,3,0,46
BRDA:53,3,1,0
BRF:8
BRH:6
end_of_record
TN:
SF:src/utils/tab-manager.ts
FN:21,(anonymous_0)
FN:24,(anonymous_1)
FN:25,(anonymous_2)
FN:28,(anonymous_3)
FN:31,(anonymous_4)
FN:37,(anonymous_5)
FN:63,(anonymous_6)
FN:77,(anonymous_7)
FN:117,(anonymous_8)
FN:139,(anonymous_9)
FN:150,(anonymous_10)
FN:154,(anonymous_11)
FN:158,(anonymous_12)
FN:162,(anonymous_13)
FN:170,(anonymous_14)
FN:178,(anonymous_15)
FN:182,(anonymous_16)
FN:190,(anonymous_17)
FN:191,(anonymous_18)
FN:195,(anonymous_19)
FNF:20
FNH:3
FNDA:0,(anonymous_0)
FNDA:0,(anonymous_1)
FNDA:0,(anonymous_2)
FNDA:0,(anonymous_3)
FNDA:0,(anonymous_4)
FNDA:0,(anonymous_5)
FNDA:0,(anonymous_6)
FNDA:0,(anonymous_7)
FNDA:0,(anonymous_8)
FNDA:0,(anonymous_9)
FNDA:0,(anonymous_10)
FNDA:0,(anonymous_11)
FNDA:1,(anonymous_12)
FNDA:0,(anonymous_13)
FNDA:0,(anonymous_14)
FNDA:1,(anonymous_15)
FNDA:1,(anonymous_16)
FNDA:0,(anonymous_17)
FNDA:0,(anonymous_18)
FNDA:0,(anonymous_19)
DA:17,1
DA:18,1
DA:19,1
DA:22,0
DA:24,0
DA:25,0
DA:26,0
DA:28,0
DA:29,0
DA:31,0
DA:33,0
DA:34,0
DA:38,0
DA:39,0
DA:40,0
DA:41,0
DA:42,0
DA:52,0
DA:53,0
DA:59,0
DA:64,0
DA:66,0
DA:82,0
DA:84,0
DA:85,0
DA:86,0
DA:87,0
DA:91,0
DA:92,0
DA:99,0
DA:110,0
DA:118,0
DA:119,0
DA:120,0
DA:121,0
DA:125,0
DA:127,0
DA:128,0
DA:129,0
DA:130,0
DA:133,0
DA:140,0
DA:142,0
DA:143,0
DA:147,0
DA:151,0
DA:155,0
DA:159,1
DA:163,0
DA:164,0
DA:165,0
DA:166,0
DA:171,0
DA:172,0
DA:173,0
DA:174,0
DA:179,1
DA:187,1
DA:188,1
DA:190,0
DA:191,0
DA:196,0
DA:198,0
DA:199,0
DA:200,0
DA:206,1
LF:66
LH:8
BRDA:22,0,0,0
BRDA:22,0,1,0
BRDA:41,1,0,0
BRDA:41,1,1,0
BRDA:44,2,0,0
BRDA:44,2,1,0
BRDA:52,3,0,0
BRDA:52,3,1,0
BRDA:64,4,0,0
BRDA:64,4,1,0
BRDA:68,5,0,0
BRDA:68,5,1,0
BRDA:84,6,0,0
BRDA:84,6,1,0
BRDA:85,7,0,0
BRDA:85,7,1,0
BRDA:91,8,0,0
BRDA:91,8,1,0
BRDA:93,9,0,0
BRDA:93,9,1,0
BRDA:94,10,0,0
BRDA:94,10,1,0
BRDA:95,11,0,0
BRDA:95,11,1,0
BRDA:101,12,0,0
BRDA:101,12,1,0
BRDA:118,13,0,0
BRDA:118,13,1,0
BRDA:120,14,0,0
BRDA:120,14,1,0
BRDA:128,15,0,0
BRDA:128,15,1,0
BRDA:142,16,0,0
BRDA:142,16,1,0
BRDA:155,17,0,0
BRDA:155,17,1,0
BRDA:164,18,0,0
BRDA:164,18,1,0
BRDA:172,19,0,0
BRDA:172,19,1,0
BRDA:179,20,0,1
BRDA:179,20,1,1
BRDA:199,21,0,0
BRDA:199,21,1,0
BRDA:199,22,0,0
BRDA:199,22,1,0
BRF:46
BRH:2
end_of_record
TN:
SF:src/utils/theme-helper.ts
FN:6,(anonymous_0)
FN:19,(anonymous_1)
FN:32,(anonymous_2)
FN:33,(anonymous_3)
FN:42,(anonymous_4)
FN:47,(anonymous_5)
FN:53,(anonymous_6)
FNF:7
FNH:7
FNDA:2,(anonymous_0)
FNDA:2,(anonymous_1)
FNDA:2,(anonymous_2)
FNDA:8,(anonymous_3)
FNDA:4,(anonymous_4)
FNDA:2,(anonymous_5)
FNDA:3,(anonymous_6)
DA:7,17
DA:8,17
DA:9,15
DA:10,13
DA:12,2
DA:14,2
DA:15,2
DA:20,4
DA:21,4
DA:25,3
DA:27,1
DA:28,1
DA:33,14
DA:34,8
DA:35,8
DA:36,8
DA:40,14
DA:42,14
DA:43,4
DA:48,6
DA:49,6
DA:51,6
DA:53,6
DA:54,3
DA:55,3
LF:25
LH:25
BRDA:9,0,0,13
BRDA:9,0,1,2
BRDA:9,1,0,15
BRDA:9,1,1,13
BRDA:34,2,0,8
BRDA:34,2,1,0
BRDA:34,3,0,8
BRDA:34,3,1,8
BRF:8
BRH:7
end_of_record
TN:
SF:src/utils/theme-manager.ts
FN:11,(anonymous_0)
FN:20,(anonymous_1)
FN:27,(anonymous_2)
FN:43,(anonymous_3)
FN:60,(anonymous_4)
FN:79,(anonymous_5)
FN:91,(anonymous_6)
FN:104,(anonymous_7)
FN:111,(anonymous_8)
FN:114,(anonymous_9)
FN:115,(anonymous_10)
FN:119,(anonymous_11)
FN:120,(anonymous_12)
FN:129,(anonymous_13)
FN:133,(anonymous_14)
FNF:15
FNH:15
FNDA:5,(anonymous_0)
FNDA:5,(anonymous_1)
FNDA:5,(anonymous_2)
FNDA:5,(anonymous_3)
FNDA:5,(anonymous_4)
FNDA:4,(anonymous_5)
FNDA:5,(anonymous_6)
FNDA:5,(anonymous_7)
FNDA:5,(anonymous_8)
FNDA:2,(anonymous_9)
FNDA:3,(anonymous_10)
FNDA:5,(anonymous_11)
FNDA:11,(anonymous_12)
FNDA:5,(anonymous_13)
FNDA:5,(anonymous_14)
DA:7,5
DA:8,5
DA:9,5
DA:12,31
DA:13,1
DA:16,30
DA:17,30
DA:21,81
DA:22,26
DA:24,55
DA:28,83
DA:29,1
DA:32,82
DA:34,82
DA:35,39
DA:36,39
DA:38,43
DA:39,43
DA:44,37
DA:45,37
DA:46,37
DA:48,37
DA:49,16
DA:51,21
DA:54,37
DA:61,37
DA:62,37
DA:63,37
DA:65,37
DA:66,7
DA:68,30
DA:71,37
DA:73,37
DA:79,4
DA:80,4
DA:81,0
DA:84,4
DA:85,4
DA:86,4
DA:88,4
DA:92,23
DA:93,0
DA:96,23
DA:97,20
DA:100,23
DA:101,23
DA:105,152
DA:106,27
DA:107,27
DA:112,11
DA:114,11
DA:115,3
DA:120,41
DA:121,11
DA:122,11
DA:124,1
DA:130,3
DA:134,101
DA:135,101
DA:136,101
DA:137,101
LF:61
LH:59
BRDA:12,0,0,1
BRDA:12,0,1,30
BRDA:17,1,0,10
BRDA:17,1,1,20
BRDA:21,2,0,26
BRDA:21,2,1,55
BRDA:28,3,0,1
BRDA:28,3,1,82
BRDA:34,4,0,39
BRDA:34,4,1,43
BRDA:48,5,0,16
BRDA:48,5,1,21
BRDA:65,6,0,7
BRDA:65,6,1,30
BRDA:80,7,0,0
BRDA:80,7,1,4
BRDA:84,8,0,3
BRDA:84,8,1,1
BRDA:92,9,0,0
BRDA:92,9,1,23
BRDA:96,10,0,20
BRDA:96,10,1,3
BRDA:105,11,0,27
BRDA:105,11,1,125
BRDA:124,12,0,1
BRDA:124,12,1,0
BRF:26
BRH:23
end_of_record
TN:
SF:src/utils/type-guards.ts
FN:4,isError
FN:12,toError
FN:36,isMessageData
FN:46,isObject
FN:53,hasProperty
FN:63,isGetTrackerInfoData
FN:76,isConsentScanResult
FNF:7
FNH:7
FNDA:20,isError
FNDA:12,toError
FNDA:4,isMessageData
FNDA:66,isObject
FNDA:45,hasProperty
FNDA:6,isGetTrackerInfoData
FNDA:7,isConsentScanResult
DA:5,20
DA:13,12
DA:14,5
DA:17,7
DA:18,1
DA:21,6
DA:23,2
DA:24,2
DA:25,1
DA:30,5
DA:40,4
DA:47,66
DA:57,45
DA:66,6
DA:84,7
LF:15
LH:15
BRDA:13,0,0,5
BRDA:13,0,1,7
BRDA:17,1,0,1
BRDA:17,1,1,6
BRDA:21,2,0,2
BRDA:21,2,1,4
BRDA:21,3,0,6
BRDA:21,3,1,3
BRDA:24,4,0,1
BRDA:24,4,1,1
BRDA:24,5,0,2
BRDA:24,5,1,1
BRDA:47,6,0,66
BRDA:47,6,1,59
BRDA:57,7,0,45
BRDA:57,7,1,42
BRDA:67,8,0,6
BRDA:67,8,1,4
BRDA:67,8,2,2
BRDA:85,9,0,7
BRDA:85,9,1,7
BRDA:85,9,2,7
BRDA:85,9,3,6
BRDA:85,9,4,6
BRDA:85,9,5,6
BRDA:85,9,6,5
BRDA:85,9,7,5
BRDA:85,9,8,5
BRDA:85,9,9,5
BRDA:85,9,10,5
BRDA:85,9,11,4
BRDA:85,9,12,4
BRF:32
BRH:32
end_of_record
TN:
SF:src/utils/validation.ts
FN:29,validateEmail
FN:73,sanitizeUrlForBurner
FN:107,validateFeedbackPayload
FN:165,validateEventPayload
FN:215,validateComplianceScore
FN:235,isPlainObject
FN:239,sanitizeOptionalUrl
FNF:7
FNH:5
FNDA:0,validateEmail
FNDA:0,sanitizeUrlForBurner
FNDA:12,validateFeedbackPayload
FNDA:10,validateEventPayload
FNDA:12,validateComplianceScore
FNDA:40,isPlainObject
FNDA:3,sanitizeOptionalUrl
DA:30,0
DA:31,0
DA:34,0
DA:36,0
DA:37,0
DA:40,0
DA:41,0
DA:45,0
DA:46,0
DA:47,0
DA:50,0
DA:52,0
DA:53,0
DA:56,0
DA:57,0
DA:60,0
DA:74,0
DA:75,0
DA:78,0
DA:79,0
DA:80,0
DA:83,0
DA:87,6
DA:88,6
DA:89,6
DA:90,6
DA:91,6
DA:108,12
DA:109,1
DA:112,11
DA:118,11
DA:119,1
DA:122,10
DA:123,10
DA:124,2
DA:127,8
DA:128,1
DA:132,7
DA:133,4
DA:134,1
DA:137,3
DA:138,3
DA:139,1
DA:141,2
DA:145,5
DA:146,4
DA:147,1
DA:149,3
DA:150,3
DA:151,1
DA:155,4
DA:166,10
DA:167,1
DA:170,9
DA:175,9
DA:176,1
DA:179,8
DA:180,8
DA:181,1
DA:184,7
DA:185,1
DA:189,6
DA:190,6
DA:191,2
DA:194,4
DA:195,4
DA:196,4
DA:197,1
DA:200,2
DA:202,1
DA:206,2
DA:216,12
DA:217,1
DA:220,11
DA:221,11
DA:222,4
DA:225,7
DA:226,3
DA:229,4
DA:236,40
DA:240,3
DA:241,3
DA:242,0
DA:245,3
DA:246,3
DA:247,3
DA:248,3
DA:249,0
DA:251,2
DA:253,1
LF:90
LH:66
BRDA:30,0,0,0
BRDA:30,0,1,0
BRDA:30,1,0,0
BRDA:30,1,1,0
BRDA:36,2,0,0
BRDA:36,2,1,0
BRDA:40,3,0,0
BRDA:40,3,1,0
BRDA:46,4,0,0
BRDA:46,4,1,0
BRDA:52,5,0,0
BRDA:52,5,1,0
BRDA:56,6,0,0
BRDA:56,6,1,0
BRDA:74,7,0,0
BRDA:74,7,1,0
BRDA:108,8,0,1
BRDA:108,8,1,11
BRDA:118,9,0,1
BRDA:118,9,1,10
BRDA:123,10,0,2
BRDA:123,10,1,8
BRDA:127,11,0,1
BRDA:127,11,1,7
BRDA:132,12,0,4
BRDA:132,12,1,3
BRDA:133,13,0,1
BRDA:133,13,1,3
BRDA:138,14,0,1
BRDA:138,14,1,2
BRDA:145,15,0,4
BRDA:145,15,1,1
BRDA:146,16,0,1
BRDA:146,16,1,3
BRDA:150,17,0,1
BRDA:150,17,1,2
BRDA:159,18,0,2
BRDA:159,18,1,2
BRDA:160,19,0,2
BRDA:160,19,1,2
BRDA:166,20,0,1
BRDA:166,20,1,9
BRDA:175,21,0,1
BRDA:175,21,1,8
BRDA:180,22,0,1
BRDA:180,22,1,7
BRDA:184,23,0,1
BRDA:184,23,1,6
BRDA:189,24,0,6
BRDA:189,24,1,0
BRDA:190,25,0,2
BRDA:190,25,1,4
BRDA:196,26,0,1
BRDA:196,26,1,3
BRDA:210,27,0,2
BRDA:210,27,1,0
BRDA:216,28,0,1
BRDA:216,28,1,11
BRDA:221,29,0,4
BRDA:221,29,1,7
BRDA:221,30,0,11
BRDA:221,30,1,9
BRDA:221,30,2,8
BRDA:225,31,0,3
BRDA:225,31,1,4
BRDA:225,32,0,7
BRDA:225,32,1,6
BRDA:236,33,0,40
BRDA:236,33,1,35
BRDA:236,33,2,35
BRDA:241,34,0,0
BRDA:241,34,1,3
BRDA:248,35,0,0
BRDA:248,35,1,3
BRDA:248,36,0,3
BRDA:248,36,1,2
BRF:76
BRH:56
end_of_record
